#
# There is insufficient memory for the Java Runtime Environment to continue.
# Native memory allocation (malloc) failed to allocate 22536 bytes for AllocateHeap
# Possible reasons:
#   The system is out of physical RAM or swap space
#   In 32 bit mode, the process size limit was hit
# Possible solutions:
#   Reduce memory load on the system
#   Increase physical memory or swap space
#   Check if swap backing store is full
#   Use 64 bit Java on a 64 bit OS
#   Decrease Java heap size (-Xmx/-Xms)
#   Decrease number of Java threads
#   Decrease Java thread stack sizes (-Xss)
#   Set larger code cache with -XX:ReservedCodeCacheSize=
# This output file may be truncated or incomplete.
#
#  Out of Memory Error (memory/allocation.inline.hpp:62), pid=13688, tid=16308
#
# JRE version:  (8.0_31-b13) (build )
# Java VM: Java HotSpot(TM) 64-Bit Server VM (25.31-b07 mixed mode windows-amd64 compressed oops)
# Failed to write core dump. Minidumps are not enabled by default on client versions of Windows
#

---------------  T H R E A D  ---------------

Current thread (0x0000000002c71000):  JavaThread "Reference Handler" daemon [_thread_in_vm, id=16308, stack(0x0000000017590000,0x0000000017690000)]

Stack: [0x0000000017590000,0x0000000017690000]
Native frames: (J=compiled Java code, j=interpreted, Vv=VM code, C=native code)
V  [jvm.dll+0x3169ba]

Java frames: (J=compiled Java code, j=interpreted, Vv=VM code)
j  java.lang.Object.wait(J)V+0
j  java.lang.Object.wait()V+2
j  java.lang.ref.Reference$ReferenceHandler.run()V+36
v  ~StubRoutines::call_stub

---------------  P R O C E S S  ---------------

Java Threads: ( => current thread )
  0x0000000002c72000 JavaThread "Finalizer" daemon [_thread_blocked, id=13724, stack(0x0000000017690000,0x0000000017790000)]
=>0x0000000002c71000 JavaThread "Reference Handler" daemon [_thread_in_vm, id=16308, stack(0x0000000017590000,0x0000000017690000)]
  0x0000000002b81000 JavaThread "main" [_thread_in_vm, id=11916, stack(0x0000000002a40000,0x0000000002b40000)]

Other Threads:
  0x00000000157b8800 VMThread [stack: 0x0000000017490000,0x0000000017590000] [id=10476]

VM state:not at safepoint (normal execution)

VM Mutex/Monitor currently owned by a thread: None

Heap:
 PSYoungGen      total 76288K, used 2621K [0x00000000eab00000, 0x00000000f0000000, 0x0000000100000000)
  eden space 65536K, 4% used [0x00000000eab00000,0x00000000ead8f678,0x00000000eeb00000)
  from space 10752K, 0% used [0x00000000ef580000,0x00000000ef580000,0x00000000f0000000)
  to   space 10752K, 0% used [0x00000000eeb00000,0x00000000eeb00000,0x00000000ef580000)
 ParOldGen       total 175104K, used 0K [0x00000000c0000000, 0x00000000cab00000, 0x00000000eab00000)
  object space 175104K, 0% used [0x00000000c0000000,0x00000000c0000000,0x00000000cab00000)
 Metaspace       used 870K, capacity 4480K, committed 4480K, reserved 1056768K
  class space    used 91K, capacity 384K, committed 384K, reserved 1048576K

Card table byte_map: [0x0000000012040000,0x0000000012250000] byte_map_base: 0x0000000011a40000

Marking Bits: (ParMarkBitMap*) 0x0000000069b6d4f0
 Begin Bits: [0x0000000012bb0000, 0x0000000013bb0000)
 End Bits:   [0x0000000013bb0000, 0x0000000014bb0000)

Polling page: 0x0000000002b40000

CodeCache: size=245760Kb used=401Kb max_used=401Kb free=245358Kb
 bounds [0x0000000002c80000, 0x0000000002ef0000, 0x0000000011c80000]
 total_blobs=99 nmethods=0 adapters=74
 compilation: enabled

Compilation events (0 events):
No events

GC Heap History (0 events):
No events

Deoptimization events (0 events):
No events

Internal exceptions (0 events):
No events

Events (10 events):
Event: 0.025 loading class java/lang/ref/Reference$ReferenceHandler
Event: 0.025 loading class java/lang/ref/Reference$ReferenceHandler done
Event: 0.025 Thread 0x0000000002c71000 Thread added: 0x0000000002c71000
Event: 0.025 loading class java/lang/ref/ReferenceQueue
Event: 0.025 loading class java/lang/ref/ReferenceQueue done
Event: 0.025 loading class java/lang/ref/ReferenceQueue$Null
Event: 0.025 loading class java/lang/ref/ReferenceQueue$Null done
Event: 0.025 loading class java/lang/ref/ReferenceQueue$Lock
Event: 0.025 loading class java/lang/ref/ReferenceQueue$Lock done
Event: 0.025 loading class java/lang/ref/Finalizer$FinalizerThread


Dynamic libraries:
0x00007ff7bf600000 - 0x00007ff7bf634000 	C:\Program Files\Java\jdk1.8.0_31\bin\java.exe
0x00007ffe5e4d0000 - 0x00007ffe5e67d000 	C:\Windows\SYSTEM32\ntdll.dll
0x00007ffe5bb50000 - 0x00007ffe5bc8e000 	C:\Windows\system32\KERNEL32.DLL
0x00007ffe5b740000 - 0x00007ffe5b855000 	C:\Windows\system32\KERNELBASE.dll
0x00007ffe5a1a0000 - 0x00007ffe5a22e000 	C:\Windows\system32\apphelp.dll
0x00007ffe4c450000 - 0x00007ffe4c4a3000 	C:\Windows\AppPatch\AppPatch64\AcGenral.DLL
0x00007ffe5c3e0000 - 0x00007ffe5c48a000 	C:\Windows\system32\msvcrt.dll
0x00007ffe5b4c0000 - 0x00007ffe5b4ee000 	C:\Windows\SYSTEM32\SspiCli.dll
0x00007ffe5c380000 - 0x00007ffe5c3d4000 	C:\Windows\system32\SHLWAPI.dll
0x00007ffe5e1b0000 - 0x00007ffe5e327000 	C:\Windows\system32\USER32.dll
0x00007ffe5c720000 - 0x00007ffe5c8b4000 	C:\Windows\system32\ole32.dll
0x00007ffe5c8c0000 - 0x00007ffe5ddea000 	C:\Windows\system32\SHELL32.dll
0x00007ffe5ac40000 - 0x00007ffe5ac61000 	C:\Windows\SYSTEM32\USERENV.dll
0x00007ffe5e420000 - 0x00007ffe5e4ca000 	C:\Windows\system32\ADVAPI32.dll
0x00007ffe50e80000 - 0x00007ffe50e9e000 	C:\Windows\SYSTEM32\MPR.dll
0x00007ffe5bc90000 - 0x00007ffe5bdd1000 	C:\Windows\system32\RPCRT4.dll
0x00007ffe5c490000 - 0x00007ffe5c4e9000 	C:\Windows\SYSTEM32\sechost.dll
0x00007ffe5c4f0000 - 0x00007ffe5c701000 	C:\Windows\SYSTEM32\combase.dll
0x00007ffe5c0f0000 - 0x00007ffe5c240000 	C:\Windows\system32\GDI32.dll
0x00007ffe5b620000 - 0x00007ffe5b635000 	C:\Windows\SYSTEM32\profapi.dll
0x00007ffe5a0b0000 - 0x00007ffe5a162000 	C:\Windows\SYSTEM32\SHCORE.dll
0x00007ffe5ddf0000 - 0x00007ffe5de26000 	C:\Windows\system32\IMM32.DLL
0x00007ffe5bf90000 - 0x00007ffe5c0e2000 	C:\Windows\system32\MSCTF.dll
0x00007ffe596f0000 - 0x00007ffe5996b000 	C:\Windows\WinSxS\amd64_microsoft.windows.common-controls_6595b64144ccf1df_6.0.9600.18006_none_623f33d3ecbe86e8\COMCTL32.dll
0x000000006abd0000 - 0x000000006aca2000 	C:\Program Files\Java\jdk1.8.0_31\jre\bin\msvcr100.dll
0x0000000069390000 - 0x0000000069bea000 	C:\Program Files\Java\jdk1.8.0_31\jre\bin\server\jvm.dll
0x00007ffe445c0000 - 0x00007ffe445c9000 	C:\Windows\SYSTEM32\WSOCK32.dll
0x00007ffe591f0000 - 0x00007ffe59212000 	C:\Windows\SYSTEM32\WINMM.dll
0x00007ffe5e1a0000 - 0x00007ffe5e1a7000 	C:\Windows\system32\PSAPI.DLL
0x00007ffe5c250000 - 0x00007ffe5c2aa000 	C:\Windows\system32\WS2_32.dll
0x00007ffe59100000 - 0x00007ffe5912a000 	C:\Windows\SYSTEM32\WINMMBASE.dll
0x00007ffe5c370000 - 0x00007ffe5c379000 	C:\Windows\system32\NSI.dll
0x00007ffe5b6f0000 - 0x00007ffe5b73f000 	C:\Windows\SYSTEM32\cfgmgr32.dll
0x00007ffe5a410000 - 0x00007ffe5a438000 	C:\Windows\SYSTEM32\DEVOBJ.dll
0x000000006b080000 - 0x000000006b08f000 	C:\Program Files\Java\jdk1.8.0_31\jre\bin\verify.dll
0x000000006b050000 - 0x000000006b078000 	C:\Program Files\Java\jdk1.8.0_31\jre\bin\java.dll
0x000000006b030000 - 0x000000006b046000 	C:\Program Files\Java\jdk1.8.0_31\jre\bin\zip.dll

VM Arguments:
jvm_args: -Djava.awt.headless=true -Xmx1024M -Dfile.encoding=windows-1252 -Duser.country=FR -Duser.language=fr -Duser.variant 
java_command: com.android.dx.command.Main --dex --num-threads=4 --output D:\AndroidStudioProjects\App2\app\build\intermediates\pre-dexed\debug\com.google.android.gms-play-services-measurement-8.4.0_9027a2e8f79b80465d944c91b316d78e9d3e1722.jar D:\AndroidStudioProjects\App2\app\build\intermediates\exploded-aar\com.google.android.gms\play-services-measurement\8.4.0\jars\classes.jar
java_class_path (initial): D:\Android_SDK\build-tools\23.0.3\lib\dx.jar
Launcher Type: SUN_STANDARD

Environment Variables:
JAVA_HOME=C:\Program Files\Java\jdk1.8.0_31
PATH=C:\ProgramData\Oracle\Java\javapath;c:\Rtools\bin;c:\Rtools\gcc-4.6.3\bin;C:\Program Files (x86)\NVIDIA Corporation\PhysX\Common;C:\Program Files (x86)\Intel\iCLS Client\;C:\Program Files\Intel\iCLS Client\;C:\Windows\system32;C:\Windows;C:\Windows\System32\Wbem;C:\Windows\System32\WindowsPowerShell\v1.0\;C:\Program Files\Intel\Intel(R) Management Engine Components\DAL;C:\Program Files\Intel\Intel(R) Management Engine Components\IPT;C:\Program Files (x86)\Intel\Intel(R) Management Engine Components\DAL;C:\Program Files (x86)\Intel\Intel(R) Management Engine Components\IPT;C:\Program Files (x86)\QuickTime\QTSystem\;C:\Program Files\Java\jdk1.8.0_20\jre\bin\server;C:\Python34\;C:\Python34\Scripts;C:\Python34\Lib\site-packages\django\bin\;C:\Program Files\Java\jdk1.8.0_31\bin;C:\Program Files (x86)\Skype\Phone\
USERNAME=Jacques
OS=Windows_NT
PROCESSOR_IDENTIFIER=Intel64 Family 6 Model 60 Stepping 3, GenuineIntel



---------------  S Y S T E M  ---------------

OS: Windows 8.1 , 64 bit Build 9600 

CPU:total 8 (4 cores per cpu, 2 threads per core) family 6 model 60 stepping 3, cmov, cx8, fxsr, mmx, sse, sse2, sse3, ssse3, sse4.1, sse4.2, popcnt, avx, avx2, aes, clmul, erms, lzcnt, ht, tsc, tscinvbit, bmi1, bmi2

Memory: 4k page, physical 16657364k(3926444k free), swap 19803092k(4804k free)

vm_info: Java HotSpot(TM) 64-Bit Server VM (25.31-b07) for windows-amd64 JRE (1.8.0_31-b13), built on Dec 17 2014 21:00:28 by "java_re" with MS VC++ 10.0 (VS2010)

time: Wed Apr 27 01:56:48 2016
elapsed time: 0 seconds (0d 0h 0m 0s)

