#
# There is insufficient memory for the Java Runtime Environment to continue.
# Native memory allocation (malloc) failed to allocate 64816 bytes for Chunk::new
# Possible reasons:
#   The system is out of physical RAM or swap space
#   In 32 bit mode, the process size limit was hit
# Possible solutions:
#   Reduce memory load on the system
#   Increase physical memory or swap space
#   Check if swap backing store is full
#   Use 64 bit Java on a 64 bit OS
#   Decrease Java heap size (-Xmx/-Xms)
#   Decrease number of Java threads
#   Decrease Java thread stack sizes (-Xss)
#   Set larger code cache with -XX:ReservedCodeCacheSize=
# This output file may be truncated or incomplete.
#
#  Out of Memory Error (allocation.cpp:390), pid=14116, tid=18200
#
# JRE version: Java(TM) SE Runtime Environment (8.0_31-b13) (build 1.8.0_31-b13)
# Java VM: Java HotSpot(TM) 64-Bit Server VM (25.31-b07 mixed mode windows-amd64 compressed oops)
# Failed to write core dump. Minidumps are not enabled by default on client versions of Windows
#

---------------  T H R E A D  ---------------

Current thread (0x0000000016f66000):  JavaThread "C2 CompilerThread0" daemon [_thread_in_native, id=18200, stack(0x0000000017540000,0x0000000017640000)]

Stack: [0x0000000017540000,0x0000000017640000]
Native frames: (J=compiled Java code, j=interpreted, Vv=VM code, C=native code)
V  [jvm.dll+0x3169ba]


Current CompileTask:
C2:   3630 1477       4       java.util.TreeMap::put (247 bytes)


---------------  P R O C E S S  ---------------

Java Threads: ( => current thread )
  0x0000000017b7b000 JavaThread "pool-1-thread-4" [_thread_in_Java, id=18620, stack(0x0000000018740000,0x0000000018840000)]
  0x0000000017b7a000 JavaThread "pool-1-thread-3" [_thread_in_Java, id=13136, stack(0x0000000018640000,0x0000000018740000)]
  0x0000000017b79800 JavaThread "pool-1-thread-2" [_thread_blocked, id=17168, stack(0x0000000018540000,0x0000000018640000)]
  0x0000000017311000 JavaThread "pool-2-thread-1" [_thread_blocked, id=13112, stack(0x0000000018440000,0x0000000018540000)]
  0x000000001730e800 JavaThread "pool-1-thread-1" [_thread_in_Java, id=13980, stack(0x0000000018340000,0x0000000018440000)]
  0x0000000016fcc000 JavaThread "Service Thread" daemon [_thread_blocked, id=19032, stack(0x0000000017940000,0x0000000017a40000)]
  0x0000000016fc0000 JavaThread "C1 CompilerThread3" daemon [_thread_in_vm, id=18996, stack(0x0000000017840000,0x0000000017940000)]
  0x0000000016fbd000 JavaThread "C2 CompilerThread2" daemon [_thread_blocked, id=14440, stack(0x0000000017740000,0x0000000017840000)]
  0x0000000016fb6000 JavaThread "C2 CompilerThread1" daemon [_thread_in_native, id=14380, stack(0x0000000017640000,0x0000000017740000)]
=>0x0000000016f66000 JavaThread "C2 CompilerThread0" daemon [_thread_in_native, id=18200, stack(0x0000000017540000,0x0000000017640000)]
  0x0000000016f64800 JavaThread "Attach Listener" daemon [_thread_blocked, id=15972, stack(0x0000000017440000,0x0000000017540000)]
  0x0000000016f63800 JavaThread "Signal Dispatcher" daemon [_thread_blocked, id=17564, stack(0x0000000017340000,0x0000000017440000)]
  0x0000000002442000 JavaThread "Finalizer" daemon [_thread_blocked, id=12540, stack(0x0000000016e40000,0x0000000016f40000)]
  0x0000000002441000 JavaThread "Reference Handler" daemon [_thread_blocked, id=17928, stack(0x0000000016d40000,0x0000000016e40000)]
  0x0000000002351000 JavaThread "main" [_thread_in_Java, id=15600, stack(0x0000000002200000,0x0000000002300000)]

Other Threads:
  0x0000000014f68800 VMThread [stack: 0x0000000016c40000,0x0000000016d40000] [id=18436]
  0x0000000016fcc800 WatcherThread [stack: 0x0000000017a40000,0x0000000017b40000] [id=18260]

VM state:not at safepoint (normal execution)

VM Mutex/Monitor currently owned by a thread: None

Heap:
 PSYoungGen      total 76288K, used 65536K [0x00000000eab00000, 0x00000000f0000000, 0x0000000100000000)
  eden space 65536K, 100% used [0x00000000eab00000,0x00000000eeb00000,0x00000000eeb00000)
  from space 10752K, 0% used [0x00000000ef580000,0x00000000ef580000,0x00000000f0000000)
  to   space 10752K, 0% used [0x00000000eeb00000,0x00000000eeb00000,0x00000000ef580000)
 ParOldGen       total 175104K, used 0K [0x00000000c0000000, 0x00000000cab00000, 0x00000000eab00000)
  object space 175104K, 0% used [0x00000000c0000000,0x00000000c0000000,0x00000000cab00000)
 Metaspace       used 6132K, capacity 7088K, committed 7296K, reserved 1056768K
  class space    used 591K, capacity 616K, committed 640K, reserved 1048576K

Card table byte_map: [0x0000000011810000,0x0000000011a20000] byte_map_base: 0x0000000011210000

Marking Bits: (ParMarkBitMap*) 0x0000000069b6d4f0
 Begin Bits: [0x0000000012380000, 0x0000000013380000)
 End Bits:   [0x0000000013380000, 0x0000000014380000)

Polling page: 0x0000000000990000

CodeCache: size=245760Kb used=6197Kb max_used=6197Kb free=239562Kb
 bounds [0x0000000002450000, 0x0000000002a70000, 0x0000000011450000]
 total_blobs=1767 nmethods=1502 adapters=178
 compilation: enabled

Compilation events (10 events):
Event: 3.626 Thread 0x0000000016fc0000 nmethod 1509 0x0000000002a586d0 code [0x0000000002a58900, 0x0000000002a595e8]
Event: 3.626 Thread 0x0000000016fc0000 1499       3       com.android.dx.dex.file.ClassDataItem::addVirtualMethod (24 bytes)
Event: 3.627 Thread 0x0000000016fc0000 nmethod 1499 0x0000000002a4ce50 code [0x0000000002a4d000, 0x0000000002a4d678]
Event: 3.627 Thread 0x0000000016fc0000 1510   !   3       com.android.dx.cf.cst.ConstantPoolParser::determineOffsets (285 bytes)
Event: 3.627 Thread 0x0000000016fb6000 nmethod 1493 0x0000000002a5cbd0 code [0x0000000002a5cd60, 0x0000000002a5d1c8]
Event: 3.627 Thread 0x0000000016fb6000 1508   !   4       com.android.dx.cf.cst.ConstantPoolParser::parse0 (731 bytes)
Event: 3.628 Thread 0x0000000016fc0000 nmethod 1510 0x0000000002a59b50 code [0x0000000002a59ec0, 0x0000000002a5b8f8]
Event: 3.628 Thread 0x0000000016fc0000 1518       1       com.android.dx.cf.direct.AttributeListParser::setObserver (6 bytes)
Event: 3.628 Thread 0x0000000016fc0000 nmethod 1518 0x0000000002a21410 code [0x0000000002a21560, 0x0000000002a21690]
Event: 3.628 Thread 0x0000000016fc0000 1517       3       com.android.dx.cf.iface.StdAttributeList::byteLength (35 bytes)

GC Heap History (0 events):
No events

Deoptimization events (10 events):
Event: 1.041 Thread 0x0000000017b79800 Uncommon trap: reason=class_check action=maybe_recompile pc=0x00000000026a1a54 method=com.android.dx.ssa.NormalSsaInsn.accept(Lcom/android/dx/ssa/SsaInsn$Visitor;)V @ 9
Event: 1.041 Thread 0x0000000017b79800 Uncommon trap: reason=class_check action=maybe_recompile pc=0x00000000026a1a54 method=com.android.dx.ssa.NormalSsaInsn.accept(Lcom/android/dx/ssa/SsaInsn$Visitor;)V @ 9
Event: 1.041 Thread 0x0000000017b79800 Uncommon trap: reason=class_check action=maybe_recompile pc=0x00000000026924b0 method=com.android.dx.ssa.NormalSsaInsn.accept(Lcom/android/dx/ssa/SsaInsn$Visitor;)V @ 9
Event: 1.076 Thread 0x0000000017b7b000 Uncommon trap: reason=class_check action=maybe_recompile pc=0x0000000002681f28 method=com.android.dx.rop.type.Type.equals(Ljava/lang/Object;)Z @ 8
Event: 1.087 Thread 0x0000000017b7b000 Uncommon trap: reason=class_check action=maybe_recompile pc=0x0000000002681f28 method=com.android.dx.rop.type.Type.equals(Ljava/lang/Object;)Z @ 8
Event: 1.307 Thread 0x000000001730e800 Uncommon trap: reason=null_check action=make_not_entrant pc=0x000000000278cd2c method=com.android.dx.ssa.SsaRenamer.getLocalForNewReg(I)Lcom/android/dx/rop/code/LocalItem; @ 19
Event: 1.307 Thread 0x000000001730e800 Uncommon trap: reason=null_check action=make_not_entrant pc=0x000000000278120c method=com.android.dx.ssa.SsaRenamer.getLocalForNewReg(I)Lcom/android/dx/rop/code/LocalItem; @ 19
Event: 1.464 Thread 0x0000000017b7b000 Uncommon trap: reason=class_check action=maybe_recompile pc=0x0000000002681f28 method=com.android.dx.rop.type.Type.equals(Ljava/lang/Object;)Z @ 8
Event: 1.465 Thread 0x0000000017b7b000 Uncommon trap: reason=class_check action=maybe_recompile pc=0x0000000002681f28 method=com.android.dx.rop.type.Type.equals(Ljava/lang/Object;)Z @ 8
Event: 1.481 Thread 0x0000000017b7b000 Uncommon trap: reason=unreached action=reinterpret pc=0x00000000026fec9c method=com.android.dx.rop.cst.Constant.compareTo(Lcom/android/dx/rop/cst/Constant;)I @ 12

Internal exceptions (10 events):
Event: 1.952 Thread 0x0000000002351000 Exception <a 'java/security/PrivilegedActionException'> (0x00000000ed0afe40) thrown at [C:\workspace\8-2-build-windows-amd64-cygwin\jdk8u31\2394\hotspot\src\share\vm\prims\jvm.cpp, line 1312]
Event: 1.954 Thread 0x0000000002351000 Exception <a 'java/security/PrivilegedActionException'> (0x00000000ed0b9f50) thrown at [C:\workspace\8-2-build-windows-amd64-cygwin\jdk8u31\2394\hotspot\src\share\vm\prims\jvm.cpp, line 1312]
Event: 1.954 Thread 0x0000000002351000 Exception <a 'java/security/PrivilegedActionException'> (0x00000000ed0bc6a8) thrown at [C:\workspace\8-2-build-windows-amd64-cygwin\jdk8u31\2394\hotspot\src\share\vm\prims\jvm.cpp, line 1312]
Event: 1.956 Thread 0x0000000002351000 Exception <a 'java/security/PrivilegedActionException'> (0x00000000ed0da350) thrown at [C:\workspace\8-2-build-windows-amd64-cygwin\jdk8u31\2394\hotspot\src\share\vm\prims\jvm.cpp, line 1312]
Event: 1.967 Thread 0x000000001730e800 Exception <a 'java/security/PrivilegedActionException'> (0x00000000ed74ec18) thrown at [C:\workspace\8-2-build-windows-amd64-cygwin\jdk8u31\2394\hotspot\src\share\vm\prims\jvm.cpp, line 1312]
Event: 1.968 Thread 0x000000001730e800 Exception <a 'java/security/PrivilegedActionException'> (0x00000000ed754408) thrown at [C:\workspace\8-2-build-windows-amd64-cygwin\jdk8u31\2394\hotspot\src\share\vm\prims\jvm.cpp, line 1312]
Event: 1.968 Thread 0x000000001730e800 Exception <a 'java/security/PrivilegedActionException'> (0x00000000ed7599c8) thrown at [C:\workspace\8-2-build-windows-amd64-cygwin\jdk8u31\2394\hotspot\src\share\vm\prims\jvm.cpp, line 1312]
Event: 1.986 Thread 0x0000000002351000 Exception <a 'java/security/PrivilegedActionException'> (0x00000000eda91628) thrown at [C:\workspace\8-2-build-windows-amd64-cygwin\jdk8u31\2394\hotspot\src\share\vm\prims\jvm.cpp, line 1312]
Event: 1.987 Thread 0x0000000002351000 Exception <a 'java/security/PrivilegedActionException'> (0x00000000eda93b50) thrown at [C:\workspace\8-2-build-windows-amd64-cygwin\jdk8u31\2394\hotspot\src\share\vm\prims\jvm.cpp, line 1312]
Event: 2.021 Thread 0x0000000002351000 Exception <a 'java/security/PrivilegedActionException'> (0x00000000edb69d88) thrown at [C:\workspace\8-2-build-windows-amd64-cygwin\jdk8u31\2394\hotspot\src\share\vm\prims\jvm.cpp, line 1312]

Events (10 events):
Event: 1.968 loading class com/android/dx/dex/file/UniformListItem
Event: 1.968 loading class com/android/dx/dex/file/UniformListItem done
Event: 1.968 loading class com/android/dx/dex/file/AnnotationSetRefItem
Event: 1.968 loading class com/android/dx/dex/file/AnnotationSetRefItem done
Event: 1.986 loading class com/android/dx/cf/attrib/AttRuntimeInvisibleAnnotations
Event: 1.986 loading class com/android/dx/cf/attrib/AttRuntimeInvisibleAnnotations done
Event: 1.987 loading class com/android/dx/cf/attrib/BaseAnnotations
Event: 1.987 loading class com/android/dx/cf/attrib/BaseAnnotations done
Event: 2.021 loading class com/android/dx/cf/code/SwitchList
Event: 2.021 loading class com/android/dx/cf/code/SwitchList done


Dynamic libraries:
0x00007ff7bf600000 - 0x00007ff7bf634000 	C:\Program Files\Java\jdk1.8.0_31\bin\java.exe
0x00007ffe5e4d0000 - 0x00007ffe5e67d000 	C:\Windows\SYSTEM32\ntdll.dll
0x00007ffe5bb50000 - 0x00007ffe5bc8e000 	C:\Windows\system32\KERNEL32.DLL
0x00007ffe5b740000 - 0x00007ffe5b855000 	C:\Windows\system32\KERNELBASE.dll
0x00007ffe5a1a0000 - 0x00007ffe5a22e000 	C:\Windows\system32\apphelp.dll
0x00007ffe4c450000 - 0x00007ffe4c4a3000 	C:\Windows\AppPatch\AppPatch64\AcGenral.DLL
0x00007ffe5c3e0000 - 0x00007ffe5c48a000 	C:\Windows\system32\msvcrt.dll
0x00007ffe5b4c0000 - 0x00007ffe5b4ee000 	C:\Windows\SYSTEM32\SspiCli.dll
0x00007ffe5c380000 - 0x00007ffe5c3d4000 	C:\Windows\system32\SHLWAPI.dll
0x00007ffe5e1b0000 - 0x00007ffe5e327000 	C:\Windows\system32\USER32.dll
0x00007ffe5c720000 - 0x00007ffe5c8b4000 	C:\Windows\system32\ole32.dll
0x00007ffe5c8c0000 - 0x00007ffe5ddea000 	C:\Windows\system32\SHELL32.dll
0x00007ffe5ac40000 - 0x00007ffe5ac61000 	C:\Windows\SYSTEM32\USERENV.dll
0x00007ffe5e420000 - 0x00007ffe5e4ca000 	C:\Windows\system32\ADVAPI32.dll
0x00007ffe50e80000 - 0x00007ffe50e9e000 	C:\Windows\SYSTEM32\MPR.dll
0x00007ffe5bc90000 - 0x00007ffe5bdd1000 	C:\Windows\system32\RPCRT4.dll
0x00007ffe5c490000 - 0x00007ffe5c4e9000 	C:\Windows\SYSTEM32\sechost.dll
0x00007ffe5c4f0000 - 0x00007ffe5c701000 	C:\Windows\SYSTEM32\combase.dll
0x00007ffe5c0f0000 - 0x00007ffe5c240000 	C:\Windows\system32\GDI32.dll
0x00007ffe5b620000 - 0x00007ffe5b635000 	C:\Windows\SYSTEM32\profapi.dll
0x00007ffe5a0b0000 - 0x00007ffe5a162000 	C:\Windows\SYSTEM32\SHCORE.dll
0x00007ffe5ddf0000 - 0x00007ffe5de26000 	C:\Windows\system32\IMM32.DLL
0x00007ffe5bf90000 - 0x00007ffe5c0e2000 	C:\Windows\system32\MSCTF.dll
0x00007ffe596f0000 - 0x00007ffe5996b000 	C:\Windows\WinSxS\amd64_microsoft.windows.common-controls_6595b64144ccf1df_6.0.9600.18006_none_623f33d3ecbe86e8\COMCTL32.dll
0x000000006abd0000 - 0x000000006aca2000 	C:\Program Files\Java\jdk1.8.0_31\jre\bin\msvcr100.dll
0x0000000069390000 - 0x0000000069bea000 	C:\Program Files\Java\jdk1.8.0_31\jre\bin\server\jvm.dll
0x00007ffe445c0000 - 0x00007ffe445c9000 	C:\Windows\SYSTEM32\WSOCK32.dll
0x00007ffe591f0000 - 0x00007ffe59212000 	C:\Windows\SYSTEM32\WINMM.dll
0x00007ffe5e1a0000 - 0x00007ffe5e1a7000 	C:\Windows\system32\PSAPI.DLL
0x00007ffe5c250000 - 0x00007ffe5c2aa000 	C:\Windows\system32\WS2_32.dll
0x00007ffe59100000 - 0x00007ffe5912a000 	C:\Windows\SYSTEM32\WINMMBASE.dll
0x00007ffe5c370000 - 0x00007ffe5c379000 	C:\Windows\system32\NSI.dll
0x00007ffe5b6f0000 - 0x00007ffe5b73f000 	C:\Windows\SYSTEM32\cfgmgr32.dll
0x00007ffe5a410000 - 0x00007ffe5a438000 	C:\Windows\SYSTEM32\DEVOBJ.dll
0x000000006b080000 - 0x000000006b08f000 	C:\Program Files\Java\jdk1.8.0_31\jre\bin\verify.dll
0x000000006b050000 - 0x000000006b078000 	C:\Program Files\Java\jdk1.8.0_31\jre\bin\java.dll
0x000000006b030000 - 0x000000006b046000 	C:\Program Files\Java\jdk1.8.0_31\jre\bin\zip.dll

VM Arguments:
jvm_args: -Djava.awt.headless=true -Xmx1024M -Dfile.encoding=windows-1252 -Duser.country=FR -Duser.language=fr -Duser.variant 
java_command: com.android.dx.command.Main --dex --num-threads=4 --output D:\AndroidStudioProjects\App2\app\build\intermediates\pre-dexed\debug\internal_impl-23.3.0_485d2acf63da7f4d2020cb03a21894ad9cbfcb3a.jar D:\AndroidStudioProjects\App2\app\build\intermediates\exploded-aar\com.android.support\support-v4\23.3.0\jars\libs\internal_impl-23.3.0.jar
java_class_path (initial): D:\Android_SDK\build-tools\23.0.3\lib\dx.jar
Launcher Type: SUN_STANDARD

Environment Variables:
JAVA_HOME=C:\Program Files\Java\jdk1.8.0_31
PATH=C:\ProgramData\Oracle\Java\javapath;c:\Rtools\bin;c:\Rtools\gcc-4.6.3\bin;C:\Program Files (x86)\NVIDIA Corporation\PhysX\Common;C:\Program Files (x86)\Intel\iCLS Client\;C:\Program Files\Intel\iCLS Client\;C:\Windows\system32;C:\Windows;C:\Windows\System32\Wbem;C:\Windows\System32\WindowsPowerShell\v1.0\;C:\Program Files\Intel\Intel(R) Management Engine Components\DAL;C:\Program Files\Intel\Intel(R) Management Engine Components\IPT;C:\Program Files (x86)\Intel\Intel(R) Management Engine Components\DAL;C:\Program Files (x86)\Intel\Intel(R) Management Engine Components\IPT;C:\Program Files (x86)\QuickTime\QTSystem\;C:\Program Files\Java\jdk1.8.0_20\jre\bin\server;C:\Python34\;C:\Python34\Scripts;C:\Python34\Lib\site-packages\django\bin\;C:\Program Files\Java\jdk1.8.0_31\bin;C:\Program Files (x86)\Skype\Phone\
USERNAME=Jacques
OS=Windows_NT
PROCESSOR_IDENTIFIER=Intel64 Family 6 Model 60 Stepping 3, GenuineIntel



---------------  S Y S T E M  ---------------

OS: Windows 8.1 , 64 bit Build 9600 

CPU:total 8 (4 cores per cpu, 2 threads per core) family 6 model 60 stepping 3, cmov, cx8, fxsr, mmx, sse, sse2, sse3, ssse3, sse4.1, sse4.2, popcnt, avx, avx2, aes, clmul, erms, lzcnt, ht, tsc, tscinvbit, bmi1, bmi2

Memory: 4k page, physical 16657364k(3509768k free), swap 19803092k(5140k free)

vm_info: Java HotSpot(TM) 64-Bit Server VM (25.31-b07) for windows-amd64 JRE (1.8.0_31-b13), built on Dec 17 2014 21:00:28 by "java_re" with MS VC++ 10.0 (VS2010)

time: Wed Apr 27 01:57:43 2016
elapsed time: 3 seconds (0d 0h 0m 3s)

