#
# There is insufficient memory for the Java Runtime Environment to continue.
# Native memory allocation (malloc) failed to allocate 32744 bytes for ChunkPool::allocate
# Possible reasons:
#   The system is out of physical RAM or swap space
#   In 32 bit mode, the process size limit was hit
# Possible solutions:
#   Reduce memory load on the system
#   Increase physical memory or swap space
#   Check if swap backing store is full
#   Use 64 bit Java on a 64 bit OS
#   Decrease Java heap size (-Xmx/-Xms)
#   Decrease number of Java threads
#   Decrease Java thread stack sizes (-Xss)
#   Set larger code cache with -XX:ReservedCodeCacheSize=
# This output file may be truncated or incomplete.
#
#  Out of Memory Error (allocation.cpp:273), pid=19912, tid=9540
#
# JRE version: Java(TM) SE Runtime Environment (8.0_31-b13) (build 1.8.0_31-b13)
# Java VM: Java HotSpot(TM) 64-Bit Server VM (25.31-b07 mixed mode windows-amd64 compressed oops)
# Failed to write core dump. Minidumps are not enabled by default on client versions of Windows
#

---------------  T H R E A D  ---------------

Current thread (0x00000000175a0000):  JavaThread "C1 CompilerThread3" daemon [_thread_in_native, id=9540, stack(0x0000000017e20000,0x0000000017f20000)]

Stack: [0x0000000017e20000,0x0000000017f20000]
Native frames: (J=compiled Java code, j=interpreted, Vv=VM code, C=native code)
V  [jvm.dll+0x3169ba]


Current CompileTask:
C1:   1101  115       3       sun.nio.cs.UTF_8$Decoder::decode (779 bytes)


---------------  P R O C E S S  ---------------

Java Threads: ( => current thread )
  0x00000000175ac000 JavaThread "Service Thread" daemon [_thread_blocked, id=1160, stack(0x0000000017f20000,0x0000000018020000)]
=>0x00000000175a0000 JavaThread "C1 CompilerThread3" daemon [_thread_in_native, id=9540, stack(0x0000000017e20000,0x0000000017f20000)]
  0x000000001759d000 JavaThread "C2 CompilerThread2" daemon [_thread_blocked, id=540, stack(0x0000000017d20000,0x0000000017e20000)]
  0x000000001759b800 JavaThread "C2 CompilerThread1" daemon [_thread_blocked, id=18960, stack(0x0000000017c20000,0x0000000017d20000)]
  0x0000000017546000 JavaThread "C2 CompilerThread0" daemon [_thread_blocked, id=18968, stack(0x0000000017b20000,0x0000000017c20000)]
  0x0000000017544800 JavaThread "Attach Listener" daemon [_thread_blocked, id=10704, stack(0x0000000017a20000,0x0000000017b20000)]
  0x0000000017543800 JavaThread "Signal Dispatcher" daemon [_thread_blocked, id=21032, stack(0x0000000017920000,0x0000000017a20000)]
  0x0000000002a22000 JavaThread "Finalizer" daemon [_thread_blocked, id=2116, stack(0x0000000017420000,0x0000000017520000)]
  0x0000000002a21000 JavaThread "Reference Handler" daemon [_thread_blocked, id=20832, stack(0x0000000017320000,0x0000000017420000)]
  0x0000000002931000 JavaThread "main" [_thread_in_Java, id=19024, stack(0x0000000002830000,0x0000000002930000)]

Other Threads:
  0x0000000015548800 VMThread [stack: 0x0000000017220000,0x0000000017320000] [id=15712]
  0x00000000175ac800 WatcherThread [stack: 0x0000000018020000,0x0000000018120000] [id=4464]

VM state:not at safepoint (normal execution)

VM Mutex/Monitor currently owned by a thread: None

Heap:
 PSYoungGen      total 76288K, used 5247K [0x00000000eab00000, 0x00000000f0000000, 0x0000000100000000)
  eden space 65536K, 8% used [0x00000000eab00000,0x00000000eb01fd38,0x00000000eeb00000)
  from space 10752K, 0% used [0x00000000ef580000,0x00000000ef580000,0x00000000f0000000)
  to   space 10752K, 0% used [0x00000000eeb00000,0x00000000eeb00000,0x00000000ef580000)
 ParOldGen       total 175104K, used 0K [0x00000000c0000000, 0x00000000cab00000, 0x00000000eab00000)
  object space 175104K, 0% used [0x00000000c0000000,0x00000000c0000000,0x00000000cab00000)
 Metaspace       used 3434K, capacity 4720K, committed 4864K, reserved 1056768K
  class space    used 375K, capacity 424K, committed 512K, reserved 1048576K

Card table byte_map: [0x0000000011df0000,0x0000000012000000] byte_map_base: 0x00000000117f0000

Marking Bits: (ParMarkBitMap*) 0x0000000052aad4f0
 Begin Bits: [0x0000000012960000, 0x0000000013960000)
 End Bits:   [0x0000000013960000, 0x0000000014960000)

Polling page: 0x0000000000fc0000

CodeCache: size=245760Kb used=1261Kb max_used=1261Kb free=244498Kb
 bounds [0x0000000002a30000, 0x0000000002ca0000, 0x0000000011a30000]
 total_blobs=360 nmethods=114 adapters=160
 compilation: enabled

Compilation events (10 events):
Event: 1.008 Thread 0x00000000175a0000 nmethod 109 0x0000000002b69310 code [0x0000000002b694a0, 0x0000000002b699a8]
Event: 1.008 Thread 0x00000000175a0000  108       1       java.util.zip.ZipCoder::isUTF8 (5 bytes)
Event: 1.008 Thread 0x00000000175a0000 nmethod 108 0x0000000002b69b10 code [0x0000000002b69c60, 0x0000000002b69d70]
Event: 1.008 Thread 0x00000000175a0000  110       1       sun.util.calendar.CalendarDate::isStandardTime (5 bytes)
Event: 1.008 Thread 0x00000000175a0000 nmethod 110 0x0000000002b69dd0 code [0x0000000002b69f20, 0x0000000002b6a030]
Event: 1.008 Thread 0x00000000175a0000  111       1       sun.util.calendar.BaseCalendar$Date::getCachedYear (5 bytes)
Event: 1.008 Thread 0x00000000175a0000 nmethod 111 0x0000000002b6a090 code [0x0000000002b6a1e0, 0x0000000002b6a2f0]
Event: 1.011 Thread 0x00000000175a0000  113       3       sun.util.calendar.ZoneInfo::getTransitionIndex (156 bytes)
Event: 1.011 Thread 0x00000000175a0000 nmethod 113 0x0000000002b6a710 code [0x0000000002b6a8a0, 0x0000000002b6ad70]
Event: 1.096 Thread 0x00000000175a0000  115       3       sun.nio.cs.UTF_8$Decoder::decode (779 bytes)

GC Heap History (0 events):
No events

Deoptimization events (0 events):
No events

Internal exceptions (10 events):
Event: 0.923 Thread 0x0000000002931000 Exception <a 'java/security/PrivilegedActionException'> (0x00000000eaedfe20) thrown at [C:\workspace\8-2-build-windows-amd64-cygwin\jdk8u31\2394\hotspot\src\share\vm\prims\jvm.cpp, line 1312]
Event: 0.923 Thread 0x0000000002931000 Exception <a 'java/security/PrivilegedActionException'> (0x00000000eaee1e00) thrown at [C:\workspace\8-2-build-windows-amd64-cygwin\jdk8u31\2394\hotspot\src\share\vm\prims\jvm.cpp, line 1312]
Event: 0.930 Thread 0x0000000002931000 Exception <a 'java/security/PrivilegedActionException'> (0x00000000eaee6978) thrown at [C:\workspace\8-2-build-windows-amd64-cygwin\jdk8u31\2394\hotspot\src\share\vm\prims\jvm.cpp, line 1312]
Event: 0.933 Thread 0x0000000002931000 Exception <a 'java/security/PrivilegedActionException'> (0x00000000eaeead48) thrown at [C:\workspace\8-2-build-windows-amd64-cygwin\jdk8u31\2394\hotspot\src\share\vm\prims\jvm.cpp, line 1312]
Event: 0.950 Thread 0x0000000002931000 Exception <a 'java/security/PrivilegedActionException'> (0x00000000eaeef6d8) thrown at [C:\workspace\8-2-build-windows-amd64-cygwin\jdk8u31\2394\hotspot\src\share\vm\prims\jvm.cpp, line 1312]
Event: 0.951 Thread 0x0000000002931000 Exception <a 'java/security/PrivilegedActionException'> (0x00000000eaef3c48) thrown at [C:\workspace\8-2-build-windows-amd64-cygwin\jdk8u31\2394\hotspot\src\share\vm\prims\jvm.cpp, line 1312]
Event: 0.999 Thread 0x0000000002931000 Exception <a 'java/security/PrivilegedActionException'> (0x00000000eaefd298) thrown at [C:\workspace\8-2-build-windows-amd64-cygwin\jdk8u31\2394\hotspot\src\share\vm\prims\jvm.cpp, line 1312]
Event: 1.000 Thread 0x0000000002931000 Exception <a 'java/security/PrivilegedActionException'> (0x00000000eaf02a08) thrown at [C:\workspace\8-2-build-windows-amd64-cygwin\jdk8u31\2394\hotspot\src\share\vm\prims\jvm.cpp, line 1312]
Event: 1.000 Thread 0x0000000002931000 Exception <a 'java/security/PrivilegedActionException'> (0x00000000eaf04af0) thrown at [C:\workspace\8-2-build-windows-amd64-cygwin\jdk8u31\2394\hotspot\src\share\vm\prims\jvm.cpp, line 1312]
Event: 1.097 Thread 0x0000000002931000 Exception <a 'java/security/PrivilegedActionException'> (0x00000000eaf1d128) thrown at [C:\workspace\8-2-build-windows-amd64-cygwin\jdk8u31\2394\hotspot\src\share\vm\prims\jvm.cpp, line 1312]

Events (10 events):
Event: 1.099 loading class java/util/regex/Pattern$Node done
Event: 1.099 loading class java/util/regex/Pattern$4 done
Event: 1.099 loading class java/util/regex/Pattern$LastNode
Event: 1.099 loading class java/util/regex/Pattern$LastNode done
Event: 1.099 loading class java/util/regex/Pattern$GroupHead
Event: 1.099 loading class java/util/regex/Pattern$GroupHead done
Event: 1.099 loading class java/util/regex/Pattern$Slice
Event: 1.099 loading class java/util/regex/Pattern$SliceNode
Event: 1.099 loading class java/util/regex/Pattern$SliceNode done
Event: 1.099 loading class java/util/regex/Pattern$Slice done


Dynamic libraries:
0x00007ff755c00000 - 0x00007ff755c34000 	C:\Program Files\Java\jdk1.8.0_31\bin\java.exe
0x00007ff891150000 - 0x00007ff8912fd000 	C:\Windows\SYSTEM32\ntdll.dll
0x00007ff8904e0000 - 0x00007ff89061e000 	C:\Windows\system32\KERNEL32.DLL
0x00007ff88e370000 - 0x00007ff88e485000 	C:\Windows\system32\KERNELBASE.dll
0x00007ff88ce20000 - 0x00007ff88ceae000 	C:\Windows\system32\apphelp.dll
0x00007ff8852e0000 - 0x00007ff885333000 	C:\Windows\AppPatch\AppPatch64\AcGenral.DLL
0x00007ff88e7d0000 - 0x00007ff88e87a000 	C:\Windows\system32\msvcrt.dll
0x00007ff88e140000 - 0x00007ff88e16e000 	C:\Windows\SYSTEM32\SspiCli.dll
0x00007ff890d20000 - 0x00007ff890d74000 	C:\Windows\system32\SHLWAPI.dll
0x00007ff8907f0000 - 0x00007ff890967000 	C:\Windows\system32\USER32.dll
0x00007ff88fdf0000 - 0x00007ff88ff84000 	C:\Windows\system32\ole32.dll
0x00007ff88e8c0000 - 0x00007ff88fdea000 	C:\Windows\system32\SHELL32.dll
0x00007ff88d8c0000 - 0x00007ff88d8e1000 	C:\Windows\SYSTEM32\USERENV.dll
0x00007ff8909d0000 - 0x00007ff890a7a000 	C:\Windows\system32\ADVAPI32.dll
0x00007ff881830000 - 0x00007ff88184e000 	C:\Windows\SYSTEM32\MPR.dll
0x00007ff890640000 - 0x00007ff890781000 	C:\Windows\system32\RPCRT4.dll
0x00007ff890110000 - 0x00007ff890169000 	C:\Windows\SYSTEM32\sechost.dll
0x00007ff8902c0000 - 0x00007ff8904d1000 	C:\Windows\SYSTEM32\combase.dll
0x00007ff890170000 - 0x00007ff8902c0000 	C:\Windows\system32\GDI32.dll
0x00007ff88e2a0000 - 0x00007ff88e2b5000 	C:\Windows\SYSTEM32\profapi.dll
0x00007ff88cb00000 - 0x00007ff88cbb2000 	C:\Windows\SYSTEM32\SHCORE.dll
0x00007ff88e880000 - 0x00007ff88e8b6000 	C:\Windows\system32\IMM32.DLL
0x00007ff88ff90000 - 0x00007ff8900e2000 	C:\Windows\system32\MSCTF.dll
0x00007ff88c370000 - 0x00007ff88c5eb000 	C:\Windows\WinSxS\amd64_microsoft.windows.common-controls_6595b64144ccf1df_6.0.9600.18006_none_623f33d3ecbe86e8\COMCTL32.dll
0x0000000053770000 - 0x0000000053842000 	C:\Program Files\Java\jdk1.8.0_31\jre\bin\msvcr100.dll
0x00000000522d0000 - 0x0000000052b2a000 	C:\Program Files\Java\jdk1.8.0_31\jre\bin\server\jvm.dll
0x00007ff88a750000 - 0x00007ff88a759000 	C:\Windows\SYSTEM32\WSOCK32.dll
0x00007ff88be70000 - 0x00007ff88be92000 	C:\Windows\SYSTEM32\WINMM.dll
0x00007ff8910d0000 - 0x00007ff8910d7000 	C:\Windows\system32\PSAPI.DLL
0x00007ff890790000 - 0x00007ff8907ea000 	C:\Windows\system32\WS2_32.dll
0x00007ff88bdf0000 - 0x00007ff88be1a000 	C:\Windows\SYSTEM32\WINMMBASE.dll
0x00007ff8900f0000 - 0x00007ff8900f9000 	C:\Windows\system32\NSI.dll
0x00007ff88e4f0000 - 0x00007ff88e53f000 	C:\Windows\SYSTEM32\cfgmgr32.dll
0x00007ff88d090000 - 0x00007ff88d0b8000 	C:\Windows\SYSTEM32\DEVOBJ.dll
0x0000000054710000 - 0x000000005471f000 	C:\Program Files\Java\jdk1.8.0_31\jre\bin\verify.dll
0x00000000546e0000 - 0x0000000054708000 	C:\Program Files\Java\jdk1.8.0_31\jre\bin\java.dll
0x00000000546c0000 - 0x00000000546d6000 	C:\Program Files\Java\jdk1.8.0_31\jre\bin\zip.dll

VM Arguments:
jvm_args: -Djava.awt.headless=true -Xmx1024M -Dfile.encoding=windows-1252 -Duser.country=FR -Duser.language=fr -Duser.variant 
java_command: com.android.dx.command.Main --dex --num-threads=4 --output D:\AndroidStudioProjects\App2\app\build\intermediates\pre-dexed\release\com.android.support-recyclerview-v7-23.2.1_8815c421da1a244bf65b07eba339c76b24f031eb.jar D:\AndroidStudioProjects\App2\app\build\intermediates\exploded-aar\com.android.support\recyclerview-v7\23.2.1\jars\classes.jar
java_class_path (initial): D:\Android_SDK\build-tools\23.0.3\lib\dx.jar
Launcher Type: SUN_STANDARD

Environment Variables:
JAVA_HOME=C:\Program Files\Java\jdk1.8.0_31
PATH=C:\ProgramData\Oracle\Java\javapath;c:\Rtools\bin;c:\Rtools\gcc-4.6.3\bin;C:\Program Files (x86)\NVIDIA Corporation\PhysX\Common;C:\Program Files (x86)\Intel\iCLS Client\;C:\Program Files\Intel\iCLS Client\;C:\Windows\system32;C:\Windows;C:\Windows\System32\Wbem;C:\Windows\System32\WindowsPowerShell\v1.0\;C:\Program Files\Intel\Intel(R) Management Engine Components\DAL;C:\Program Files\Intel\Intel(R) Management Engine Components\IPT;C:\Program Files (x86)\Intel\Intel(R) Management Engine Components\DAL;C:\Program Files (x86)\Intel\Intel(R) Management Engine Components\IPT;C:\Program Files (x86)\QuickTime\QTSystem\;C:\Program Files\Java\jdk1.8.0_20\jre\bin\server;C:\Python34\;C:\Python34\Scripts;C:\Python34\Lib\site-packages\django\bin\;C:\Program Files\Java\jdk1.8.0_31\bin;C:\Program Files (x86)\Skype\Phone\
USERNAME=Jacques
OS=Windows_NT
PROCESSOR_IDENTIFIER=Intel64 Family 6 Model 60 Stepping 3, GenuineIntel



---------------  S Y S T E M  ---------------

OS: Windows 8.1 , 64 bit Build 9600 

CPU:total 8 (4 cores per cpu, 2 threads per core) family 6 model 60 stepping 3, cmov, cx8, fxsr, mmx, sse, sse2, sse3, ssse3, sse4.1, sse4.2, popcnt, avx, avx2, aes, clmul, erms, lzcnt, ht, tsc, tscinvbit, bmi1, bmi2

Memory: 4k page, physical 16657364k(3523796k free), swap 19803092k(4748k free)

vm_info: Java HotSpot(TM) 64-Bit Server VM (25.31-b07) for windows-amd64 JRE (1.8.0_31-b13), built on Dec 17 2014 21:00:28 by "java_re" with MS VC++ 10.0 (VS2010)

time: Tue Mar 29 19:07:25 2016
elapsed time: 1 seconds (0d 0h 0m 1s)

