#
# There is insufficient memory for the Java Runtime Environment to continue.
# Native memory allocation (malloc) failed to allocate 32744 bytes for ChunkPool::allocate
# Possible reasons:
#   The system is out of physical RAM or swap space
#   In 32 bit mode, the process size limit was hit
# Possible solutions:
#   Reduce memory load on the system
#   Increase physical memory or swap space
#   Check if swap backing store is full
#   Use 64 bit Java on a 64 bit OS
#   Decrease Java heap size (-Xmx/-Xms)
#   Decrease number of Java threads
#   Decrease Java thread stack sizes (-Xss)
#   Set larger code cache with -XX:ReservedCodeCacheSize=
# This output file may be truncated or incomplete.
#
#  Out of Memory Error (allocation.cpp:273), pid=17336, tid=16236
#
# JRE version: Java(TM) SE Runtime Environment (8.0_31-b13) (build 1.8.0_31-b13)
# Java VM: Java HotSpot(TM) 64-Bit Server VM (25.31-b07 mixed mode windows-amd64 compressed oops)
# Failed to write core dump. Minidumps are not enabled by default on client versions of Windows
#

---------------  T H R E A D  ---------------

Current thread (0x0000000017965000):  JavaThread "C1 CompilerThread3" daemon [_thread_in_native, id=16236, stack(0x00000000181d0000,0x00000000182d0000)]

Stack: [0x00000000181d0000,0x00000000182d0000]
Native frames: (J=compiled Java code, j=interpreted, Vv=VM code, C=native code)
V  [jvm.dll+0x3169ba]


Current CompileTask:
C1:    195   22       3       java.io.DataInputStream::readUTF (501 bytes)


---------------  P R O C E S S  ---------------

Java Threads: ( => current thread )
  0x0000000017970000 JavaThread "Service Thread" daemon [_thread_new, id=14624, stack(0x0000000000000000,0x0000000000000000)]
=>0x0000000017965000 JavaThread "C1 CompilerThread3" daemon [_thread_in_native, id=16236, stack(0x00000000181d0000,0x00000000182d0000)]
  0x00000000178fc000 JavaThread "C2 CompilerThread2" daemon [_thread_blocked, id=17136, stack(0x00000000180d0000,0x00000000181d0000)]
  0x00000000178fa000 JavaThread "C2 CompilerThread1" daemon [_thread_in_native, id=10416, stack(0x0000000017fd0000,0x00000000180d0000)]
  0x00000000178f7000 JavaThread "C2 CompilerThread0" daemon [_thread_blocked, id=16784, stack(0x0000000017ed0000,0x0000000017fd0000)]
  0x00000000178f5800 JavaThread "Attach Listener" daemon [_thread_blocked, id=11872, stack(0x0000000017dd0000,0x0000000017ed0000)]
  0x00000000178f4800 JavaThread "Signal Dispatcher" daemon [_thread_blocked, id=16428, stack(0x0000000017cd0000,0x0000000017dd0000)]
  0x0000000002da1800 JavaThread "Finalizer" daemon [_thread_blocked, id=17724, stack(0x00000000177d0000,0x00000000178d0000)]
  0x00000000158cc800 JavaThread "Reference Handler" daemon [_thread_blocked, id=5896, stack(0x00000000176d0000,0x00000000177d0000)]
  0x0000000002cb1000 JavaThread "main" [_thread_in_vm, id=17516, stack(0x0000000002b30000,0x0000000002c30000)]

Other Threads:
  0x00000000158c8800 VMThread [stack: 0x00000000175d0000,0x00000000176d0000] [id=15092]
  0x0000000017971000 WatcherThread [stack: 0x00000000183d0000,0x00000000184d0000] [id=13724]

VM state:not at safepoint (normal execution)

VM Mutex/Monitor currently owned by a thread:  ([mutex/lock_event])
[0x0000000002cabea0] AdapterHandlerLibrary_lock - owner thread: 0x0000000002cb1000

Heap:
 PSYoungGen      total 76288K, used 3932K [0x00000000eab00000, 0x00000000f0000000, 0x0000000100000000)
  eden space 65536K, 6% used [0x00000000eab00000,0x00000000eaed7170,0x00000000eeb00000)
  from space 10752K, 0% used [0x00000000ef580000,0x00000000ef580000,0x00000000f0000000)
  to   space 10752K, 0% used [0x00000000eeb00000,0x00000000eeb00000,0x00000000ef580000)
 ParOldGen       total 175104K, used 0K [0x00000000c0000000, 0x00000000cab00000, 0x00000000eab00000)
  object space 175104K, 0% used [0x00000000c0000000,0x00000000c0000000,0x00000000cab00000)
 Metaspace       used 2668K, capacity 4480K, committed 4480K, reserved 1056768K
  class space    used 291K, capacity 384K, committed 384K, reserved 1048576K

Card table byte_map: [0x0000000012170000,0x0000000012380000] byte_map_base: 0x0000000011b70000

Marking Bits: (ParMarkBitMap*) 0x0000000069b6d4f0
 Begin Bits: [0x0000000012ce0000, 0x0000000013ce0000)
 End Bits:   [0x0000000013ce0000, 0x0000000014ce0000)

Polling page: 0x00000000013c0000

CodeCache: size=245760Kb used=1092Kb max_used=1092Kb free=244667Kb
 bounds [0x0000000002db0000, 0x0000000003020000, 0x0000000011db0000]
 total_blobs=255 nmethods=19 adapters=151
 compilation: enabled

Compilation events (10 events):
Event: 0.179 Thread 0x0000000017965000 nmethod 17 0x0000000002ebd050 code [0x0000000002ebd1e0, 0x0000000002ebd6c8]
Event: 0.179 Thread 0x0000000017965000   15       3       java.io.WinNTFileSystem::isSlash (18 bytes)
Event: 0.179 Thread 0x0000000017965000 nmethod 15 0x0000000002ebd910 code [0x0000000002ebda60, 0x0000000002ebdc50]
Event: 0.179 Thread 0x0000000017965000   18       3       java.lang.String::indexOf (70 bytes)
Event: 0.179 Thread 0x0000000017965000 nmethod 18 0x0000000002ebdcd0 code [0x0000000002ebde60, 0x0000000002ebe1e8]
Event: 0.179 Thread 0x0000000017965000   14       3       java.lang.StringBuilder::append (8 bytes)
Event: 0.180 Thread 0x0000000017965000 nmethod 14 0x0000000002ebe350 code [0x0000000002ebe4c0, 0x0000000002ebe828]
Event: 0.181 Thread 0x0000000017965000   19       3       java.lang.String::equals (81 bytes)
Event: 0.181 Thread 0x0000000017965000 nmethod 19 0x0000000002ebea10 code [0x0000000002ebeba0, 0x0000000002ebf0f0]
Event: 0.189 Thread 0x0000000017965000   22       3       java.io.DataInputStream::readUTF (501 bytes)

GC Heap History (0 events):
No events

Deoptimization events (0 events):
No events

Internal exceptions (3 events):
Event: 0.126 Thread 0x0000000002cb1000 Exception <a 'java/lang/NoSuchMethodError': Method sun.misc.Unsafe.defineClass(Ljava/lang/String;[BII)Ljava/lang/Class; name or signature does not match> (0x00000000eab0c798) thrown at [C:\workspace\8-2-build-windows-amd64-cygwin\jdk8u31\2394\hotspot\src\sº-¶2·À?
Event: 0.126 Thread 0x0000000002cb1000 Exception <a 'java/lang/NoSuchMethodError': Method sun.misc.Unsafe.prefetchRead(Ljava/lang/Object;J)V name or signature does not match> (0x00000000eab0ca28) thrown at [C:\workspace\8-2-build-windows-amd64-cygwin\jdk8u31\2394\hotspot\src\share\vm\prims\jni.12áÇ?
Event: 0.180 Thread 0x0000000002cb1000 Exception <a 'java/security/PrivilegedActionException'> (0x00000000eab5ea48) thrown at [C:\workspace\8-2-build-windows-amd64-cygwin\jdk8u31\2394\hotspot\src\share\vm\prims\jvm.cpp, line 1312]

Events (10 events):
Event: 0.186 loading class sun/util/calendar/ZoneInfo
Event: 0.186 loading class sun/util/calendar/ZoneInfo done
Event: 0.186 loading class sun/util/calendar/ZoneInfoFile
Event: 0.186 loading class sun/util/calendar/ZoneInfoFile done
Event: 0.186 loading class sun/util/calendar/ZoneInfoFile$1
Event: 0.186 loading class sun/util/calendar/ZoneInfoFile$1 done
Event: 0.186 loading class java/io/DataInputStream
Event: 0.187 loading class java/io/DataInput
Event: 0.187 loading class java/io/DataInput done
Event: 0.187 loading class java/io/DataInputStream done


Dynamic libraries:
0x00007ff7bf600000 - 0x00007ff7bf634000 	C:\Program Files\Java\jdk1.8.0_31\bin\java.exe
0x00007ffe5e4d0000 - 0x00007ffe5e67d000 	C:\Windows\SYSTEM32\ntdll.dll
0x00007ffe5bb50000 - 0x00007ffe5bc8e000 	C:\Windows\system32\KERNEL32.DLL
0x00007ffe5b740000 - 0x00007ffe5b855000 	C:\Windows\system32\KERNELBASE.dll
0x00007ffe5a1a0000 - 0x00007ffe5a22e000 	C:\Windows\system32\apphelp.dll
0x00007ffe4c450000 - 0x00007ffe4c4a3000 	C:\Windows\AppPatch\AppPatch64\AcGenral.DLL
0x00007ffe5c3e0000 - 0x00007ffe5c48a000 	C:\Windows\system32\msvcrt.dll
0x00007ffe5b4c0000 - 0x00007ffe5b4ee000 	C:\Windows\SYSTEM32\SspiCli.dll
0x00007ffe5c380000 - 0x00007ffe5c3d4000 	C:\Windows\system32\SHLWAPI.dll
0x00007ffe5e1b0000 - 0x00007ffe5e327000 	C:\Windows\system32\USER32.dll
0x00007ffe5c720000 - 0x00007ffe5c8b4000 	C:\Windows\system32\ole32.dll
0x00007ffe5c8c0000 - 0x00007ffe5ddea000 	C:\Windows\system32\SHELL32.dll
0x00007ffe5ac40000 - 0x00007ffe5ac61000 	C:\Windows\SYSTEM32\USERENV.dll
0x00007ffe5e420000 - 0x00007ffe5e4ca000 	C:\Windows\system32\ADVAPI32.dll
0x00007ffe50e80000 - 0x00007ffe50e9e000 	C:\Windows\SYSTEM32\MPR.dll
0x00007ffe5bc90000 - 0x00007ffe5bdd1000 	C:\Windows\system32\RPCRT4.dll
0x00007ffe5c490000 - 0x00007ffe5c4e9000 	C:\Windows\SYSTEM32\sechost.dll
0x00007ffe5c4f0000 - 0x00007ffe5c701000 	C:\Windows\SYSTEM32\combase.dll
0x00007ffe5c0f0000 - 0x00007ffe5c240000 	C:\Windows\system32\GDI32.dll
0x00007ffe5b620000 - 0x00007ffe5b635000 	C:\Windows\SYSTEM32\profapi.dll
0x00007ffe5a0b0000 - 0x00007ffe5a162000 	C:\Windows\SYSTEM32\SHCORE.dll
0x00007ffe5ddf0000 - 0x00007ffe5de26000 	C:\Windows\system32\IMM32.DLL
0x00007ffe5bf90000 - 0x00007ffe5c0e2000 	C:\Windows\system32\MSCTF.dll
0x00007ffe596f0000 - 0x00007ffe5996b000 	C:\Windows\WinSxS\amd64_microsoft.windows.common-controls_6595b64144ccf1df_6.0.9600.18006_none_623f33d3ecbe86e8\COMCTL32.dll
0x000000006abd0000 - 0x000000006aca2000 	C:\Program Files\Java\jdk1.8.0_31\jre\bin\msvcr100.dll
0x0000000069390000 - 0x0000000069bea000 	C:\Program Files\Java\jdk1.8.0_31\jre\bin\server\jvm.dll
0x00007ffe445c0000 - 0x00007ffe445c9000 	C:\Windows\SYSTEM32\WSOCK32.dll
0x00007ffe591f0000 - 0x00007ffe59212000 	C:\Windows\SYSTEM32\WINMM.dll
0x00007ffe5e1a0000 - 0x00007ffe5e1a7000 	C:\Windows\system32\PSAPI.DLL
0x00007ffe5c250000 - 0x00007ffe5c2aa000 	C:\Windows\system32\WS2_32.dll
0x00007ffe59100000 - 0x00007ffe5912a000 	C:\Windows\SYSTEM32\WINMMBASE.dll
0x00007ffe5c370000 - 0x00007ffe5c379000 	C:\Windows\system32\NSI.dll
0x00007ffe5b6f0000 - 0x00007ffe5b73f000 	C:\Windows\SYSTEM32\cfgmgr32.dll
0x00007ffe5a410000 - 0x00007ffe5a438000 	C:\Windows\SYSTEM32\DEVOBJ.dll
0x000000006b080000 - 0x000000006b08f000 	C:\Program Files\Java\jdk1.8.0_31\jre\bin\verify.dll
0x000000006b050000 - 0x000000006b078000 	C:\Program Files\Java\jdk1.8.0_31\jre\bin\java.dll
0x000000006b030000 - 0x000000006b046000 	C:\Program Files\Java\jdk1.8.0_31\jre\bin\zip.dll

VM Arguments:
jvm_args: -Djava.awt.headless=true -Xmx1024M -Dfile.encoding=windows-1252 -Duser.country=FR -Duser.language=fr -Duser.variant 