#
# A fatal error has been detected by the Java Runtime Environment:
#
#  EXCEPTION_STACK_OVERFLOW (0xc00000fd) at pc=0x000000006958b107, pid=15976, tid=13272
#
# JRE version: Java(TM) SE Runtime Environment (8.0_31-b13) (build 1.8.0_31-b13)
# Java VM: Java HotSpot(TM) 64-Bit Server VM (25.31-b07 mixed mode windows-amd64 compressed oops)
# Problematic frame:
# V  [jvm.dll+0x1fb107]
#
# Failed to write core dump. Minidumps are not enabled by default on client versions of Windows
#
# If you would like to submit a bug report, please visit:
#   http://bugreport.java.com/bugreport/crash.jsp
#

---------------  T H R E A D  ---------------

Current thread (0x000000001753d000):  JavaThread "pool-1-thread-3" [_thread_in_vm, id=13272, stack(0x0000000018860000,0x0000000018960000)]

siginfo: ExceptionCode=0xc00000fd, ExceptionInformation=0x0000000000000001 0x000000001895b760 

Registers:
RAX=0x000000001895b760, RBX=0x0000000000000005, RCX=0x0000000000004000, RDX=0x0000000000000006
RSP=0x000000001895f760, RBP=0x0000000000000000, RSI=0x000000001895f760, RDI=0x0000000000000005
R8 =0x0000000000000006, R9 =0x000000001745c730, R10=0x00000000147cc7e8, R11=0x000000001886a148
R12=0x000000001745c730, R13=0x000000001753d000, R14=0x000000001895f828, R15=0x00000000147cc7e8
RIP=0x000000006958b107, EFLAGS=0x0000000000010206

Top of Stack: (sp=0x000000001895f760)
0x000000001895f760:   0000000017183a50 000000006ac24e7e
0x000000001895f770:   000000001753d000 000000001745c730
0x000000001895f780:   00000000ffffffff 000000006958c037
0x000000001895f790:   000000001895f890 00000000147cc7e8
0x000000001895f7a0:   000000001753d000 0000000069441fb3
0x000000001895f7b0:   000000001895f7f0 000000001753d000
0x000000001895f7c0:   000000001895f880 000000001753d000
0x000000001895f7d0:   00000000147cc7e8 000000001753d000
0x000000001895f7e0:   0000000002680e20 000000001753d000
0x000000001895f7f0:   00000000147cc7e8 000000001753d000
0x000000001895f800:   00000000147cc7e8 000000001753d000
0x000000001895f810:   0000000000000001 00000000147cc7e8
0x000000001895f820:   000000001753d000 000000001754eaf0
0x000000001895f830:   000000001753d000 000000006944349d
0x000000001895f840:   000000001895fb48 0000000100006670
0x000000001895f850:   0000000100006670 00007ffe5e4ec073 

Instructions: (pc=0x000000006958b107)
0x000000006958b0e7:   48 89 6c 24 30 33 ed 66 90 e8 7b 5c 08 00 ff c3
0x000000006958b0f7:   48 63 c8 48 8b c6 48 0f af cf 48 ff c7 48 2b c1
0x000000006958b107:   89 28 48 63 c3 48 3b 05 ed 6e 57 00 7e db 48 8b
0x000000006958b117:   6c 24 30 48 8b 5c 24 38 48 8b 74 24 40 48 83 c4 


Register to memory mapping:

RAX=0x000000001895b760 is pointing into the stack for thread: 0x000000001753d000
RBX=0x0000000000000005 is an unknown value
RCX=0x0000000000004000 is an unknown value
RDX=0x0000000000000006 is an unknown value
RSP=0x000000001895f760 is pointing into the stack for thread: 0x000000001753d000
RBP=0x0000000000000000 is an unknown value
RSI=0x000000001895f760 is pointing into the stack for thread: 0x000000001753d000
RDI=0x0000000000000005 is an unknown value
R8 =0x0000000000000006 is an unknown value
R9 =0x000000001745c730 is an unknown value
R10={method} {0x00000000147cc7f0} 'run' '()V' in 'java/lang/Thread'
R11=0x000000001886a148 is pointing into the stack for thread: 0x000000001753d000
R12=0x000000001745c730 is an unknown value
R13=0x000000001753d000 is a thread
R14=0x000000001895f828 is pointing into the stack for thread: 0x000000001753d000
R15={method} {0x00000000147cc7f0} 'run' '()V' in 'java/lang/Thread'


Stack: [0x0000000018860000,0x0000000018960000],  sp=0x000000001895f760,  free space=1021k
Native frames: (J=compiled Java code, j=interpreted, Vv=VM code, C=native code)


---------------  P R O C E S S  ---------------

Java Threads: ( => current thread )
  0x000000001753d800 JavaThread "pool-1-thread-4" [_thread_blocked, id=12340, stack(0x0000000018960000,0x0000000018a60000)]
=>0x000000001753d000 JavaThread "pool-1-thread-3" [_thread_in_vm, id=13272, stack(0x0000000018860000,0x0000000018960000)]
  0x000000001753a000 JavaThread "pool-1-thread-2" [_thread_blocked, id=11300, stack(0x0000000018760000,0x0000000018860000)]
  0x0000000017537000 JavaThread "pool-2-thread-1" [_thread_blocked, id=17236, stack(0x0000000018660000,0x0000000018760000)]
  0x0000000017d64800 JavaThread "pool-1-thread-1" [_thread_blocked, id=8168, stack(0x0000000018560000,0x0000000018660000)]
  0x000000001719c000 JavaThread "Service Thread" daemon [_thread_blocked, id=5312, stack(0x0000000017b60000,0x0000000017c60000)]
  0x0000000017189000 JavaThread "C1 CompilerThread3" daemon [_thread_blocked, id=17452, stack(0x0000000017a60000,0x0000000017b60000)]
  0x0000000017186800 JavaThread "C2 CompilerThread2" daemon [_thread_in_native, id=10296, stack(0x0000000017960000,0x0000000017a60000)]
  0x0000000017195000 JavaThread "C2 CompilerThread1" daemon [_thread_blocked, id=4748, stack(0x0000000017860000,0x0000000017960000)]
  0x0000000017192000 JavaThread "C2 CompilerThread0" daemon [_thread_blocked, id=9780, stack(0x0000000017760000,0x0000000017860000)]
  0x0000000017191000 JavaThread "Attach Listener" daemon [_thread_blocked, id=12076, stack(0x0000000017660000,0x0000000017760000)]
  0x000000001718f800 JavaThread "Signal Dispatcher" daemon [_thread_blocked, id=15672, stack(0x0000000017560000,0x0000000017660000)]
  0x0000000002663000 JavaThread "Finalizer" daemon [_thread_blocked, id=3732, stack(0x0000000017060000,0x0000000017160000)]
  0x000000001518b800 JavaThread "Reference Handler" daemon [_thread_blocked, id=3372, stack(0x0000000016f60000,0x0000000017060000)]
  0x0000000002571000 JavaThread "main" [_thread_blocked, id=7280, stack(0x0000000002470000,0x0000000002570000)]

Other Threads:
  0x0000000015187800 VMThread [stack: 0x0000000016e60000,0x0000000016f60000] [id=18400]
  0x000000001719d000 WatcherThread [stack: 0x0000000017c60000,0x0000000017d60000] [id=6444]

VM state:synchronizing (normal execution)

VM Mutex/Monitor currently owned by a thread:  ([mutex/lock_event])
[0x000000000246bfd0] Threads_lock - owner thread: 0x0000000015187800
[0x000000000246cad0] Heap_lock - owner thread: 0x0000000017d64800
[0x000000000246e4e0] MethodData_lock - owner thread: 0x0000000017d64800

Heap:
 PSYoungGen      total 76288K, used 22291K [0x00000000eab00000, 0x00000000f0000000, 0x0000000100000000)
  eden space 65536K, 34% used [0x00000000eab00000,0x00000000ec0c4e00,0x00000000eeb00000)
  from space 10752K, 0% used [0x00000000ef580000,0x00000000ef580000,0x00000000f0000000)
  to   space 10752K, 0% used [0x00000000eeb00000,0x00000000eeb00000,0x00000000ef580000)
 ParOldGen       total 175104K, used 0K [0x00000000c0000000, 0x00000000cab00000, 0x00000000eab00000)
  object space 175104K, 0% used [0x00000000c0000000,0x00000000c0000000,0x00000000cab00000)
 Metaspace       used 5475K, capacity 6448K, committed 6528K, reserved 1058816K
  class space    used 583K, capacity 616K, committed 640K, reserved 1048576K

Card table byte_map: [0x0000000011a30000,0x0000000011c40000] byte_map_base: 0x0000000011430000

Marking Bits: (ParMarkBitMap*) 0x0000000069b6d4f0
 Begin Bits: [0x00000000125a0000, 0x00000000135a0000)
 End Bits:   [0x00000000135a0000, 0x00000000145a0000)

Polling page: 0x0000000000a70000

CodeCache: size=245760Kb used=2323Kb max_used=2326Kb free=243437Kb
 bounds [0x0000000002670000, 0x00000000028e0000, 0x0000000011670000]
 total_blobs=889 nmethods=625 adapters=178
 compilation: enabled

Compilation events (10 events):
Event: 0.749 Thread 0x0000000017189000  406       3       java.io.FilterInputStream::<init> (10 bytes)
Event: 0.749 Thread 0x0000000017189000 nmethod 406 0x000000000285fb90 code [0x000000000285fd00, 0x000000000285ff50]
Event: 0.749 Thread 0x0000000017189000  405       3       java.util.jar.JarFile::getManifestFromReference (113 bytes)
Event: 0.751 Thread 0x0000000017189000 nmethod 405 0x00000000028688d0 code [0x0000000002868c00, 0x000000000286a258]
Event: 0.751 Thread 0x0000000017189000  403       3       java.lang.ClassNotFoundException::<init> (7 bytes)
Event: 0.751 Thread 0x0000000017189000 nmethod 403 0x000000000285f490 code [0x000000000285f600, 0x000000000285f848]
Event: 0.751 Thread 0x0000000017189000  404       3       java.util.jar.JarFile::getManifest (5 bytes)
Event: 0.751 Thread 0x0000000017189000 nmethod 404 0x0000000002861b50 code [0x0000000002861cc0, 0x0000000002861e48]
Event: 0.755 Thread 0x0000000017189000  408       1       com.android.dx.rop.code.BasicBlock::getLabel (5 bytes)
Event: 0.755 Thread 0x0000000017189000 nmethod 408 0x0000000002861890 code [0x00000000028619e0, 0x0000000002861af0]

GC Heap History (0 events):
No events

Deoptimization events (0 events):
No events

Internal exceptions (10 events):
Event: 0.749 Thread 0x0000000002571000 Exception <a 'java/security/PrivilegedActionException'> (0x00000000eb8418b8) thrown at [C:\workspace\8-2-build-windows-amd64-cygwin\jdk8u31\2394\hotspot\src\share\vm\prims\jvm.cpp, line 1312]
Event: 0.750 Thread 0x0000000002571000 Exception <a 'java/security/PrivilegedActionException'> (0x00000000eb8445d0) thrown at [C:\workspace\8-2-build-windows-amd64-cygwin\jdk8u31\2394\hotspot\src\share\vm\prims\jvm.cpp, line 1312]
Event: 0.750 Thread 0x0000000002571000 Exception <a 'java/security/PrivilegedActionException'> (0x00000000eb847430) thrown at [C:\workspace\8-2-build-windows-amd64-cygwin\jdk8u31\2394\hotspot\src\share\vm\prims\jvm.cpp, line 1312]
Event: 0.751 Thread 0x0000000002571000 Exception <a 'java/security/PrivilegedActionException'> (0x00000000eb84a610) thrown at [C:\workspace\8-2-build-windows-amd64-cygwin\jdk8u31\2394\hotspot\src\share\vm\prims\jvm.cpp, line 1312]
Event: 0.752 Thread 0x0000000002571000 Exception <a 'java/security/PrivilegedActionException'> (0x00000000eb85ac10) thrown at [C:\workspace\8-2-build-windows-amd64-cygwin\jdk8u31\2394\hotspot\src\share\vm\prims\jvm.cpp, line 1312]
Event: 0.752 Thread 0x0000000002571000 Exception <a 'java/security/PrivilegedActionException'> (0x00000000eb85f350) thrown at [C:\workspace\8-2-build-windows-amd64-cygwin\jdk8u31\2394\hotspot\src\share\vm\prims\jvm.cpp, line 1312]
Event: 0.753 Thread 0x0000000002571000 Exception <a 'java/security/PrivilegedActionException'> (0x00000000eb862120) thrown at [C:\workspace\8-2-build-windows-amd64-cygwin\jdk8u31\2394\hotspot\src\share\vm\prims\jvm.cpp, line 1312]
Event: 0.753 Thread 0x0000000002571000 Exception <a 'java/security/PrivilegedActionException'> (0x00000000eb8672e0) thrown at [C:\workspace\8-2-build-windows-amd64-cygwin\jdk8u31\2394\hotspot\src\share\vm\prims\jvm.cpp, line 1312]
Event: 0.754 Thread 0x0000000002571000 Exception <a 'java/security/PrivilegedActionException'> (0x00000000eb86c8f8) thrown at [C:\workspace\8-2-build-windows-amd64-cygwin\jdk8u31\2394\hotspot\src\share\vm\prims\jvm.cpp, line 1312]
Event: 0.755 Thread 0x0000000017d64800 Exception <a 'java/security/PrivilegedActionException'> (0x00000000ebcb82a8) thrown at [C:\workspace\8-2-build-windows-amd64-cygwin\jdk8u31\2394\hotspot\src\share\vm\prims\jvm.cpp, line 1312]

Events (10 events):
Event: 0.752 loading class com/android/dx/dex/code/OddSpacer
Event: 0.752 loading class com/android/dx/dex/code/OddSpacer done
Event: 0.753 loading class com/android/dx/dex/code/ArrayData
Event: 0.753 loading class com/android/dx/dex/code/ArrayData done
Event: 0.753 loading class com/android/dx/dex/code/SwitchData
Event: 0.753 loading class com/android/dx/dex/code/SwitchData done
Event: 0.754 loading class com/android/dx/dex/code/LocalStart
Event: 0.754 loading class com/android/dx/dex/code/LocalStart done
Event: 0.755 loading class com/android/dx/dex/code/RopToDop
Event: 0.755 loading class com/android/dx/dex/code/RopToDop done


Dynamic libraries:
0x00007ff7bf600000 - 0x00007ff7bf634000 	C:\Program Files\Java\jdk1.8.0_31\bin\java.exe
0x00007ffe5e4d0000 - 0x00007ffe5e67d000 	C:\Windows\SYSTEM32\ntdll.dll
0x00007ffe5bb50000 - 0x00007ffe5bc8e000 	C:\Windows\system32\KERNEL32.DLL
0x00007ffe5b740000 - 0x00007ffe5b855000 	C:\Windows\system32\KERNELBASE.dll
0x00007ffe5a1a0000 - 0x00007ffe5a22e000 	C:\Windows\system32\apphelp.dll
0x00007ffe4c450000 - 0x00007ffe4c4a3000 	C:\Windows\AppPatch\AppPatch64\AcGenral.DLL
0x00007ffe5c3e0000 - 0x00007ffe5c48a000 	C:\Windows\system32\msvcrt.dll
0x00007ffe5b4c0000 - 0x00007ffe5b4ee000 	C:\Windows\SYSTEM32\SspiCli.dll
0x00007ffe5c380000 - 0x00007ffe5c3d4000 	C:\Windows\system32\SHLWAPI.dll
0x00007ffe5e1b0000 - 0x00007ffe5e327000 	C:\Windows\system32\USER32.dll
0x00007ffe5c720000 - 0x00007ffe5c8b4000 	C:\Windows\system32\ole32.dll
0x00007ffe5c8c0000 - 0x00007ffe5ddea000 	C:\Windows\system32\SHELL32.dll
0x00007ffe5ac40000 - 0x00007ffe5ac61000 	C:\Windows\SYSTEM32\USERENV.dll
0x00007ffe5e420000 - 0x00007ffe5e4ca000 	C:\Windows\system32\ADVAPI32.dll
0x00007ffe50e80000 - 0x00007ffe50e9e000 	C:\Windows\SYSTEM32\MPR.dll
0x00007ffe5bc90000 - 0x00007ffe5bdd1000 	C:\Windows\system32\RPCRT4.dll
0x00007ffe5c490000 - 0x00007ffe5c4e9000 	C:\Windows\SYSTEM32\sechost.dll
0x00007ffe5c4f0000 - 0x00007ffe5c701000 	C:\Windows\SYSTEM32\combase.dll
0x00007ffe5c0f0000 - 0x00007ffe5c240000 	C:\Windows\system32\GDI32.dll
0x00007ffe5b620000 - 0x00007ffe5b635000 	C:\Windows\SYSTEM32\profapi.dll
0x00007ffe5a0b0000 - 0x00007ffe5a162000 	C:\Windows\SYSTEM32\SHCORE.dll
0x00007ffe5ddf0000 - 0x00007ffe5de26000 	C:\Windows\system32\IMM32.DLL
0x00007ffe5bf90000 - 0x00007ffe5c0e2000 	C:\Windows\system32\MSCTF.dll
0x00007ffe596f0000 - 0x00007ffe5996b000 	C:\Windows\WinSxS\amd64_microsoft.windows.common-controls_6595b64144ccf1df_6.0.9600.18006_none_623f33d3ecbe86e8\COMCTL32.dll
0x000000006abd0000 - 0x000000006aca2000 	C:\Program Files\Java\jdk1.8.0_31\jre\bin\msvcr100.dll
0x0000000069390000 - 0x0000000069bea000 	C:\Program Files\Java\jdk1.8.0_31\jre\bin\server\jvm.dll
0x00007ffe445c0000 - 0x00007ffe445c9000 	C:\Windows\SYSTEM32\WSOCK32.dll
0x00007ffe591f0000 - 0x00007ffe59212000 	C:\Windows\SYSTEM32\WINMM.dll
0x00007ffe5e1a0000 - 0x00007ffe5e1a7000 	C:\Windows\system32\PSAPI.DLL
0x00007ffe5c250000 - 0x00007ffe5c2aa000 	C:\Windows\system32\WS2_32.dll
0x00007ffe59100000 - 0x00007ffe5912a000 	C:\Windows\SYSTEM32\WINMMBASE.dll
0x00007ffe5c370000 - 0x00007ffe5c379000 	C:\Windows\system32\NSI.dll
0x00007ffe5b6f0000 - 0x00007ffe5b73f000 	C:\Windows\SYSTEM32\cfgmgr32.dll
0x00007ffe5a410000 - 0x00007ffe5a438000 	C:\Windows\SYSTEM32\DEVOBJ.dll
0x000000006b080000 - 0x000000006b08f000 	C:\Program Files\Java\jdk1.8.0_31\jre\bin\verify.dll
0x000000006b050000 - 0x000000006b078000 	C:\Program Files\Java\jdk1.8.0_31\jre\bin\java.dll
0x000000006b030000 - 0x000000006b046000 	C:\Program Files\Java\jdk1.8.0_31\jre\bin\zip.dll
0x00007ffe3ad20000 - 0x00007ffe3aea9000 	C:\Windows\SYSTEM32\dbghelp.dll

VM Arguments:
jvm_args: -Djava.awt.headless=true -Xmx1024M -Dfile.encoding=windows-1252 -Duser.country=FR -Duser.language=fr -Duser.variant 
java_command: com.android.dx.command.Main --dex --num-threads=4 --output D:\AndroidStudioProjects\App2\app\build\intermediates\pre-dexed\release\com.google.android.gms-play-services-analytics-8.4.0_ab019067a73dfb86a7ffe7887a2346b57031fd81.jar D:\AndroidStudioProjects\App2\app\build\intermediates\exploded-aar\com.google.android.gms\play-services-analytics\8.4.0\jars\classes.jar
java_class_path (initial): D:\Android_SDK\build-tools\23.0.3\lib\dx.jar
Launcher Type: SUN_STANDARD

Environment Variables:
JAVA_HOME=C:\Program Files\Java\jdk1.8.0_31
PATH=C:\ProgramData\Oracle\Java\javapath;c:\Rtools\bin;c:\Rtools\gcc-4.6.3\bin;C:\Program Files (x86)\NVIDIA Corporation\PhysX\Common;C:\Program Files (x86)\Intel\iCLS Client\;C:\Program Files\Intel\iCLS Client\;C:\Windows\system32;C:\Windows;C:\Windows\System32\Wbem;C:\Windows\System32\WindowsPowerShell\v1.0\;C:\Program Files\Intel\Intel(R) Management Engine Components\DAL;C:\Program Files\Intel\Intel(R) Management Engine Components\IPT;C:\Program Files (x86)\Intel\Intel(R) Management Engine Components\DAL;C:\Program Files (x86)\Intel\Intel(R) Management Engine Components\IPT;C:\Program Files (x86)\QuickTime\QTSystem\;C:\Program Files\Java\jdk1.8.0_20\jre\bin\server;C:\Python34\;C:\Python34\Scripts;C:\Python34\Lib\site-packages\django\bin\;C:\Program Files\Java\jdk1.8.0_31\bin;C:\Program Files (x86)\Skype\Phone\
USERNAME=Jacques
OS=Windows_NT
PROCESSOR_IDENTIFIER=Intel64 Family 6 Model 60 Stepping 3, GenuineIntel



---------------  S Y S T E M  ---------------

OS: Windows 8.1 , 64 bit Build 9600 

CPU:total 8 (4 cores per cpu, 2 threads per core) family 6 model 60 stepping 3, cmov, cx8, fxsr, mmx, sse, sse2, sse3, ssse3, sse4.1, sse4.2, popcnt, avx, avx2, aes, clmul, erms, lzcnt, ht, tsc, tscinvbit, bmi1, bmi2

Memory: 4k page, physical 16657364k(4060344k free), swap 19803092k(283028k free)

vm_info: Java HotSpot(TM) 64-Bit Server VM (25.31-b07) for windows-amd64 JRE (1.8.0_31-b13), built on Dec 17 2014 21:00:28 by "java_re" with MS VC++ 10.0 (VS2010)

time: Wed Apr 27 01:46:37 2016
elapsed time: 0 seconds (0d 0h 0m 0s)

