#
# There is insufficient memory for the Java Runtime Environment to continue.
# Native memory allocation (malloc) failed to allocate 78160 bytes for Chunk::new
# Possible reasons:
#   The system is out of physical RAM or swap space
#   In 32 bit mode, the process size limit was hit
# Possible solutions:
#   Reduce memory load on the system
#   Increase physical memory or swap space
#   Check if swap backing store is full
#   Use 64 bit Java on a 64 bit OS
#   Decrease Java heap size (-Xmx/-Xms)
#   Decrease number of Java threads
#   Decrease Java thread stack sizes (-Xss)
#   Set larger code cache with -XX:ReservedCodeCacheSize=
# This output file may be truncated or incomplete.
#
#  Out of Memory Error (allocation.cpp:390), pid=8532, tid=18568
#
# JRE version: Java(TM) SE Runtime Environment (8.0_31-b13) (build 1.8.0_31-b13)
# Java VM: Java HotSpot(TM) 64-Bit Server VM (25.31-b07 mixed mode windows-amd64 compressed oops)
# Failed to write core dump. Minidumps are not enabled by default on client versions of Windows
#

---------------  T H R E A D  ---------------

Current thread (0x00000000178c7000):  JavaThread "C2 CompilerThread0" daemon [_thread_in_native, id=18568, stack(0x0000000017ea0000,0x0000000017fa0000)]

Stack: [0x0000000017ea0000,0x0000000017fa0000]
Native frames: (J=compiled Java code, j=interpreted, Vv=VM code, C=native code)
V  [jvm.dll+0x3169ba]


Current CompileTask:
C2:   1365  534       4       sun.misc.MetaIndex::mayContain (51 bytes)


---------------  P R O C E S S  ---------------

Java Threads: ( => current thread )
  0x0000000017bf7800 JavaThread "pool-1-thread-4" [_thread_blocked, id=13072, stack(0x00000000190a0000,0x00000000191a0000)]
  0x0000000017bf6800 JavaThread "pool-1-thread-3" [_thread_blocked, id=19112, stack(0x0000000018fa0000,0x00000000190a0000)]
  0x00000000184b3000 JavaThread "pool-1-thread-2" [_thread_blocked, id=16468, stack(0x0000000018ea0000,0x0000000018fa0000)]
  0x0000000017c17800 JavaThread "pool-2-thread-1" [_thread_blocked, id=10312, stack(0x0000000018da0000,0x0000000018ea0000)]
  0x0000000017c12800 JavaThread "pool-1-thread-1" [_thread_in_vm, id=6876, stack(0x0000000018ca0000,0x0000000018da0000)]
  0x000000001792c000 JavaThread "Service Thread" daemon [_thread_blocked, id=12756, stack(0x00000000182a0000,0x00000000183a0000)]
  0x000000001791d800 JavaThread "C1 CompilerThread3" daemon [_thread_blocked, id=3880, stack(0x00000000181a0000,0x00000000182a0000)]
  0x000000001791b000 JavaThread "C2 CompilerThread2" daemon [_thread_blocked, id=20304, stack(0x00000000180a0000,0x00000000181a0000)]
  0x0000000017917000 JavaThread "C2 CompilerThread1" daemon [_thread_blocked, id=19508, stack(0x0000000017fa0000,0x00000000180a0000)]
=>0x00000000178c7000 JavaThread "C2 CompilerThread0" daemon [_thread_in_native, id=18568, stack(0x0000000017ea0000,0x0000000017fa0000)]
  0x00000000178c5800 JavaThread "Attach Listener" daemon [_thread_blocked, id=20580, stack(0x0000000017da0000,0x0000000017ea0000)]
  0x00000000178c4800 JavaThread "Signal Dispatcher" daemon [_thread_blocked, id=18580, stack(0x0000000017ca0000,0x0000000017da0000)]
  0x0000000002d87800 JavaThread "Finalizer" daemon [_thread_blocked, id=4964, stack(0x00000000177a0000,0x00000000178a0000)]
  0x0000000002d81000 JavaThread "Reference Handler" daemon [_thread_blocked, id=20736, stack(0x00000000176a0000,0x00000000177a0000)]
  0x0000000002c91000 JavaThread "main" [_thread_in_Java, id=15700, stack(0x0000000002b90000,0x0000000002c90000)]

Other Threads:
  0x00000000158a8800 VMThread [stack: 0x00000000175a0000,0x00000000176a0000] [id=17116]
  0x000000001792d000 WatcherThread [stack: 0x00000000183a0000,0x00000000184a0000] [id=19476]

VM state:not at safepoint (normal execution)

VM Mutex/Monitor currently owned by a thread: None

Heap:
 PSYoungGen      total 76288K, used 19702K [0x00000000eab00000, 0x00000000f0000000, 0x0000000100000000)
  eden space 65536K, 30% used [0x00000000eab00000,0x00000000ebe3dba0,0x00000000eeb00000)
  from space 10752K, 0% used [0x00000000ef580000,0x00000000ef580000,0x00000000f0000000)
  to   space 10752K, 0% used [0x00000000eeb00000,0x00000000eeb00000,0x00000000ef580000)
 ParOldGen       total 175104K, used 0K [0x00000000c0000000, 0x00000000cab00000, 0x00000000eab00000)
  object space 175104K, 0% used [0x00000000c0000000,0x00000000c0000000,0x00000000cab00000)
 Metaspace       used 5068K, capacity 6160K, committed 6272K, reserved 1056768K
  class space    used 552K, capacity 584K, committed 640K, reserved 1048576K

Card table byte_map: [0x0000000012150000,0x0000000012360000] byte_map_base: 0x0000000011b50000

Marking Bits: (ParMarkBitMap*) 0x0000000052aad4f0
 Begin Bits: [0x0000000012cc0000, 0x0000000013cc0000)
 End Bits:   [0x0000000013cc0000, 0x0000000014cc0000)

Polling page: 0x0000000001290000

CodeCache: size=245760Kb used=2310Kb max_used=2321Kb free=243449Kb
 bounds [0x0000000002d90000, 0x0000000003000000, 0x0000000011d90000]
 total_blobs=812 nmethods=551 adapters=175
 compilation: enabled

Compilation events (10 events):
Event: 1.357 Thread 0x000000001791d800  538       3       com.android.dx.rop.code.RegisterSpec$ForComparison::set (16 bytes)
Event: 1.357 Thread 0x000000001791d800 nmethod 538 0x0000000002fca3d0 code [0x0000000002fca520, 0x0000000002fca6b0]
Event: 1.357 Thread 0x000000001791d800  539       3       com.android.dx.rop.code.RegisterSpec$ForComparison::hashCode (16 bytes)
Event: 1.357 Thread 0x000000001791d800 nmethod 539 0x0000000002fca750 code [0x0000000002fca8e0, 0x0000000002fcac78]
Event: 1.357 Thread 0x000000001791d800  536       1       com.android.dx.ssa.SsaBasicBlock::getParent (5 bytes)
Event: 1.357 Thread 0x000000001791d800 nmethod 536 0x0000000002fcae50 code [0x0000000002fcafa0, 0x0000000002fcb0b0]
Event: 1.357 Thread 0x000000001791d800  540       3       com.android.dx.rop.code.RegisterSpec::access$600 (7 bytes)
Event: 1.357 Thread 0x000000001791d800 nmethod 540 0x0000000002fcb110 code [0x0000000002fcb2a0, 0x0000000002fcb5b8]
Event: 1.357 Thread 0x000000001791d800  541   !   3       com.android.dx.rop.code.RegisterSpec::intern (70 bytes)
Event: 1.358 Thread 0x000000001791b000  547   !   4       com.android.dx.util.FixedSizeList::set0 (22 bytes)

GC Heap History (0 events):
No events

Deoptimization events (0 events):
No events

Internal exceptions (10 events):
Event: 1.351 Thread 0x0000000017c12800 Exception <a 'java/security/PrivilegedActionException'> (0x00000000eba1bbb8) thrown at [C:\workspace\8-2-build-windows-amd64-cygwin\jdk8u31\2394\hotspot\src\share\vm\prims\jvm.cpp, line 1312]
Event: 1.352 Thread 0x0000000017bf7800 Exception <a 'java/security/PrivilegedActionException'> (0x00000000ebbe3c98) thrown at [C:\workspace\8-2-build-windows-amd64-cygwin\jdk8u31\2394\hotspot\src\share\vm\prims\jvm.cpp, line 1312]
Event: 1.353 Thread 0x0000000017c12800 Exception <a 'java/security/PrivilegedActionException'> (0x00000000eba1fcb0) thrown at [C:\workspace\8-2-build-windows-amd64-cygwin\jdk8u31\2394\hotspot\src\share\vm\prims\jvm.cpp, line 1312]
Event: 1.354 Thread 0x0000000017c12800 Exception <a 'java/security/PrivilegedActionException'> (0x00000000eba23018) thrown at [C:\workspace\8-2-build-windows-amd64-cygwin\jdk8u31\2394\hotspot\src\share\vm\prims\jvm.cpp, line 1312]
Event: 1.354 Thread 0x0000000017c12800 Exception <a 'java/security/PrivilegedActionException'> (0x00000000eba25c70) thrown at [C:\workspace\8-2-build-windows-amd64-cygwin\jdk8u31\2394\hotspot\src\share\vm\prims\jvm.cpp, line 1312]
Event: 1.355 Thread 0x0000000017c12800 Exception <a 'java/security/PrivilegedActionException'> (0x00000000eba288c8) thrown at [C:\workspace\8-2-build-windows-amd64-cygwin\jdk8u31\2394\hotspot\src\share\vm\prims\jvm.cpp, line 1312]
Event: 1.355 Thread 0x0000000017bf6800 Exception <a 'java/security/PrivilegedActionException'> (0x00000000ebad7818) thrown at [C:\workspace\8-2-build-windows-amd64-cygwin\jdk8u31\2394\hotspot\src\share\vm\prims\jvm.cpp, line 1312]
Event: 1.356 Thread 0x0000000017bf6800 Exception <a 'java/security/PrivilegedActionException'> (0x00000000ebadb508) thrown at [C:\workspace\8-2-build-windows-amd64-cygwin\jdk8u31\2394\hotspot\src\share\vm\prims\jvm.cpp, line 1312]
Event: 1.356 Thread 0x0000000017c12800 Exception <a 'java/security/PrivilegedActionException'> (0x00000000eba2de20) thrown at [C:\workspace\8-2-build-windows-amd64-cygwin\jdk8u31\2394\hotspot\src\share\vm\prims\jvm.cpp, line 1312]
Event: 1.357 Thread 0x0000000017c12800 Exception <a 'java/security/PrivilegedActionException'> (0x00000000eba31560) thrown at [C:\workspace\8-2-build-windows-amd64-cygwin\jdk8u31\2394\hotspot\src\share\vm\prims\jvm.cpp, line 1312]

Events (10 events):
Event: 1.355 loading class java/util/TreeMap$EntrySet
Event: 1.355 loading class java/util/TreeMap$EntrySet done
Event: 1.355 loading class java/util/TreeMap$EntryIterator
Event: 1.356 loading class java/util/TreeMap$EntryIterator done
Event: 1.356 loading class com/android/dx/ssa/back/SsaToRop$PhiVisitor
Event: 1.356 loading class com/android/dx/ssa/back/SsaToRop$PhiVisitor done
Event: 1.356 loading class com/android/dx/ssa/back/SsaToRop$1
Event: 1.356 loading class com/android/dx/ssa/back/SsaToRop$1 done
Event: 1.357 loading class com/android/dx/ssa/back/IdenticalBlockCombiner
Event: 1.357 loading class com/android/dx/ssa/back/IdenticalBlockCombiner done


Dynamic libraries:
0x00007ff755c00000 - 0x00007ff755c34000 	C:\Program Files\Java\jdk1.8.0_31\bin\java.exe
0x00007ff891150000 - 0x00007ff8912fd000 	C:\Windows\SYSTEM32\ntdll.dll
0x00007ff8904e0000 - 0x00007ff89061e000 	C:\Windows\system32\KERNEL32.DLL
0x00007ff88e370000 - 0x00007ff88e485000 	C:\Windows\system32\KERNELBASE.dll
0x00007ff88ce20000 - 0x00007ff88ceae000 	C:\Windows\system32\apphelp.dll
0x00007ff8852e0000 - 0x00007ff885333000 	C:\Windows\AppPatch\AppPatch64\AcGenral.DLL
0x00007ff88e7d0000 - 0x00007ff88e87a000 	C:\Windows\system32\msvcrt.dll
0x00007ff88e140000 - 0x00007ff88e16e000 	C:\Windows\SYSTEM32\SspiCli.dll
0x00007ff890d20000 - 0x00007ff890d74000 	C:\Windows\system32\SHLWAPI.dll
0x00007ff8907f0000 - 0x00007ff890967000 	C:\Windows\system32\USER32.dll
0x00007ff88fdf0000 - 0x00007ff88ff84000 	C:\Windows\system32\ole32.dll
0x00007ff88e8c0000 - 0x00007ff88fdea000 	C:\Windows\system32\SHELL32.dll
0x00007ff88d8c0000 - 0x00007ff88d8e1000 	C:\Windows\SYSTEM32\USERENV.dll
0x00007ff8909d0000 - 0x00007ff890a7a000 	C:\Windows\system32\ADVAPI32.dll
0x00007ff881830000 - 0x00007ff88184e000 	C:\Windows\SYSTEM32\MPR.dll
0x00007ff890640000 - 0x00007ff890781000 	C:\Windows\system32\RPCRT4.dll
0x00007ff890110000 - 0x00007ff890169000 	C:\Windows\SYSTEM32\sechost.dll
0x00007ff8902c0000 - 0x00007ff8904d1000 	C:\Windows\SYSTEM32\combase.dll
0x00007ff890170000 - 0x00007ff8902c0000 	C:\Windows\system32\GDI32.dll
0x00007ff88e2a0000 - 0x00007ff88e2b5000 	C:\Windows\SYSTEM32\profapi.dll
0x00007ff88cb00000 - 0x00007ff88cbb2000 	C:\Windows\SYSTEM32\SHCORE.dll
0x00007ff88e880000 - 0x00007ff88e8b6000 	C:\Windows\system32\IMM32.DLL
0x00007ff88ff90000 - 0x00007ff8900e2000 	C:\Windows\system32\MSCTF.dll
0x00007ff88c370000 - 0x00007ff88c5eb000 	C:\Windows\WinSxS\amd64_microsoft.windows.common-controls_6595b64144ccf1df_6.0.9600.18006_none_623f33d3ecbe86e8\COMCTL32.dll
0x0000000053770000 - 0x0000000053842000 	C:\Program Files\Java\jdk1.8.0_31\jre\bin\msvcr100.dll
0x00000000522d0000 - 0x0000000052b2a000 	C:\Program Files\Java\jdk1.8.0_31\jre\bin\server\jvm.dll
0x00007ff88a750000 - 0x00007ff88a759000 	C:\Windows\SYSTEM32\WSOCK32.dll
0x00007ff88be70000 - 0x00007ff88be92000 	C:\Windows\SYSTEM32\WINMM.dll
0x00007ff8910d0000 - 0x00007ff8910d7000 	C:\Windows\system32\PSAPI.DLL
0x00007ff890790000 - 0x00007ff8907ea000 	C:\Windows\system32\WS2_32.dll
0x00007ff88bdf0000 - 0x00007ff88be1a000 	C:\Windows\SYSTEM32\WINMMBASE.dll
0x00007ff8900f0000 - 0x00007ff8900f9000 	C:\Windows\system32\NSI.dll
0x00007ff88e4f0000 - 0x00007ff88e53f000 	C:\Windows\SYSTEM32\cfgmgr32.dll
0x00007ff88d090000 - 0x00007ff88d0b8000 	C:\Windows\SYSTEM32\DEVOBJ.dll
0x0000000054710000 - 0x000000005471f000 	C:\Program Files\Java\jdk1.8.0_31\jre\bin\verify.dll
0x00000000546e0000 - 0x0000000054708000 	C:\Program Files\Java\jdk1.8.0_31\jre\bin\java.dll
0x00000000546c0000 - 0x00000000546d6000 	C:\Program Files\Java\jdk1.8.0_31\jre\bin\zip.dll

VM Arguments:
jvm_args: -Djava.awt.headless=true -Xmx1024M -Dfile.encoding=windows-1252 -Duser.country=FR -Duser.language=fr -Duser.variant 
java_command: com.android.dx.command.Main --dex --num-threads=4 --output D:\AndroidStudioProjects\App2\app\build\intermediates\pre-dexed\release\glide-3.6.0_70fe51003ad7049faf4a100fb190dc2f762f7e06.jar C:\Users\Jacques\.gradle\caches\modules-2\files-2.1\com.github.bumptech.glide\glide\3.6.0\a7537446a030da8eb0da4c71424d16c2589f6c4a\glide-3.6.0.jar
java_class_path (initial): D:\Android_SDK\build-tools\23.0.3\lib\dx.jar
Launcher Type: SUN_STANDARD

Environment Variables:
JAVA_HOME=C:\Program Files\Java\jdk1.8.0_31
PATH=C:\ProgramData\Oracle\Java\javapath;c:\Rtools\bin;c:\Rtools\gcc-4.6.3\bin;C:\Program Files (x86)\NVIDIA Corporation\PhysX\Common;C:\Program Files (x86)\Intel\iCLS Client\;C:\Program Files\Intel\iCLS Client\;C:\Windows\system32;C:\Windows;C:\Windows\System32\Wbem;C:\Windows\System32\WindowsPowerShell\v1.0\;C:\Program Files\Intel\Intel(R) Management Engine Components\DAL;C:\Program Files\Intel\Intel(R) Management Engine Components\IPT;C:\Program Files (x86)\Intel\Intel(R) Management Engine Components\DAL;C:\Program Files (x86)\Intel\Intel(R) Management Engine Components\IPT;C:\Program Files (x86)\QuickTime\QTSystem\;C:\Program Files\Java\jdk1.8.0_20\jre\bin\server;C:\Python34\;C:\Python34\Scripts;C:\Python34\Lib\site-packages\django\bin\;C:\Program Files\Java\jdk1.8.0_31\bin;C:\Program Files (x86)\Skype\Phone\
USERNAME=Jacques
OS=Windows_NT
PROCESSOR_IDENTIFIER=Intel64 Family 6 Model 60 Stepping 3, GenuineIntel



---------------  S Y S T E M  ---------------

OS: Windows 8.1 , 64 bit Build 9600 

CPU:total 8 (4 cores per cpu, 2 threads per core) family 6 model 60 stepping 3, cmov, cx8, fxsr, mmx, sse, sse2, sse3, ssse3, sse4.1, sse4.2, popcnt, avx, avx2, aes, clmul, erms, lzcnt, ht, tsc, tscinvbit, bmi1, bmi2

Memory: 4k page, physical 16657364k(3523376k free), swap 19803092k(4884k free)

vm_info: Java HotSpot(TM) 64-Bit Server VM (25.31-b07) for windows-amd64 JRE (1.8.0_31-b13), built on Dec 17 2014 21:00:28 by "java_re" with MS VC++ 10.0 (VS2010)

time: Tue Mar 29 19:07:25 2016
elapsed time: 1 seconds (0d 0h 0m 1s)

