#
# There is insufficient memory for the Java Runtime Environment to continue.
# Native memory allocation (malloc) failed to allocate 570416 bytes for Chunk::new
# Possible reasons:
#   The system is out of physical RAM or swap space
#   In 32 bit mode, the process size limit was hit
# Possible solutions:
#   Reduce memory load on the system
#   Increase physical memory or swap space
#   Check if swap backing store is full
#   Use 64 bit Java on a 64 bit OS
#   Decrease Java heap size (-Xmx/-Xms)
#   Decrease number of Java threads
#   Decrease Java thread stack sizes (-Xss)
#   Set larger code cache with -XX:ReservedCodeCacheSize=
# This output file may be truncated or incomplete.
#
#  Out of Memory Error (allocation.cpp:390), pid=15888, tid=8768
#
# JRE version: Java(TM) SE Runtime Environment (8.0_31-b13) (build 1.8.0_31-b13)
# Java VM: Java HotSpot(TM) 64-Bit Server VM (25.31-b07 mixed mode windows-amd64 compressed oops)
# Failed to write core dump. Minidumps are not enabled by default on client versions of Windows
#

---------------  T H R E A D  ---------------

Current thread (0x0000000017026000):  JavaThread "C2 CompilerThread0" daemon [_thread_in_native, id=8768, stack(0x0000000017600000,0x0000000017700000)]

Stack: [0x0000000017600000,0x0000000017700000]
Native frames: (J=compiled Java code, j=interpreted, Vv=VM code, C=native code)
V  [jvm.dll+0x3169ba]


Current CompileTask:
C2:    910 1294       4       com.android.dx.ssa.LiteralOpUpgrader$1::visitNonMoveInsn (203 bytes)


---------------  P R O C E S S  ---------------

Java Threads: ( => current thread )
  0x00000000172da000 JavaThread "pool-1-thread-4" [_thread_blocked, id=11124, stack(0x0000000018800000,0x0000000018900000)]
  0x0000000017c10800 JavaThread "pool-1-thread-3" [_thread_in_Java, id=12200, stack(0x0000000018700000,0x0000000018800000)]
  0x00000000173fe000 JavaThread "pool-1-thread-2" [_thread_in_vm, id=18708, stack(0x0000000018600000,0x0000000018700000)]
  0x0000000017344000 JavaThread "pool-2-thread-1" [_thread_blocked, id=18508, stack(0x0000000018500000,0x0000000018600000)]
  0x0000000017343800 JavaThread "pool-1-thread-1" [_thread_in_Java, id=19168, stack(0x0000000018400000,0x0000000018500000)]
  0x00000000170b7000 JavaThread "Service Thread" daemon [_thread_blocked, id=13336, stack(0x0000000017a00000,0x0000000017b00000)]
  0x0000000017032000 JavaThread "C1 CompilerThread3" daemon [_thread_blocked, id=14860, stack(0x0000000017900000,0x0000000017a00000)]
  0x000000001702d000 JavaThread "C2 CompilerThread2" daemon [_thread_in_native, id=8460, stack(0x0000000017800000,0x0000000017900000)]
  0x0000000017029000 JavaThread "C2 CompilerThread1" daemon [_thread_in_native, id=5176, stack(0x0000000017700000,0x0000000017800000)]
=>0x0000000017026000 JavaThread "C2 CompilerThread0" daemon [_thread_in_native, id=8768, stack(0x0000000017600000,0x0000000017700000)]
  0x0000000017024800 JavaThread "Attach Listener" daemon [_thread_blocked, id=7420, stack(0x0000000017500000,0x0000000017600000)]
  0x0000000017023800 JavaThread "Signal Dispatcher" daemon [_thread_blocked, id=13988, stack(0x0000000017400000,0x0000000017500000)]
  0x0000000002507800 JavaThread "Finalizer" daemon [_thread_blocked, id=14984, stack(0x0000000016f00000,0x0000000017000000)]
  0x000000001502c800 JavaThread "Reference Handler" daemon [_thread_blocked, id=15136, stack(0x0000000016e00000,0x0000000016f00000)]
  0x0000000002411000 JavaThread "main" [_thread_in_Java, id=16700, stack(0x00000000022f0000,0x00000000023f0000)]

Other Threads:
  0x0000000015028800 VMThread [stack: 0x0000000016d00000,0x0000000016e00000] [id=17068]
  0x00000000170bd000 WatcherThread [stack: 0x0000000017b00000,0x0000000017c00000] [id=11036]

VM state:not at safepoint (normal execution)

VM Mutex/Monitor currently owned by a thread: None

Heap:
 PSYoungGen      total 76288K, used 39330K [0x00000000eab00000, 0x00000000f0000000, 0x0000000100000000)
  eden space 65536K, 60% used [0x00000000eab00000,0x00000000ed1688a8,0x00000000eeb00000)
  from space 10752K, 0% used [0x00000000ef580000,0x00000000ef580000,0x00000000f0000000)
  to   space 10752K, 0% used [0x00000000eeb00000,0x00000000eeb00000,0x00000000ef580000)
 ParOldGen       total 175104K, used 0K [0x00000000c0000000, 0x00000000cab00000, 0x00000000eab00000)
  object space 175104K, 0% used [0x00000000c0000000,0x00000000c0000000,0x00000000cab00000)
 Metaspace       used 5921K, capacity 6896K, committed 7040K, reserved 1056768K
  class space    used 589K, capacity 616K, committed 640K, reserved 1048576K

Card table byte_map: [0x00000000118d0000,0x0000000011ae0000] byte_map_base: 0x00000000112d0000

Marking Bits: (ParMarkBitMap*) 0x0000000069b6d4f0
 Begin Bits: [0x0000000012440000, 0x0000000013440000)
 End Bits:   [0x0000000013440000, 0x0000000014440000)

Polling page: 0x0000000000a60000

CodeCache: size=245760Kb used=5035Kb max_used=5047Kb free=240724Kb
 bounds [0x0000000002510000, 0x0000000002a10000, 0x0000000011510000]
 total_blobs=1561 nmethods=1297 adapters=178
 compilation: enabled

Compilation events (10 events):
Event: 0.886 Thread 0x0000000017032000 1300       3       com.android.dx.cf.code.BasicBlocker::visitBranch (98 bytes)
Event: 0.887 Thread 0x0000000017032000 nmethod 1300 0x00000000029f9b90 code [0x00000000029f9e80, 0x00000000029fb418]
Event: 0.892 Thread 0x0000000017029000 nmethod 1286 0x00000000029ffd10 code [0x00000000029ffee0, 0x0000000002a006f0]
Event: 0.892 Thread 0x0000000017029000 1296   !   4       com.android.dx.rop.code.BasicBlock::<init> (273 bytes)
Event: 0.893 Thread 0x0000000017026000 nmethod 1292 0x0000000002a011d0 code [0x0000000002a01380, 0x0000000002a01ad0]
Event: 0.893 Thread 0x0000000017026000 1294       4       com.android.dx.ssa.LiteralOpUpgrader$1::visitNonMoveInsn (203 bytes)
Event: 0.896 Thread 0x0000000017032000 1301       3       com.android.dx.cf.code.Frame::mergeWith (80 bytes)
Event: 0.897 Thread 0x0000000017032000 nmethod 1301 0x00000000029fe650 code [0x00000000029fe880, 0x00000000029ff868]
Event: 0.900 Thread 0x0000000017029000 nmethod 1296 0x0000000002a03d10 code [0x0000000002a03e80, 0x0000000002a043f8]
Event: 0.900 Thread 0x0000000017029000 1295       4       com.android.dx.ssa.LiteralOpUpgrader::tryReplacingWithConstant (161 bytes)

GC Heap History (0 events):
No events

Deoptimization events (10 events):
Event: 0.675 Thread 0x00000000173fe000 Uncommon trap: reason=unreached action=reinterpret pc=0x000000000278ea9c method=com.android.dx.rop.cst.Constant.compareTo(Lcom/android/dx/rop/cst/Constant;)I @ 12
Event: 0.787 Thread 0x00000000172da000 Uncommon trap: reason=bimorphic action=maybe_recompile pc=0x0000000002721cac method=java.util.HashMap.getNode(ILjava/lang/Object;)Ljava/util/HashMap$Node; @ 126
Event: 0.787 Thread 0x00000000172da000 Uncommon trap: reason=class_check action=maybe_recompile pc=0x00000000028bf5f4 method=java.util.HashMap.putVal(ILjava/lang/Object;Ljava/lang/Object;ZZ)Ljava/lang/Object; @ 203
Event: 0.788 Thread 0x0000000002411000 Uncommon trap: reason=bimorphic action=maybe_recompile pc=0x0000000002721cac method=java.util.HashMap.getNode(ILjava/lang/Object;)Ljava/util/HashMap$Node; @ 126
Event: 0.788 Thread 0x0000000002411000 Uncommon trap: reason=class_check action=maybe_recompile pc=0x00000000028bf5f4 method=java.util.HashMap.putVal(ILjava/lang/Object;Ljava/lang/Object;ZZ)Ljava/lang/Object; @ 203
Event: 0.791 Thread 0x00000000172da000 Uncommon trap: reason=bimorphic action=maybe_recompile pc=0x0000000002721cac method=java.util.HashMap.getNode(ILjava/lang/Object;)Ljava/util/HashMap$Node; @ 126
Event: 0.791 Thread 0x00000000172da000 Uncommon trap: reason=class_check action=maybe_recompile pc=0x00000000028bf5f4 method=java.util.HashMap.putVal(ILjava/lang/Object;Ljava/lang/Object;ZZ)Ljava/lang/Object; @ 203
Event: 0.791 Thread 0x00000000172da000 Uncommon trap: reason=bimorphic action=maybe_recompile pc=0x0000000002721cac method=java.util.HashMap.getNode(ILjava/lang/Object;)Ljava/util/HashMap$Node; @ 126
Event: 0.791 Thread 0x00000000172da000 Uncommon trap: reason=class_check action=maybe_recompile pc=0x00000000028bf5f4 method=java.util.HashMap.putVal(ILjava/lang/Object;Ljava/lang/Object;ZZ)Ljava/lang/Object; @ 203
Event: 0.791 Thread 0x00000000172da000 Uncommon trap: reason=bimorphic action=maybe_recompile pc=0x000000000271bb10 method=java.util.HashMap.getNode(ILjava/lang/Object;)Ljava/util/HashMap$Node; @ 126

Internal exceptions (10 events):
Event: 0.369 Thread 0x0000000017343800 Exception <a 'java/security/PrivilegedActionException'> (0x00000000eba9efa0) thrown at [C:\workspace\8-2-build-windows-amd64-cygwin\jdk8u31\2394\hotspot\src\share\vm\prims\jvm.cpp, line 1312]
Event: 0.370 Thread 0x00000000173fe000 Exception <a 'java/security/PrivilegedActionException'> (0x00000000eb955730) thrown at [C:\workspace\8-2-build-windows-amd64-cygwin\jdk8u31\2394\hotspot\src\share\vm\prims\jvm.cpp, line 1312]
Event: 0.371 Thread 0x0000000017343800 Exception <a 'java/security/PrivilegedActionException'> (0x00000000ebaa9080) thrown at [C:\workspace\8-2-build-windows-amd64-cygwin\jdk8u31\2394\hotspot\src\share\vm\prims\jvm.cpp, line 1312]
Event: 0.371 Thread 0x0000000002411000 Exception <a 'java/security/PrivilegedActionException'> (0x00000000ebc1b890) thrown at [C:\workspace\8-2-build-windows-amd64-cygwin\jdk8u31\2394\hotspot\src\share\vm\prims\jvm.cpp, line 1312]
Event: 0.373 Thread 0x0000000017c10800 Exception <a 'java/security/PrivilegedActionException'> (0x00000000eb74b270) thrown at [C:\workspace\8-2-build-windows-amd64-cygwin\jdk8u31\2394\hotspot\src\share\vm\prims\jvm.cpp, line 1312]
Event: 0.388 Thread 0x0000000017343800 Exception <a 'java/security/PrivilegedActionException'> (0x00000000ebad9638) thrown at [C:\workspace\8-2-build-windows-amd64-cygwin\jdk8u31\2394\hotspot\src\share\vm\prims\jvm.cpp, line 1312]
Event: 0.439 Thread 0x0000000017343800 Exception <a 'java/security/PrivilegedActionException'> (0x00000000ebb57aa0) thrown at [C:\workspace\8-2-build-windows-amd64-cygwin\jdk8u31\2394\hotspot\src\share\vm\prims\jvm.cpp, line 1312]
Event: 0.546 Thread 0x0000000002411000 Exception <a 'java/security/PrivilegedActionException'> (0x00000000ebccaca0) thrown at [C:\workspace\8-2-build-windows-amd64-cygwin\jdk8u31\2394\hotspot\src\share\vm\prims\jvm.cpp, line 1312]
Event: 0.608 Thread 0x0000000002411000 Exception <a 'java/security/PrivilegedActionException'> (0x00000000ec156608) thrown at [C:\workspace\8-2-build-windows-amd64-cygwin\jdk8u31\2394\hotspot\src\share\vm\prims\jvm.cpp, line 1312]
Event: 0.610 Thread 0x0000000002411000 Exception <a 'java/security/PrivilegedActionException'> (0x00000000ec158d60) thrown at [C:\workspace\8-2-build-windows-amd64-cygwin\jdk8u31\2394\hotspot\src\share\vm\prims\jvm.cpp, line 1312]

Events (10 events):
Event: 0.791 Thread 0x00000000172da000 DEOPT UNPACKING pc=0x000000000255556a sp=0x00000000188feb88 mode 2
Event: 0.791 Thread 0x00000000172da000 Uncommon trap: trap_request=0xffffffc6 fr.pc=0x0000000002721cac
Event: 0.791 Thread 0x00000000172da000 DEOPT PACKING pc=0x0000000002721cac sp=0x00000000188fecd0
Event: 0.791 Thread 0x00000000172da000 DEOPT UNPACKING pc=0x000000000255556a sp=0x00000000188febe8 mode 2
Event: 0.791 Thread 0x00000000172da000 Uncommon trap: trap_request=0xffffffde fr.pc=0x00000000028bf5f4
Event: 0.791 Thread 0x00000000172da000 DEOPT PACKING pc=0x00000000028bf5f4 sp=0x00000000188fec10
Event: 0.791 Thread 0x00000000172da000 DEOPT UNPACKING pc=0x000000000255556a sp=0x00000000188feb88 mode 2
Event: 0.791 Thread 0x00000000172da000 Uncommon trap: trap_request=0xffffffc6 fr.pc=0x000000000271bb10
Event: 0.791 Thread 0x00000000172da000 DEOPT PACKING pc=0x000000000271bb10 sp=0x00000000188fec60
Event: 0.791 Thread 0x00000000172da000 DEOPT UNPACKING pc=0x000000000255556a sp=0x00000000188febe8 mode 2


Dynamic libraries:
0x00007ff7bf600000 - 0x00007ff7bf634000 	C:\Program Files\Java\jdk1.8.0_31\bin\java.exe
0x00007ffe5e4d0000 - 0x00007ffe5e67d000 	C:\Windows\SYSTEM32\ntdll.dll
0x00007ffe5bb50000 - 0x00007ffe5bc8e000 	C:\Windows\system32\KERNEL32.DLL
0x00007ffe5b740000 - 0x00007ffe5b855000 	C:\Windows\system32\KERNELBASE.dll
0x00007ffe5a1a0000 - 0x00007ffe5a22e000 	C:\Windows\system32\apphelp.dll
0x00007ffe4c450000 - 0x00007ffe4c4a3000 	C:\Windows\AppPatch\AppPatch64\AcGenral.DLL
0x00007ffe5c3e0000 - 0x00007ffe5c48a000 	C:\Windows\system32\msvcrt.dll
0x00007ffe5b4c0000 - 0x00007ffe5b4ee000 	C:\Windows\SYSTEM32\SspiCli.dll
0x00007ffe5c380000 - 0x00007ffe5c3d4000 	C:\Windows\system32\SHLWAPI.dll
0x00007ffe5e1b0000 - 0x00007ffe5e327000 	C:\Windows\system32\USER32.dll
0x00007ffe5c720000 - 0x00007ffe5c8b4000 	C:\Windows\system32\ole32.dll
0x00007ffe5c8c0000 - 0x00007ffe5ddea000 	C:\Windows\system32\SHELL32.dll
0x00007ffe5ac40000 - 0x00007ffe5ac61000 	C:\Windows\SYSTEM32\USERENV.dll
0x00007ffe5e420000 - 0x00007ffe5e4ca000 	C:\Windows\system32\ADVAPI32.dll
0x00007ffe50e80000 - 0x00007ffe50e9e000 	C:\Windows\SYSTEM32\MPR.dll
0x00007ffe5bc90000 - 0x00007ffe5bdd1000 	C:\Windows\system32\RPCRT4.dll
0x00007ffe5c490000 - 0x00007ffe5c4e9000 	C:\Windows\SYSTEM32\sechost.dll
0x00007ffe5c4f0000 - 0x00007ffe5c701000 	C:\Windows\SYSTEM32\combase.dll
0x00007ffe5c0f0000 - 0x00007ffe5c240000 	C:\Windows\system32\GDI32.dll
0x00007ffe5b620000 - 0x00007ffe5b635000 	C:\Windows\SYSTEM32\profapi.dll
0x00007ffe5a0b0000 - 0x00007ffe5a162000 	C:\Windows\SYSTEM32\SHCORE.dll
0x00007ffe5ddf0000 - 0x00007ffe5de26000 	C:\Windows\system32\IMM32.DLL
0x00007ffe5bf90000 - 0x00007ffe5c0e2000 	C:\Windows\system32\MSCTF.dll
0x00007ffe596f0000 - 0x00007ffe5996b000 	C:\Windows\WinSxS\amd64_microsoft.windows.common-controls_6595b64144ccf1df_6.0.9600.18006_none_623f33d3ecbe86e8\COMCTL32.dll
0x000000006abd0000 - 0x000000006aca2000 	C:\Program Files\Java\jdk1.8.0_31\jre\bin\msvcr100.dll
0x0000000069390000 - 0x0000000069bea000 	C:\Program Files\Java\jdk1.8.0_31\jre\bin\server\jvm.dll
0x00007ffe445c0000 - 0x00007ffe445c9000 	C:\Windows\SYSTEM32\WSOCK32.dll
0x00007ffe591f0000 - 0x00007ffe59212000 	C:\Windows\SYSTEM32\WINMM.dll
0x00007ffe5e1a0000 - 0x00007ffe5e1a7000 	C:\Windows\system32\PSAPI.DLL
0x00007ffe5c250000 - 0x00007ffe5c2aa000 	C:\Windows\system32\WS2_32.dll
0x00007ffe59100000 - 0x00007ffe5912a000 	C:\Windows\SYSTEM32\WINMMBASE.dll
0x00007ffe5c370000 - 0x00007ffe5c379000 	C:\Windows\system32\NSI.dll
0x00007ffe5b6f0000 - 0x00007ffe5b73f000 	C:\Windows\SYSTEM32\cfgmgr32.dll
0x00007ffe5a410000 - 0x00007ffe5a438000 	C:\Windows\SYSTEM32\DEVOBJ.dll
0x000000006b080000 - 0x000000006b08f000 	C:\Program Files\Java\jdk1.8.0_31\jre\bin\verify.dll
0x000000006b050000 - 0x000000006b078000 	C:\Program Files\Java\jdk1.8.0_31\jre\bin\java.dll
0x000000006b030000 - 0x000000006b046000 	C:\Program Files\Java\jdk1.8.0_31\jre\bin\zip.dll
0x00007ffe3ad20000 - 0x00007ffe3aea9000 	C:\Windows\SYSTEM32\dbghelp.dll

VM Arguments:
jvm_args: -Djava.awt.headless=true -Xmx1024M -Dfile.encoding=windows-1252 -Duser.country=FR -Duser.language=fr -Duser.variant 
java_command: com.android.dx.command.Main --dex --num-threads=4 --output D:\AndroidStudioProjects\App2\app\build\intermediates\pre-dexed\release\com.android.support-recyclerview-v7-23.2.1_8815c421da1a244bf65b07eba339c76b24f031eb.jar D:\AndroidStudioProjects\App2\app\build\intermediates\exploded-aar\com.android.support\recyclerview-v7\23.2.1\jars\classes.jar
java_class_path (initial): D:\Android_SDK\build-tools\23.0.3\lib\dx.jar
Launcher Type: SUN_STANDARD

Environment Variables:
JAVA_HOME=C:\Program Files\Java\jdk1.8.0_31
PATH=C:\ProgramData\Oracle\Java\javapath;c:\Rtools\bin;c:\Rtools\gcc-4.6.3\bin;C:\Program Files (x86)\NVIDIA Corporation\PhysX\Common;C:\Program Files (x86)\Intel\iCLS Client\;C:\Program Files\Intel\iCLS Client\;C:\Windows\system32;C:\Windows;C:\Windows\System32\Wbem;C:\Windows\System32\WindowsPowerShell\v1.0\;C:\Program Files\Intel\Intel(R) Management Engine Components\DAL;C:\Program Files\Intel\Intel(R) Management Engine Components\IPT;C:\Program Files (x86)\Intel\Intel(R) Management Engine Components\DAL;C:\Program Files (x86)\Intel\Intel(R) Management Engine Components\IPT;C:\Program Files (x86)\QuickTime\QTSystem\;C:\Program Files\Java\jdk1.8.0_20\jre\bin\server;C:\Python34\;C:\Python34\Scripts;C:\Python34\Lib\site-packages\django\bin\;C:\Program Files\Java\jdk1.8.0_31\bin;C:\Program Files (x86)\Skype\Phone\
USERNAME=Jacques
OS=Windows_NT
PROCESSOR_IDENTIFIER=Intel64 Family 6 Model 60 Stepping 3, GenuineIntel



---------------  S Y S T E M  ---------------

OS: Windows 8.1 , 64 bit Build 9600 

CPU:total 8 (4 cores per cpu, 2 threads per core) family 6 model 60 stepping 3, cmov, cx8, fxsr, mmx, sse, sse2, sse3, ssse3, sse4.1, sse4.2, popcnt, avx, avx2, aes, clmul, erms, lzcnt, ht, tsc, tscinvbit, bmi1, bmi2

Memory: 4k page, physical 16657364k(4048672k free), swap 19803092k(5220k free)

vm_info: Java HotSpot(TM) 64-Bit Server VM (25.31-b07) for windows-amd64 JRE (1.8.0_31-b13), built on Dec 17 2014 21:00:28 by "java_re" with MS VC++ 10.0 (VS2010)

time: Wed Apr 27 01:46:37 2016
elapsed time: 0 seconds (0d 0h 0m 0s)

