#
# There is insufficient memory for the Java Runtime Environment to continue.
# Native memory allocation (malloc) failed to allocate 724016 bytes for Chunk::new
# Possible reasons:
#   The system is out of physical RAM or swap space
#   In 32 bit mode, the process size limit was hit
# Possible solutions:
#   Reduce memory load on the system
#   Increase physical memory or swap space
#   Check if swap backing store is full
#   Use 64 bit Java on a 64 bit OS
#   Decrease Java heap size (-Xmx/-Xms)
#   Decrease number of Java threads
#   Decrease Java thread stack sizes (-Xss)
#   Set larger code cache with -XX:ReservedCodeCacheSize=
# This output file may be truncated or incomplete.
#
#  Out of Memory Error (allocation.cpp:390), pid=6128, tid=10476
#
# JRE version: Java(TM) SE Runtime Environment (8.0_31-b13) (build 1.8.0_31-b13)
# Java VM: Java HotSpot(TM) 64-Bit Server VM (25.31-b07 mixed mode windows-amd64 compressed oops)
# Failed to write core dump. Minidumps are not enabled by default on client versions of Windows
#

---------------  T H R E A D  ---------------

Current thread (0x000000001697c800):  JavaThread "C2 CompilerThread1" daemon [_thread_in_native, id=10476, stack(0x0000000017050000,0x0000000017150000)]

Stack: [0x0000000017050000,0x0000000017150000]
Native frames: (J=compiled Java code, j=interpreted, Vv=VM code, C=native code)
V  [jvm.dll+0x3169ba]
V  [jvm.dll+0x2674c3]
V  [jvm.dll+0x268103]
V  [jvm.dll+0x25f8f5]
V  [jvm.dll+0xbf025]
V  [jvm.dll+0xbf4cc]
V  [jvm.dll+0x4798bc]
V  [jvm.dll+0x446c9b]
V  [jvm.dll+0x451bce]
V  [jvm.dll+0x4541b8]
V  [jvm.dll+0x437c62]
V  [jvm.dll+0x988e2]
V  [jvm.dll+0x990d3]
V  [jvm.dll+0x22c194]
V  [jvm.dll+0x28576a]
C  [msvcr100.dll+0x21d9f]
C  [msvcr100.dll+0x21e3b]
C  [KERNEL32.DLL+0x13d2]
C  [ntdll.dll+0x154e4]


Current CompileTask:
C2:   3740 1541       4       com.android.dx.rop.code.Rops::ropFor (771 bytes)


---------------  P R O C E S S  ---------------

Java Threads: ( => current thread )
  0x0000000016bc8800 JavaThread "pool-1-thread-4" [_thread_blocked, id=5960, stack(0x0000000017950000,0x0000000017a50000)]
  0x0000000016c06000 JavaThread "pool-1-thread-3" [_thread_blocked, id=10556, stack(0x0000000017850000,0x0000000017950000)]
  0x0000000016c04800 JavaThread "pool-1-thread-2" [_thread_in_Java, id=14148, stack(0x0000000017750000,0x0000000017850000)]
  0x0000000016bcc800 JavaThread "pool-2-thread-1" [_thread_blocked, id=17152, stack(0x0000000017650000,0x0000000017750000)]
  0x0000000016bca000 JavaThread "pool-1-thread-1" [_thread_blocked, id=15196, stack(0x0000000017550000,0x0000000017650000)]
  0x00000000169d6000 JavaThread "Service Thread" daemon [_thread_blocked, id=12436, stack(0x0000000017350000,0x0000000017450000)]
  0x0000000016981800 JavaThread "C1 CompilerThread3" daemon [_thread_blocked, id=4252, stack(0x0000000017250000,0x0000000017350000)]
  0x000000001697d800 JavaThread "C2 CompilerThread2" daemon [_thread_blocked, id=12080, stack(0x0000000017150000,0x0000000017250000)]
=>0x000000001697c800 JavaThread "C2 CompilerThread1" daemon [_thread_in_native, id=10476, stack(0x0000000017050000,0x0000000017150000)]
  0x0000000016979800 JavaThread "C2 CompilerThread0" daemon [_thread_blocked, id=7216, stack(0x0000000016f50000,0x0000000017050000)]
  0x0000000016974800 JavaThread "Attach Listener" daemon [_thread_blocked, id=18476, stack(0x0000000016e50000,0x0000000016f50000)]
  0x0000000016973800 JavaThread "Signal Dispatcher" daemon [_thread_blocked, id=18016, stack(0x0000000016d50000,0x0000000016e50000)]
  0x0000000001e48000 JavaThread "Finalizer" daemon [_thread_blocked, id=11332, stack(0x0000000016850000,0x0000000016950000)]
  0x000000001496c000 JavaThread "Reference Handler" daemon [_thread_blocked, id=14804, stack(0x0000000016750000,0x0000000016850000)]
  0x0000000001d51000 JavaThread "main" [_thread_blocked, id=12344, stack(0x0000000001ba0000,0x0000000001ca0000)]

Other Threads:
  0x0000000014968800 VMThread [stack: 0x0000000016650000,0x0000000016750000] [id=14224]
  0x00000000169e3000 WatcherThread [stack: 0x0000000017450000,0x0000000017550000] [id=17432]

VM state:not at safepoint (normal execution)

VM Mutex/Monitor currently owned by a thread: None

Heap:
 PSYoungGen      total 76288K, used 56384K [0x00000000eab00000, 0x00000000f0000000, 0x0000000100000000)
  eden space 65536K, 86% used [0x00000000eab00000,0x00000000ee2102d0,0x00000000eeb00000)
  from space 10752K, 0% used [0x00000000ef580000,0x00000000ef580000,0x00000000f0000000)
  to   space 10752K, 0% used [0x00000000eeb00000,0x00000000eeb00000,0x00000000ef580000)
 ParOldGen       total 175104K, used 0K [0x00000000c0000000, 0x00000000cab00000, 0x00000000eab00000)
  object space 175104K, 0% used [0x00000000c0000000,0x00000000c0000000,0x00000000cab00000)
 Metaspace       used 6080K, capacity 7088K, committed 7296K, reserved 1056768K
  class space    used 589K, capacity 616K, committed 640K, reserved 1048576K

Card table byte_map: [0x0000000011210000,0x0000000011420000] byte_map_base: 0x0000000010c10000

Marking Bits: (ParMarkBitMap*) 0x0000000069b6d4f0
 Begin Bits: [0x0000000011d80000, 0x0000000012d80000)
 End Bits:   [0x0000000012d80000, 0x0000000013d80000)

Polling page: 0x0000000000320000

CodeCache: size=245760Kb used=6545Kb max_used=6557Kb free=239214Kb
 bounds [0x0000000001e50000, 0x00000000024c0000, 0x0000000010e50000]
 total_blobs=1843 nmethods=1579 adapters=178
 compilation: enabled

Compilation events (10 events):
Event: 3.544 Thread 0x0000000016981800 nmethod 1576 0x00000000024a3b10 code [0x00000000024a3ce0, 0x00000000024a4318]
Event: 3.544 Thread 0x0000000016981800 1578       3       com.android.dx.ssa.back.FirstFitLocalCombiningAllocator::handleInvokeRangeInsns (36 bytes)
Event: 3.544 Thread 0x0000000016981800 nmethod 1578 0x00000000024a7210 code [0x00000000024a73e0, 0x00000000024a7a18]
Event: 3.544 Thread 0x0000000016981800 1572       3       com.android.dx.cf.iface.StdFieldList::get (9 bytes)
Event: 3.545 Thread 0x0000000016981800 nmethod 1572 0x00000000024a1b10 code [0x00000000024a1c80, 0x00000000024a1f88]
Event: 3.545 Thread 0x0000000016981800 1573       3       com.android.dx.dex.file.EncodedField::<init> (25 bytes)
Event: 3.545 Thread 0x0000000016981800 nmethod 1573 0x00000000024a3550 code [0x00000000024a36c0, 0x00000000024a39c8]
Event: 3.562 Thread 0x000000001697d800 nmethod 1577 0x00000000024bbcd0 code [0x00000000024bbec0, 0x00000000024bce60]
Event: 3.562 Thread 0x0000000016981800 1579       3       com.android.dx.rop.code.DexTranslationAdvice::getMaxOptimalRegisterCount (3 bytes)
Event: 3.562 Thread 0x0000000016981800 nmethod 1579 0x0000000002461b10 code [0x0000000002461c60, 0x0000000002461db0]

GC Heap History (0 events):
No events

Deoptimization events (8 events):
Event: 1.299 Thread 0x0000000016c04800 Uncommon trap: reason=class_check action=maybe_recompile pc=0x00000000022c029c method=com.android.dx.cf.code.BytecodeArray.parseInstruction(ILcom/android/dx/cf/code/BytecodeArray$Visitor;)I @ 2383
Event: 1.318 Thread 0x0000000016c04800 Uncommon trap: reason=class_check action=maybe_recompile pc=0x00000000022c029c method=com.android.dx.cf.code.BytecodeArray.parseInstruction(ILcom/android/dx/cf/code/BytecodeArray$Visitor;)I @ 2383
Event: 1.457 Thread 0x0000000016c06000 Uncommon trap: reason=null_check action=make_not_entrant pc=0x0000000002163d4c method=com.android.dx.ssa.SsaRenamer.getLocalForNewReg(I)Lcom/android/dx/rop/code/LocalItem; @ 19
Event: 2.966 Thread 0x0000000016c04800 Uncommon trap: reason=class_check action=maybe_recompile pc=0x0000000002456104 method=com.android.dx.cf.code.RopperMachine.run(Lcom/android/dx/cf/code/Frame;II)V @ 988
Event: 2.998 Thread 0x0000000016bca000 Uncommon trap: reason=bimorphic action=maybe_recompile pc=0x0000000002371f70 method=com.android.dx.ssa.SCCP.simulatePhi(Lcom/android/dx/ssa/PhiInsn;)V @ 124
Event: 3.016 Thread 0x0000000016bca000 Uncommon trap: reason=bimorphic action=maybe_recompile pc=0x0000000002371f70 method=com.android.dx.ssa.SCCP.simulatePhi(Lcom/android/dx/ssa/PhiInsn;)V @ 124
Event: 3.016 Thread 0x0000000016bca000 Uncommon trap: reason=bimorphic action=maybe_recompile pc=0x0000000002371f70 method=com.android.dx.ssa.SCCP.simulatePhi(Lcom/android/dx/ssa/PhiInsn;)V @ 124
Event: 3.016 Thread 0x0000000016bca000 Uncommon trap: reason=bimorphic action=maybe_recompile pc=0x0000000002371f70 method=com.android.dx.ssa.SCCP.simulatePhi(Lcom/android/dx/ssa/PhiInsn;)V @ 124

Internal exceptions (10 events):
Event: 0.614 Thread 0x0000000016c04800 Exception <a 'java/security/PrivilegedActionException'> (0x00000000eb57ee70) thrown at [C:\workspace\8-2-build-windows-amd64-cygwin\jdk8u31\2394\hotspot\src\share\vm\prims\jvm.cpp, line 1312]
Event: 0.630 Thread 0x0000000001d51000 Exception <a 'java/security/PrivilegedActionException'> (0x00000000ebbd21a0) thrown at [C:\workspace\8-2-build-windows-amd64-cygwin\jdk8u31\2394\hotspot\src\share\vm\prims\jvm.cpp, line 1312]
Event: 0.639 Thread 0x0000000016bc8800 Exception <a 'java/security/PrivilegedActionException'> (0x00000000eb99c9d8) thrown at [C:\workspace\8-2-build-windows-amd64-cygwin\jdk8u31\2394\hotspot\src\share\vm\prims\jvm.cpp, line 1312]
Event: 0.681 Thread 0x0000000001d51000 Exception <a 'java/security/PrivilegedActionException'> (0x00000000ebc37948) thrown at [C:\workspace\8-2-build-windows-amd64-cygwin\jdk8u31\2394\hotspot\src\share\vm\prims\jvm.cpp, line 1312]
Event: 0.683 Thread 0x0000000001d51000 Exception <a 'java/security/PrivilegedActionException'> (0x00000000ebc41878) thrown at [C:\workspace\8-2-build-windows-amd64-cygwin\jdk8u31\2394\hotspot\src\share\vm\prims\jvm.cpp, line 1312]
Event: 0.683 Thread 0x0000000001d51000 Exception <a 'java/security/PrivilegedActionException'> (0x00000000ebc43c10) thrown at [C:\workspace\8-2-build-windows-amd64-cygwin\jdk8u31\2394\hotspot\src\share\vm\prims\jvm.cpp, line 1312]
Event: 0.694 Thread 0x0000000001d51000 Exception <a 'java/security/PrivilegedActionException'> (0x00000000ebca7700) thrown at [C:\workspace\8-2-build-windows-amd64-cygwin\jdk8u31\2394\hotspot\src\share\vm\prims\jvm.cpp, line 1312]
Event: 0.695 Thread 0x0000000001d51000 Exception <a 'java/security/PrivilegedActionException'> (0x00000000ebca9ca0) thrown at [C:\workspace\8-2-build-windows-amd64-cygwin\jdk8u31\2394\hotspot\src\share\vm\prims\jvm.cpp, line 1312]
Event: 1.457 Thread 0x0000000016c06000 Implicit null exception at 0x00000000021618f1 to 0x0000000002163d25
Event: 2.112 Thread 0x0000000016bc8800 Exception <a 'java/security/PrivilegedActionException'> (0x00000000ed484d70) thrown at [C:\workspace\8-2-build-windows-amd64-cygwin\jdk8u31\2394\hotspot\src\share\vm\prims\jvm.cpp, line 1312]

Events (10 events):
Event: 2.998 Thread 0x0000000016bca000 DEOPT UNPACKING pc=0x0000000001e9556a sp=0x000000001764e5f8 mode 2
Event: 3.016 Thread 0x0000000016bca000 Uncommon trap: trap_request=0xffffffc6 fr.pc=0x0000000002371f70
Event: 3.016 Thread 0x0000000016bca000 DEOPT PACKING pc=0x0000000002371f70 sp=0x000000001764e610
Event: 3.016 Thread 0x0000000016bca000 DEOPT UNPACKING pc=0x0000000001e9556a sp=0x000000001764e5f8 mode 2
Event: 3.016 Thread 0x0000000016bca000 Uncommon trap: trap_request=0xffffffc6 fr.pc=0x0000000002371f70
Event: 3.016 Thread 0x0000000016bca000 DEOPT PACKING pc=0x0000000002371f70 sp=0x000000001764e650
Event: 3.016 Thread 0x0000000016bca000 DEOPT UNPACKING pc=0x0000000001e9556a sp=0x000000001764e638 mode 2
Event: 3.016 Thread 0x0000000016bca000 Uncommon trap: trap_request=0xffffffc6 fr.pc=0x0000000002371f70
Event: 3.016 Thread 0x0000000016bca000 DEOPT PACKING pc=0x0000000002371f70 sp=0x000000001764e650
Event: 3.016 Thread 0x0000000016bca000 DEOPT UNPACKING pc=0x0000000001e9556a sp=0x000000001764e638 mode 2


Dynamic libraries:
0x00007ff7bf600000 - 0x00007ff7bf634000 	C:\Program Files\Java\jdk1.8.0_31\bin\java.exe
0x00007ffe5e4d0000 - 0x00007ffe5e67d000 	C:\Windows\SYSTEM32\ntdll.dll
0x00007ffe5bb50000 - 0x00007ffe5bc8e000 	C:\Windows\system32\KERNEL32.DLL
0x00007ffe5b740000 - 0x00007ffe5b855000 	C:\Windows\system32\KERNELBASE.dll
0x00007ffe5a1a0000 - 0x00007ffe5a22e000 	C:\Windows\system32\apphelp.dll
0x00007ffe4c450000 - 0x00007ffe4c4a3000 	C:\Windows\AppPatch\AppPatch64\AcGenral.DLL
0x00007ffe5c3e0000 - 0x00007ffe5c48a000 	C:\Windows\system32\msvcrt.dll
0x00007ffe5b4c0000 - 0x00007ffe5b4ee000 	C:\Windows\SYSTEM32\SspiCli.dll
0x00007ffe5c380000 - 0x00007ffe5c3d4000 	C:\Windows\system32\SHLWAPI.dll
0x00007ffe5e1b0000 - 0x00007ffe5e327000 	C:\Windows\system32\USER32.dll
0x00007ffe5c720000 - 0x00007ffe5c8b4000 	C:\Windows\system32\ole32.dll
0x00007ffe5c8c0000 - 0x00007ffe5ddea000 	C:\Windows\system32\SHELL32.dll
0x00007ffe5ac40000 - 0x00007ffe5ac61000 	C:\Windows\SYSTEM32\USERENV.dll
0x00007ffe5e420000 - 0x00007ffe5e4ca000 	C:\Windows\system32\ADVAPI32.dll
0x00007ffe50e80000 - 0x00007ffe50e9e000 	C:\Windows\SYSTEM32\MPR.dll
0x00007ffe5bc90000 - 0x00007ffe5bdd1000 	C:\Windows\system32\RPCRT4.dll
0x00007ffe5c490000 - 0x00007ffe5c4e9000 	C:\Windows\SYSTEM32\sechost.dll
0x00007ffe5c4f0000 - 0x00007ffe5c701000 	C:\Windows\SYSTEM32\combase.dll
0x00007ffe5c0f0000 - 0x00007ffe5c240000 	C:\Windows\system32\GDI32.dll
0x00007ffe5b620000 - 0x00007ffe5b635000 	C:\Windows\SYSTEM32\profapi.dll
0x00007ffe5a0b0000 - 0x00007ffe5a162000 	C:\Windows\SYSTEM32\SHCORE.dll
0x00007ffe5ddf0000 - 0x00007ffe5de26000 	C:\Windows\system32\IMM32.DLL
0x00007ffe5bf90000 - 0x00007ffe5c0e2000 	C:\Windows\system32\MSCTF.dll
0x00007ffe596f0000 - 0x00007ffe5996b000 	C:\Windows\WinSxS\amd64_microsoft.windows.common-controls_6595b64144ccf1df_6.0.9600.18006_none_623f33d3ecbe86e8\COMCTL32.dll
0x000000006abd0000 - 0x000000006aca2000 	C:\Program Files\Java\jdk1.8.0_31\jre\bin\msvcr100.dll
0x0000000069390000 - 0x0000000069bea000 	C:\Program Files\Java\jdk1.8.0_31\jre\bin\server\jvm.dll
0x00007ffe445c0000 - 0x00007ffe445c9000 	C:\Windows\SYSTEM32\WSOCK32.dll
0x00007ffe591f0000 - 0x00007ffe59212000 	C:\Windows\SYSTEM32\WINMM.dll
0x00007ffe5e1a0000 - 0x00007ffe5e1a7000 	C:\Windows\system32\PSAPI.DLL
0x00007ffe5c250000 - 0x00007ffe5c2aa000 	C:\Windows\system32\WS2_32.dll
0x00007ffe59100000 - 0x00007ffe5912a000 	C:\Windows\SYSTEM32\WINMMBASE.dll
0x00007ffe5c370000 - 0x00007ffe5c379000 	C:\Windows\system32\NSI.dll
0x00007ffe5b6f0000 - 0x00007ffe5b73f000 	C:\Windows\SYSTEM32\cfgmgr32.dll
0x00007ffe5a410000 - 0x00007ffe5a438000 	C:\Windows\SYSTEM32\DEVOBJ.dll
0x000000006b080000 - 0x000000006b08f000 	C:\Program Files\Java\jdk1.8.0_31\jre\bin\verify.dll
0x000000006b050000 - 0x000000006b078000 	C:\Program Files\Java\jdk1.8.0_31\jre\bin\java.dll
0x000000006b030000 - 0x000000006b046000 	C:\Program Files\Java\jdk1.8.0_31\jre\bin\zip.dll
0x00007ffe3ad20000 - 0x00007ffe3aea9000 	C:\Windows\SYSTEM32\dbghelp.dll

VM Arguments:
jvm_args: -Djava.awt.headless=true -Xmx1024M -Dfile.encoding=windows-1252 -Duser.country=FR -Duser.language=fr -Duser.variant 
java_command: com.android.dx.command.Main --dex --num-threads=4 --output D:\AndroidStudioProjects\App2\app\build\intermediates\pre-dexed\debug\picasso-2.5.0_10d7d57e0b4578173086412773f206b07f679642.jar C:\Users\Jacques\.gradle\caches\modules-2\files-2.1\com.squareup.picasso\picasso\2.5.0\7ff0e000d1e27e356567f56c92af3b8ab912636f\picasso-2.5.0.jar
java_class_path (initial): D:\Android_SDK\build-tools\23.0.3\lib\dx.jar
Launcher Type: SUN_STANDARD

Environment Variables:
JAVA_HOME=C:\Program Files\Java\jdk1.8.0_31
PATH=C:\ProgramData\Oracle\Java\javapath;c:\Rtools\bin;c:\Rtools\gcc-4.6.3\bin;C:\Program Files (x86)\NVIDIA Corporation\PhysX\Common;C:\Program Files (x86)\Intel\iCLS Client\;C:\Program Files\Intel\iCLS Client\;C:\Windows\system32;C:\Windows;C:\Windows\System32\Wbem;C:\Windows\System32\WindowsPowerShell\v1.0\;C:\Program Files\Intel\Intel(R) Management Engine Components\DAL;C:\Program Files\Intel\Intel(R) Management Engine Components\IPT;C:\Program Files (x86)\Intel\Intel(R) Management Engine Components\DAL;C:\Program Files (x86)\Intel\Intel(R) Management Engine Components\IPT;C:\Program Files (x86)\QuickTime\QTSystem\;C:\Program Files\Java\jdk1.8.0_20\jre\bin\server;C:\Python34\;C:\Python34\Scripts;C:\Python34\Lib\site-packages\django\bin\;C:\Program Files\Java\jdk1.8.0_31\bin;C:\Program Files (x86)\Skype\Phone\
USERNAME=Jacques
OS=Windows_NT
PROCESSOR_IDENTIFIER=Intel64 Family 6 Model 60 Stepping 3, GenuineIntel



---------------  S Y S T E M  ---------------

OS: Windows 8.1 , 64 bit Build 9600 

CPU:total 8 (4 cores per cpu, 2 threads per core) family 6 model 60 stepping 3, cmov, cx8, fxsr, mmx, sse, sse2, sse3, ssse3, sse4.1, sse4.2, popcnt, avx, avx2, aes, clmul, erms, lzcnt, ht, tsc, tscinvbit, bmi1, bmi2

Memory: 4k page, physical 16657364k(3509784k free), swap 19803092k(5756k free)

vm_info: Java HotSpot(TM) 64-Bit Server VM (25.31-b07) for windows-amd64 JRE (1.8.0_31-b13), built on Dec 17 2014 21:00:28 by "java_re" with MS VC++ 10.0 (VS2010)

time: Wed Apr 27 01:57:43 2016
elapsed time: 3 seconds (0d 0h 0m 3s)

