#
# There is insufficient memory for the Java Runtime Environment to continue.
# Native memory allocation (malloc) failed to allocate 1677936 bytes for Chunk::new
# Possible reasons:
#   The system is out of physical RAM or swap space
#   In 32 bit mode, the process size limit was hit
# Possible solutions:
#   Reduce memory load on the system
#   Increase physical memory or swap space
#   Check if swap backing store is full
#   Use 64 bit Java on a 64 bit OS
#   Decrease Java heap size (-Xmx/-Xms)
#   Decrease number of Java threads
#   Decrease Java thread stack sizes (-Xss)
#   Set larger code cache with -XX:ReservedCodeCacheSize=
# This output file may be truncated or incomplete.
#
#  Out of Memory Error (allocation.cpp:390), pid=7016, tid=3760
#
# JRE version: Java(TM) SE Runtime Environment (8.0_31-b13) (build 1.8.0_31-b13)
# Java VM: Java HotSpot(TM) 64-Bit Server VM (25.31-b07 mixed mode windows-amd64 compressed oops)
# Failed to write core dump. Minidumps are not enabled by default on client versions of Windows
#

---------------  T H R E A D  ---------------

Current thread (0x0000000016bd6000):  JavaThread "C2 CompilerThread0" daemon [_thread_in_native, id=3760, stack(0x00000000171b0000,0x00000000172b0000)]

Stack: [0x00000000171b0000,0x00000000172b0000]
Native frames: (J=compiled Java code, j=interpreted, Vv=VM code, C=native code)
V  [jvm.dll+0x3169ba]


Current CompileTask:
C2:   2564 1387   !   4       com.android.dx.cf.cst.ConstantPoolParser::parse0 (731 bytes)


---------------  P R O C E S S  ---------------

Java Threads: ( => current thread )
  0x00000000177d5000 JavaThread "pool-1-thread-4" [_thread_blocked, id=16304, stack(0x00000000183b0000,0x00000000184b0000)]
  0x00000000177d4800 JavaThread "pool-1-thread-3" [_thread_blocked, id=16916, stack(0x00000000182b0000,0x00000000183b0000)]
  0x0000000016ec2800 JavaThread "pool-1-thread-2" [_thread_blocked, id=12380, stack(0x00000000181b0000,0x00000000182b0000)]
  0x0000000016ec2000 JavaThread "pool-2-thread-1" [_thread_blocked, id=8864, stack(0x00000000180b0000,0x00000000181b0000)]
  0x0000000016e9c000 JavaThread "pool-1-thread-1" [_thread_blocked, id=13132, stack(0x0000000017fb0000,0x00000000180b0000)]
  0x0000000016c3c000 JavaThread "Service Thread" daemon [_thread_blocked, id=18512, stack(0x00000000175b0000,0x00000000176b0000)]
  0x0000000016c2c800 JavaThread "C1 CompilerThread3" daemon [_thread_blocked, id=8948, stack(0x00000000174b0000,0x00000000175b0000)]
  0x0000000016c29800 JavaThread "C2 CompilerThread2" daemon [_thread_blocked, id=14540, stack(0x00000000173b0000,0x00000000174b0000)]
  0x0000000016bd9000 JavaThread "C2 CompilerThread1" daemon [_thread_blocked, id=17348, stack(0x00000000172b0000,0x00000000173b0000)]
=>0x0000000016bd6000 JavaThread "C2 CompilerThread0" daemon [_thread_in_native, id=3760, stack(0x00000000171b0000,0x00000000172b0000)]
  0x0000000016bd4800 JavaThread "Attach Listener" daemon [_thread_blocked, id=7944, stack(0x00000000170b0000,0x00000000171b0000)]
  0x0000000016bd3800 JavaThread "Signal Dispatcher" daemon [_thread_blocked, id=10636, stack(0x0000000016fb0000,0x00000000170b0000)]
  0x00000000020c7800 JavaThread "Finalizer" daemon [_thread_blocked, id=14688, stack(0x0000000016ab0000,0x0000000016bb0000)]
  0x0000000014bec800 JavaThread "Reference Handler" daemon [_thread_blocked, id=15228, stack(0x00000000169b0000,0x0000000016ab0000)]
  0x0000000001fd1000 JavaThread "main" [_thread_blocked, id=15348, stack(0x0000000001ea0000,0x0000000001fa0000)]

Other Threads:
  0x0000000014be8800 VMThread [stack: 0x00000000168b0000,0x00000000169b0000] [id=16172]
  0x0000000016c3c800 WatcherThread [stack: 0x00000000176b0000,0x00000000177b0000] [id=17832]

VM state:at safepoint (normal execution)

VM Mutex/Monitor currently owned by a thread:  ([mutex/lock_event])
[0x0000000001fcbf50] Threads_lock - owner thread: 0x0000000014be8800
[0x0000000001fcc0d0] Heap_lock - owner thread: 0x00000000177d5000

Heap:
 PSYoungGen      total 76288K, used 65536K [0x00000000eab00000, 0x00000000f0000000, 0x0000000100000000)
  eden space 65536K, 100% used [0x00000000eab00000,0x00000000eeb00000,0x00000000eeb00000)
  from space 10752K, 0% used [0x00000000ef580000,0x00000000ef580000,0x00000000f0000000)
  to   space 10752K, 21% used [0x00000000eeb00000,0x00000000eed3ea90,0x00000000ef580000)
 ParOldGen       total 175104K, used 8K [0x00000000c0000000, 0x00000000cab00000, 0x00000000eab00000)
  object space 175104K, 0% used [0x00000000c0000000,0x00000000c0002000,0x00000000cab00000)
 Metaspace       used 6173K, capacity 7088K, committed 7296K, reserved 1056768K
  class space    used 592K, capacity 616K, committed 640K, reserved 1048576K

Card table byte_map: [0x0000000011490000,0x00000000116a0000] byte_map_base: 0x0000000010e90000

Marking Bits: (ParMarkBitMap*) 0x0000000069b6d4f0
 Begin Bits: [0x0000000012000000, 0x0000000013000000)
 End Bits:   [0x0000000013000000, 0x0000000014000000)

Polling page: 0x00000000006d0000

CodeCache: size=245760Kb used=6310Kb max_used=6310Kb free=239449Kb
 bounds [0x00000000020d0000, 0x0000000002700000, 0x00000000110d0000]
 total_blobs=1834 nmethods=1570 adapters=178
 compilation: enabled

Compilation events (10 events):
Event: 2.356 Thread 0x0000000016c2c800 nmethod 1580 0x00000000026f5510 code [0x00000000026f56a0, 0x00000000026f5a38]
Event: 2.356 Thread 0x0000000016c2c800 1581       3       com.android.dx.rop.annotation.Annotation::put (32 bytes)
Event: 2.356 Thread 0x0000000016c2c800 nmethod 1581 0x00000000026f5b50 code [0x00000000026f5d00, 0x00000000026f6208]
Event: 2.359 Thread 0x0000000016c2c800 1582       3       com.android.dx.rop.cst.CstString::<init> (42 bytes)
Event: 2.359 Thread 0x0000000016c2c800 nmethod 1582 0x00000000026f63d0 code [0x00000000026f6580, 0x00000000026f6af8]
Event: 2.360 Thread 0x0000000016c2c800 1583       3       com.android.dx.cf.code.Frame::initializeWithParameters (49 bytes)
Event: 2.361 Thread 0x0000000016c2c800 nmethod 1583 0x00000000026f6d90 code [0x00000000026f6f40, 0x00000000026f7668]
Event: 2.361 Thread 0x0000000016c2c800 1584       3       com.android.dx.cf.code.Ropper::addSynchExceptionHandlerBlock (206 bytes)
Event: 2.364 Thread 0x0000000016c2c800 nmethod 1584 0x00000000026f7950 code [0x00000000026f7ec0, 0x00000000026fbad8]
Event: 2.364 Thread 0x0000000016c2c800 1585       3       com.android.dx.cf.code.Ropper::addSetupBlocks (535 bytes)

GC Heap History (1 events):
Event: 2.544 GC heap before
{Heap before GC invocations=1 (full 0):
 PSYoungGen      total 76288K, used 65536K [0x00000000eab00000, 0x00000000f0000000, 0x0000000100000000)
  eden space 65536K, 100% used [0x00000000eab00000,0x00000000eeb00000,0x00000000eeb00000)
  from space 10752K, 0% used [0x00000000ef580000,0x00000000ef580000,0x00000000f0000000)
  to   space 10752K, 0% used [0x00000000eeb00000,0x00000000eeb00000,0x00000000ef580000)
 ParOldGen       total 175104K, used 0K [0x00000000c0000000, 0x00000000cab00000, 0x00000000eab00000)
  object space 175104K, 0% used [0x00000000c0000000,0x00000000c0000000,0x00000000cab00000)
 Metaspace       used 6173K, capacity 7088K, committed 7296K, reserved 1056768K
  class space    used 592K, capacity 616K, committed 640K, reserved 1048576K

Deoptimization events (2 events):
Event: 1.531 Thread 0x0000000016ec2800 Uncommon trap: reason=unreached action=reinterpret pc=0x0000000002444f5c method=com.android.dx.rop.cst.Constant.compareTo(Lcom/android/dx/rop/cst/Constant;)I @ 12
Event: 1.649 Thread 0x0000000016e9c000 Uncommon trap: reason=null_check action=make_not_entrant pc=0x00000000024f8f24 method=com.android.dx.rop.type.Type.equals(Ljava/lang/Object;)Z @ 8

Internal exceptions (10 events):
Event: 1.980 Thread 0x0000000001fd1000 Exception <a 'java/security/PrivilegedActionException'> (0x00000000ed4b92c0) thrown at [C:\workspace\8-2-build-windows-amd64-cygwin\jdk8u31\2394\hotspot\src\share\vm\prims\jvm.cpp, line 1312]
Event: 1.980 Thread 0x0000000001fd1000 Exception <a 'java/security/PrivilegedActionException'> (0x00000000ed4bba18) thrown at [C:\workspace\8-2-build-windows-amd64-cygwin\jdk8u31\2394\hotspot\src\share\vm\prims\jvm.cpp, line 1312]
Event: 1.982 Thread 0x0000000001fd1000 Exception <a 'java/security/PrivilegedActionException'> (0x00000000ed4cba70) thrown at [C:\workspace\8-2-build-windows-amd64-cygwin\jdk8u31\2394\hotspot\src\share\vm\prims\jvm.cpp, line 1312]
Event: 1.993 Thread 0x0000000016e9c000 Exception <a 'java/security/PrivilegedActionException'> (0x00000000ed858f50) thrown at [C:\workspace\8-2-build-windows-amd64-cygwin\jdk8u31\2394\hotspot\src\share\vm\prims\jvm.cpp, line 1312]
Event: 1.994 Thread 0x0000000016e9c000 Exception <a 'java/security/PrivilegedActionException'> (0x00000000ed85e740) thrown at [C:\workspace\8-2-build-windows-amd64-cygwin\jdk8u31\2394\hotspot\src\share\vm\prims\jvm.cpp, line 1312]
Event: 1.994 Thread 0x0000000016e9c000 Exception <a 'java/security/PrivilegedActionException'> (0x00000000ed863d00) thrown at [C:\workspace\8-2-build-windows-amd64-cygwin\jdk8u31\2394\hotspot\src\share\vm\prims\jvm.cpp, line 1312]
Event: 2.028 Thread 0x0000000001fd1000 Exception <a 'java/security/PrivilegedActionException'> (0x00000000ed93aee8) thrown at [C:\workspace\8-2-build-windows-amd64-cygwin\jdk8u31\2394\hotspot\src\share\vm\prims\jvm.cpp, line 1312]
Event: 2.028 Thread 0x0000000001fd1000 Exception <a 'java/security/PrivilegedActionException'> (0x00000000ed93d410) thrown at [C:\workspace\8-2-build-windows-amd64-cygwin\jdk8u31\2394\hotspot\src\share\vm\prims\jvm.cpp, line 1312]
Event: 2.280 Thread 0x00000000177d4800 Exception <a 'java/security/PrivilegedActionException'> (0x00000000ed2ae9d0) thrown at [C:\workspace\8-2-build-windows-amd64-cygwin\jdk8u31\2394\hotspot\src\share\vm\prims\jvm.cpp, line 1312]
Event: 2.308 Thread 0x0000000016e9c000 Exception <a 'java/security/PrivilegedActionException'> (0x00000000ee4a3620) thrown at [C:\workspace\8-2-build-windows-amd64-cygwin\jdk8u31\2394\hotspot\src\share\vm\prims\jvm.cpp, line 1312]

Events (10 events):
Event: 2.028 loading class com/android/dx/cf/attrib/AttRuntimeInvisibleAnnotations done
Event: 2.028 loading class com/android/dx/cf/attrib/BaseAnnotations
Event: 2.028 loading class com/android/dx/cf/attrib/BaseAnnotations done
Event: 2.131 Executing VM operation: ForceSafepoint
Event: 2.240 Executing VM operation: ForceSafepoint done
Event: 2.280 loading class com/android/dx/rop/code/RegisterSpec$1
Event: 2.280 loading class com/android/dx/rop/code/RegisterSpec$1 done
Event: 2.308 loading class com/android/dx/cf/code/SwitchList
Event: 2.308 loading class com/android/dx/cf/code/SwitchList done
Event: 2.366 Executing VM operation: ParallelGCFailedAllocation


Dynamic libraries:
0x00007ff7bf600000 - 0x00007ff7bf634000 	C:\Program Files\Java\jdk1.8.0_31\bin\java.exe
0x00007ffe5e4d0000 - 0x00007ffe5e67d000 	C:\Windows\SYSTEM32\ntdll.dll
0x00007ffe5bb50000 - 0x00007ffe5bc8e000 	C:\Windows\system32\KERNEL32.DLL
0x00007ffe5b740000 - 0x00007ffe5b855000 	C:\Windows\system32\KERNELBASE.dll
0x00007ffe5a1a0000 - 0x00007ffe5a22e000 	C:\Windows\system32\apphelp.dll
0x00007ffe4c450000 - 0x00007ffe4c4a3000 	C:\Windows\AppPatch\AppPatch64\AcGenral.DLL
0x00007ffe5c3e0000 - 0x00007ffe5c48a000 	C:\Windows\system32\msvcrt.dll
0x00007ffe5b4c0000 - 0x00007ffe5b4ee000 	C:\Windows\SYSTEM32\SspiCli.dll
0x00007ffe5c380000 - 0x00007ffe5c3d4000 	C:\Windows\system32\SHLWAPI.dll
0x00007ffe5e1b0000 - 0x00007ffe5e327000 	C:\Windows\system32\USER32.dll
0x00007ffe5c720000 - 0x00007ffe5c8b4000 	C:\Windows\system32\ole32.dll
0x00007ffe5c8c0000 - 0x00007ffe5ddea000 	C:\Windows\system32\SHELL32.dll
0x00007ffe5ac40000 - 0x00007ffe5ac61000 	C:\Windows\SYSTEM32\USERENV.dll
0x00007ffe5e420000 - 0x00007ffe5e4ca000 	C:\Windows\system32\ADVAPI32.dll
0x00007ffe50e80000 - 0x00007ffe50e9e000 	C:\Windows\SYSTEM32\MPR.dll
0x00007ffe5bc90000 - 0x00007ffe5bdd1000 	C:\Windows\system32\RPCRT4.dll
0x00007ffe5c490000 - 0x00007ffe5c4e9000 	C:\Windows\SYSTEM32\sechost.dll
0x00007ffe5c4f0000 - 0x00007ffe5c701000 	C:\Windows\SYSTEM32\combase.dll
0x00007ffe5c0f0000 - 0x00007ffe5c240000 	C:\Windows\system32\GDI32.dll
0x00007ffe5b620000 - 0x00007ffe5b635000 	C:\Windows\SYSTEM32\profapi.dll
0x00007ffe5a0b0000 - 0x00007ffe5a162000 	C:\Windows\SYSTEM32\SHCORE.dll
0x00007ffe5ddf0000 - 0x00007ffe5de26000 	C:\Windows\system32\IMM32.DLL
0x00007ffe5bf90000 - 0x00007ffe5c0e2000 	C:\Windows\system32\MSCTF.dll
0x00007ffe596f0000 - 0x00007ffe5996b000 	C:\Windows\WinSxS\amd64_microsoft.windows.common-controls_6595b64144ccf1df_6.0.9600.18006_none_623f33d3ecbe86e8\COMCTL32.dll
0x000000006abd0000 - 0x000000006aca2000 	C:\Program Files\Java\jdk1.8.0_31\jre\bin\msvcr100.dll
0x0000000069390000 - 0x0000000069bea000 	C:\Program Files\Java\jdk1.8.0_31\jre\bin\server\jvm.dll
0x00007ffe445c0000 - 0x00007ffe445c9000 	C:\Windows\SYSTEM32\WSOCK32.dll
0x00007ffe591f0000 - 0x00007ffe59212000 	C:\Windows\SYSTEM32\WINMM.dll
0x00007ffe5e1a0000 - 0x00007ffe5e1a7000 	C:\Windows\system32\PSAPI.DLL
0x00007ffe5c250000 - 0x00007ffe5c2aa000 	C:\Windows\system32\WS2_32.dll
0x00007ffe59100000 - 0x00007ffe5912a000 	C:\Windows\SYSTEM32\WINMMBASE.dll
0x00007ffe5c370000 - 0x00007ffe5c379000 	C:\Windows\system32\NSI.dll
0x00007ffe5b6f0000 - 0x00007ffe5b73f000 	C:\Windows\SYSTEM32\cfgmgr32.dll
0x00007ffe5a410000 - 0x00007ffe5a438000 	C:\Windows\SYSTEM32\DEVOBJ.dll
0x000000006b080000 - 0x000000006b08f000 	C:\Program Files\Java\jdk1.8.0_31\jre\bin\verify.dll
0x000000006b050000 - 0x000000006b078000 	C:\Program Files\Java\jdk1.8.0_31\jre\bin\java.dll
0x000000006b030000 - 0x000000006b046000 	C:\Program Files\Java\jdk1.8.0_31\jre\bin\zip.dll

VM Arguments:
jvm_args: -Djava.awt.headless=true -Xmx1024M -Dfile.encoding=windows-1252 -Duser.country=FR -Duser.language=fr -Duser.variant 
java_command: com.android.dx.command.Main --dex --num-threads=4 --output D:\AndroidStudioProjects\App2\app\build\intermediates\pre-dexed\release\internal_impl-23.2.1_c0edbafc9b0eff5b7642f02f8f0c21e3bbefbf04.jar D:\AndroidStudioProjects\App2\app\build\intermediates\exploded-aar\com.android.support\support-v4\23.2.1\jars\libs\internal_impl-23.2.1.jar
java_class_path (initial): D:\Android_SDK\build-tools\23.0.3\lib\dx.jar
Launcher Type: SUN_STANDARD

Environment Variables:
JAVA_HOME=C:\Program Files\Java\jdk1.8.0_31
PATH=C:\ProgramData\Oracle\Java\javapath;c:\Rtools\bin;c:\Rtools\gcc-4.6.3\bin;C:\Program Files (x86)\NVIDIA Corporation\PhysX\Common;C:\Program Files (x86)\Intel\iCLS Client\;C:\Program Files\Intel\iCLS Client\;C:\Windows\system32;C:\Windows;C:\Windows\System32\Wbem;C:\Windows\System32\WindowsPowerShell\v1.0\;C:\Program Files\Intel\Intel(R) Management Engine Components\DAL;C:\Program Files\Intel\Intel(R) Management Engine Components\IPT;C:\Program Files (x86)\Intel\Intel(R) Management Engine Components\DAL;C:\Program Files (x86)\Intel\Intel(R) Management Engine Components\IPT;C:\Program Files (x86)\QuickTime\QTSystem\;C:\Program Files\Java\jdk1.8.0_20\jre\bin\server;C:\Python34\;C:\Python34\Scripts;C:\Python34\Lib\site-packages\django\bin\;C:\Program Files\Java\jdk1.8.0_31\bin;C:\Program Files (x86)\Skype\Phone\
USERNAME=Jacques
OS=Windows_NT
PROCESSOR_IDENTIFIER=Intel64 Family 6 Model 60 Stepping 3, GenuineIntel



---------------  S Y S T E M  ---------------

OS: Windows 8.1 , 64 bit Build 9600 

CPU:total 8 (4 cores per cpu, 2 threads per core) family 6 model 60 stepping 3, cmov, cx8, fxsr, mmx, sse, sse2, sse3, ssse3, sse4.1, sse4.2, popcnt, avx, avx2, aes, clmul, erms, lzcnt, ht, tsc, tscinvbit, bmi1, bmi2

Memory: 4k page, physical 16657364k(3863096k free), swap 19803092k(5100k free)

vm_info: Java HotSpot(TM) 64-Bit Server VM (25.31-b07) for windows-amd64 JRE (1.8.0_31-b13), built on Dec 17 2014 21:00:28 by "java_re" with MS VC++ 10.0 (VS2010)

time: Wed Apr 27 01:46:36 2016
elapsed time: 2 seconds (0d 0h 0m 2s)

