#
# There is insufficient memory for the Java Runtime Environment to continue.
# Native memory allocation (malloc) failed to allocate 1724016 bytes for Chunk::new
# Possible reasons:
#   The system is out of physical RAM or swap space
#   In 32 bit mode, the process size limit was hit
# Possible solutions:
#   Reduce memory load on the system
#   Increase physical memory or swap space
#   Check if swap backing store is full
#   Use 64 bit Java on a 64 bit OS
#   Decrease Java heap size (-Xmx/-Xms)
#   Decrease number of Java threads
#   Decrease Java thread stack sizes (-Xss)
#   Set larger code cache with -XX:ReservedCodeCacheSize=
# This output file may be truncated or incomplete.
#
#  Out of Memory Error (allocation.cpp:390), pid=13588, tid=18888
#
# JRE version: Java(TM) SE Runtime Environment (8.0_31-b13) (build 1.8.0_31-b13)
# Java VM: Java HotSpot(TM) 64-Bit Server VM (25.31-b07 mixed mode windows-amd64 compressed oops)
# Failed to write core dump. Minidumps are not enabled by default on client versions of Windows
#

---------------  T H R E A D  ---------------

Current thread (0x000000001750a800):  JavaThread "C2 CompilerThread2" daemon [_thread_in_native, id=18888, stack(0x0000000017ce0000,0x0000000017de0000)]

Stack: [0x0000000017ce0000,0x0000000017de0000]
Native frames: (J=compiled Java code, j=interpreted, Vv=VM code, C=native code)
V  [jvm.dll+0x3169ba]
V  [jvm.dll+0x2674c3]
V  [jvm.dll+0x268103]
V  [jvm.dll+0x25f8f5]
V  [jvm.dll+0xbf025]
V  [jvm.dll+0xbf4cc]
V  [jvm.dll+0x45df82]
V  [jvm.dll+0x49f21f]
V  [jvm.dll+0x452b35]
V  [jvm.dll+0x454124]
V  [jvm.dll+0x437c62]
V  [jvm.dll+0x988e2]
V  [jvm.dll+0x990d3]
V  [jvm.dll+0x22c194]
V  [jvm.dll+0x28576a]
C  [msvcr100.dll+0x21d9f]
C  [msvcr100.dll+0x21e3b]
C  [KERNEL32.DLL+0x13d2]
C  [ntdll.dll+0x154e4]


Current CompileTask:
C2:   2930 1512   !   4       com.android.dx.cf.code.BytecodeArray::parseInstruction (2764 bytes)


---------------  P R O C E S S  ---------------

Java Threads: ( => current thread )
  0x00000000178c8800 JavaThread "pool-1-thread-4" [_thread_blocked, id=13960, stack(0x0000000018ce0000,0x0000000018de0000)]
  0x0000000017853800 JavaThread "pool-1-thread-3" [_thread_blocked, id=10276, stack(0x0000000018be0000,0x0000000018ce0000)]
  0x0000000017852800 JavaThread "pool-1-thread-2" [_thread_blocked, id=18596, stack(0x0000000018ae0000,0x0000000018be0000)]
  0x0000000017850000 JavaThread "pool-2-thread-1" [_thread_blocked, id=7488, stack(0x00000000189e0000,0x0000000018ae0000)]
  0x0000000017802800 JavaThread "pool-1-thread-1" [_thread_blocked, id=8168, stack(0x00000000188e0000,0x00000000189e0000)]
  0x0000000017519800 JavaThread "Service Thread" daemon [_thread_blocked, id=8220, stack(0x0000000017ee0000,0x0000000017fe0000)]
  0x0000000017510000 JavaThread "C1 CompilerThread3" daemon [_thread_blocked, id=17024, stack(0x0000000017de0000,0x0000000017ee0000)]
=>0x000000001750a800 JavaThread "C2 CompilerThread2" daemon [_thread_in_native, id=18888, stack(0x0000000017ce0000,0x0000000017de0000)]
  0x0000000017508800 JavaThread "C2 CompilerThread1" daemon [_thread_in_native, id=15132, stack(0x0000000017be0000,0x0000000017ce0000)]
  0x0000000017505800 JavaThread "C2 CompilerThread0" daemon [_thread_in_native, id=14184, stack(0x0000000017ae0000,0x0000000017be0000)]
  0x0000000017504000 JavaThread "Attach Listener" daemon [_thread_blocked, id=11040, stack(0x00000000179e0000,0x0000000017ae0000)]
  0x00000000154fe800 JavaThread "Signal Dispatcher" daemon [_thread_blocked, id=17724, stack(0x00000000178e0000,0x00000000179e0000)]
  0x00000000029c7800 JavaThread "Finalizer" daemon [_thread_blocked, id=18876, stack(0x00000000173e0000,0x00000000174e0000)]
  0x00000000029c1000 JavaThread "Reference Handler" daemon [_thread_blocked, id=13272, stack(0x00000000172e0000,0x00000000173e0000)]
  0x00000000028d1000 JavaThread "main" [_thread_in_Java, id=18508, stack(0x0000000002780000,0x0000000002880000)]

Other Threads:
  0x00000000154e8800 VMThread [stack: 0x00000000171e0000,0x00000000172e0000] [id=13360]
  0x000000001751b000 WatcherThread [stack: 0x0000000017fe0000,0x00000000180e0000] [id=3892]

VM state:not at safepoint (normal execution)

VM Mutex/Monitor currently owned by a thread: None

Heap:
 PSYoungGen      total 76288K, used 29301K [0x00000000eab00000, 0x00000000f0000000, 0x0000000100000000)
  eden space 65536K, 28% used [0x00000000eab00000,0x00000000ebd85a10,0x00000000eeb00000)
  from space 10752K, 96% used [0x00000000eeb00000,0x00000000ef517d58,0x00000000ef580000)
  to   space 10752K, 0% used [0x00000000ef580000,0x00000000ef580000,0x00000000f0000000)
 ParOldGen       total 175104K, used 24K [0x00000000c0000000, 0x00000000cab00000, 0x00000000eab00000)
  object space 175104K, 0% used [0x00000000c0000000,0x00000000c0006000,0x00000000cab00000)
 Metaspace       used 6108K, capacity 7024K, committed 7296K, reserved 1056768K
  class space    used 588K, capacity 616K, committed 640K, reserved 1048576K

Card table byte_map: [0x0000000011d90000,0x0000000011fa0000] byte_map_base: 0x0000000011790000

Marking Bits: (ParMarkBitMap*) 0x0000000069b6d4f0
 Begin Bits: [0x0000000012900000, 0x0000000013900000)
 End Bits:   [0x0000000013900000, 0x0000000014900000)

Polling page: 0x0000000002700000

CodeCache: size=245760Kb used=6220Kb max_used=6232Kb free=239539Kb
 bounds [0x00000000029d0000, 0x0000000002ff0000, 0x00000000119d0000]
 total_blobs=1827 nmethods=1563 adapters=178
 compilation: enabled

Compilation events (10 events):
Event: 2.899 Thread 0x0000000017510000 1577       2       java.util.concurrent.locks.ReentrantLock::unlock (10 bytes)
Event: 2.899 Thread 0x0000000017510000 nmethod 1577 0x0000000002fdfc90 code [0x0000000002fdfe00, 0x0000000002fdfff8]
Event: 2.902 Thread 0x0000000017510000 1578       2       com.android.dx.dex.code.SimpleInsn::<init> (8 bytes)
Event: 2.903 Thread 0x0000000017510000 nmethod 1578 0x0000000002fe0110 code [0x0000000002fe0280, 0x0000000002fe03e8]
Event: 2.903 Thread 0x0000000017510000 1579       2       java.lang.String::<init> (15 bytes)
Event: 2.903 Thread 0x0000000017510000 nmethod 1579 0x0000000002fe0490 code [0x0000000002fe0600, 0x0000000002fe0888]
Event: 2.903 Thread 0x0000000017510000 1580       2       com.android.dx.cf.code.OneLocalsArray::makeInitialized (55 bytes)
Event: 2.904 Thread 0x0000000017510000 nmethod 1580 0x0000000002fe0990 code [0x0000000002fe0b20, 0x0000000002fe0e98]
Event: 2.905 Thread 0x0000000017510000 1581       2       com.android.dx.util.Hex::u2 (44 bytes)
Event: 2.905 Thread 0x0000000017510000 nmethod 1581 0x0000000002fe1190 code [0x0000000002fe1320, 0x0000000002fe1778]

GC Heap History (2 events):
Event: 2.684 GC heap before
{Heap before GC invocations=1 (full 0):
 PSYoungGen      total 76288K, used 65536K [0x00000000eab00000, 0x00000000f0000000, 0x0000000100000000)
  eden space 65536K, 100% used [0x00000000eab00000,0x00000000eeb00000,0x00000000eeb00000)
  from space 10752K, 0% used [0x00000000ef580000,0x00000000ef580000,0x00000000f0000000)
  to   space 10752K, 0% used [0x00000000eeb00000,0x00000000eeb00000,0x00000000ef580000)
 ParOldGen       total 175104K, used 0K [0x00000000c0000000, 0x00000000cab00000, 0x00000000eab00000)
  object space 175104K, 0% used [0x00000000c0000000,0x00000000c0000000,0x00000000cab00000)
 Metaspace       used 6087K, capacity 7024K, committed 7296K, reserved 1056768K
  class space    used 588K, capacity 616K, committed 640K, reserved 1048576K
Event: 2.867 GC heap after
Heap after GC invocations=1 (full 0):
 PSYoungGen      total 76288K, used 10335K [0x00000000eab00000, 0x00000000f0000000, 0x0000000100000000)
  eden space 65536K, 0% used [0x00000000eab00000,0x00000000eab00000,0x00000000eeb00000)
  from space 10752K, 96% used [0x00000000eeb00000,0x00000000ef517d58,0x00000000ef580000)
  to   space 10752K, 0% used [0x00000000ef580000,0x00000000ef580000,0x00000000f0000000)
 ParOldGen       total 175104K, used 24K [0x00000000c0000000, 0x00000000cab00000, 0x00000000eab00000)
  object space 175104K, 0% used [0x00000000c0000000,0x00000000c0006000,0x00000000cab00000)
 Metaspace       used 6087K, capacity 7024K, committed 7296K, reserved 1056768K
  class space    used 588K, capacity 616K, committed 640K, reserved 1048576K
}

Deoptimization events (10 events):
Event: 2.331 Thread 0x00000000178c8800 Uncommon trap: reason=class_check action=maybe_recompile pc=0x0000000002f9f470 method=com.android.dx.cf.code.BytecodeArray.parseInstruction(ILcom/android/dx/cf/code/BytecodeArray$Visitor;)I @ 1003
Event: 2.331 Thread 0x00000000178c8800 Uncommon trap: reason=class_check action=maybe_recompile pc=0x0000000002f9f470 method=com.android.dx.cf.code.BytecodeArray.parseInstruction(ILcom/android/dx/cf/code/BytecodeArray$Visitor;)I @ 1003
Event: 2.332 Thread 0x00000000178c8800 Uncommon trap: reason=class_check action=maybe_recompile pc=0x0000000002f9f470 method=com.android.dx.cf.code.BytecodeArray.parseInstruction(ILcom/android/dx/cf/code/BytecodeArray$Visitor;)I @ 1003
Event: 2.336 Thread 0x00000000178c8800 Uncommon trap: reason=class_check action=maybe_recompile pc=0x0000000002f9f470 method=com.android.dx.cf.code.BytecodeArray.parseInstruction(ILcom/android/dx/cf/code/BytecodeArray$Visitor;)I @ 1003
Event: 2.875 Thread 0x00000000028d1000 Uncommon trap: reason=bimorphic action=maybe_recompile pc=0x0000000002c2ca6c method=java.util.HashMap.getNode(ILjava/lang/Object;)Ljava/util/HashMap$Node; @ 126
Event: 2.887 Thread 0x0000000017853800 Uncommon trap: reason=bimorphic action=maybe_recompile pc=0x0000000002fd59b0 method=com.android.dx.ssa.SCCP.setLatticeValueTo(IILcom/android/dx/rop/cst/Constant;)Z @ 43
Event: 2.887 Thread 0x0000000017853800 Uncommon trap: reason=bimorphic action=maybe_recompile pc=0x0000000002fd59b0 method=com.android.dx.ssa.SCCP.setLatticeValueTo(IILcom/android/dx/rop/cst/Constant;)Z @ 43
Event: 2.887 Thread 0x0000000017853800 Uncommon trap: reason=bimorphic action=maybe_recompile pc=0x0000000002fd59b0 method=com.android.dx.ssa.SCCP.setLatticeValueTo(IILcom/android/dx/rop/cst/Constant;)Z @ 43
Event: 2.887 Thread 0x0000000017853800 Uncommon trap: reason=bimorphic action=maybe_recompile pc=0x0000000002fd59b0 method=com.android.dx.ssa.SCCP.setLatticeValueTo(IILcom/android/dx/rop/cst/Constant;)Z @ 43
Event: 2.892 Thread 0x0000000017802800 Uncommon trap: reason=class_check action=maybe_recompile pc=0x0000000002fbe6ec method=com.android.dx.ssa.SCCP.simulateBranch(Lcom/android/dx/ssa/SsaInsn;)V @ 145

Internal exceptions (10 events):
Event: 0.755 Thread 0x00000000178c8800 Exception <a 'java/security/PrivilegedActionException'> (0x00000000ebe94e00) thrown at [C:\workspace\8-2-build-windows-amd64-cygwin\jdk8u31\2394\hotspot\src\share\vm\prims\jvm.cpp, line 1312]
Event: 0.774 Thread 0x0000000017852800 Exception <a 'java/security/PrivilegedActionException'> (0x00000000eb79d380) thrown at [C:\workspace\8-2-build-windows-amd64-cygwin\jdk8u31\2394\hotspot\src\share\vm\prims\jvm.cpp, line 1312]
Event: 0.787 Thread 0x0000000017802800 Exception <a 'java/security/PrivilegedActionException'> (0x00000000ebce2008) thrown at [C:\workspace\8-2-build-windows-amd64-cygwin\jdk8u31\2394\hotspot\src\share\vm\prims\jvm.cpp, line 1312]
Event: 0.790 Thread 0x0000000017852800 Exception <a 'java/security/PrivilegedActionException'> (0x00000000eb7bc940) thrown at [C:\workspace\8-2-build-windows-amd64-cygwin\jdk8u31\2394\hotspot\src\share\vm\prims\jvm.cpp, line 1312]
Event: 0.793 Thread 0x00000000028d1000 Exception <a 'java/security/PrivilegedActionException'> (0x00000000ec010500) thrown at [C:\workspace\8-2-build-windows-amd64-cygwin\jdk8u31\2394\hotspot\src\share\vm\prims\jvm.cpp, line 1312]
Event: 0.794 Thread 0x00000000028d1000 Exception <a 'java/security/PrivilegedActionException'> (0x00000000ec01d240) thrown at [C:\workspace\8-2-build-windows-amd64-cygwin\jdk8u31\2394\hotspot\src\share\vm\prims\jvm.cpp, line 1312]
Event: 1.786 Thread 0x00000000028d1000 Exception <a 'java/security/PrivilegedActionException'> (0x00000000ec894508) thrown at [C:\workspace\8-2-build-windows-amd64-cygwin\jdk8u31\2394\hotspot\src\share\vm\prims\jvm.cpp, line 1312]
Event: 2.166 Thread 0x00000000028d1000 Exception <a 'java/security/PrivilegedActionException'> (0x00000000eca9acc8) thrown at [C:\workspace\8-2-build-windows-amd64-cygwin\jdk8u31\2394\hotspot\src\share\vm\prims\jvm.cpp, line 1312]
Event: 2.168 Thread 0x00000000028d1000 Exception <a 'java/security/PrivilegedActionException'> (0x00000000ecabe3f8) thrown at [C:\workspace\8-2-build-windows-amd64-cygwin\jdk8u31\2394\hotspot\src\share\vm\prims\jvm.cpp, line 1312]
Event: 2.226 Thread 0x0000000017802800 Exception <a 'java/security/PrivilegedActionException'> (0x00000000ed4dd5b8) thrown at [C:\workspace\8-2-build-windows-amd64-cygwin\jdk8u31\2394\hotspot\src\share\vm\prims\jvm.cpp, line 1312]

Events (10 events):
Event: 2.887 Thread 0x0000000017853800 DEOPT UNPACKING pc=0x0000000002a1556a sp=0x0000000018cde7f8 mode 2
Event: 2.887 Thread 0x0000000017853800 Uncommon trap: trap_request=0xffffffc6 fr.pc=0x0000000002fd59b0
Event: 2.887 Thread 0x0000000017853800 DEOPT PACKING pc=0x0000000002fd59b0 sp=0x0000000018cde940
Event: 2.887 Thread 0x0000000017853800 DEOPT UNPACKING pc=0x0000000002a1556a sp=0x0000000018cde898 mode 2
Event: 2.887 Thread 0x0000000017853800 Uncommon trap: trap_request=0xffffffc6 fr.pc=0x0000000002fd59b0
Event: 2.887 Thread 0x0000000017853800 DEOPT PACKING pc=0x0000000002fd59b0 sp=0x0000000018cde8a0
Event: 2.887 Thread 0x0000000017853800 DEOPT UNPACKING pc=0x0000000002a1556a sp=0x0000000018cde7f8 mode 2
Event: 2.892 Thread 0x0000000017802800 Uncommon trap: trap_request=0xffffffde fr.pc=0x0000000002fbe6ec
Event: 2.892 Thread 0x0000000017802800 DEOPT PACKING pc=0x0000000002fbe6ec sp=0x00000000189de840
Event: 2.892 Thread 0x0000000017802800 DEOPT UNPACKING pc=0x0000000002a1556a sp=0x00000000189de7e8 mode 2


Dynamic libraries:
0x00007ff7bf600000 - 0x00007ff7bf634000 	C:\Program Files\Java\jdk1.8.0_31\bin\java.exe
0x00007ffe5e4d0000 - 0x00007ffe5e67d000 	C:\Windows\SYSTEM32\ntdll.dll
0x00007ffe5bb50000 - 0x00007ffe5bc8e000 	C:\Windows\system32\KERNEL32.DLL
0x00007ffe5b740000 - 0x00007ffe5b855000 	C:\Windows\system32\KERNELBASE.dll
0x00007ffe5a1a0000 - 0x00007ffe5a22e000 	C:\Windows\system32\apphelp.dll
0x00007ffe4c450000 - 0x00007ffe4c4a3000 	C:\Windows\AppPatch\AppPatch64\AcGenral.DLL
0x00007ffe5c3e0000 - 0x00007ffe5c48a000 	C:\Windows\system32\msvcrt.dll
0x00007ffe5b4c0000 - 0x00007ffe5b4ee000 	C:\Windows\SYSTEM32\SspiCli.dll
0x00007ffe5c380000 - 0x00007ffe5c3d4000 	C:\Windows\system32\SHLWAPI.dll
0x00007ffe5e1b0000 - 0x00007ffe5e327000 	C:\Windows\system32\USER32.dll
0x00007ffe5c720000 - 0x00007ffe5c8b4000 	C:\Windows\system32\ole32.dll
0x00007ffe5c8c0000 - 0x00007ffe5ddea000 	C:\Windows\system32\SHELL32.dll
0x00007ffe5ac40000 - 0x00007ffe5ac61000 	C:\Windows\SYSTEM32\USERENV.dll
0x00007ffe5e420000 - 0x00007ffe5e4ca000 	C:\Windows\system32\ADVAPI32.dll
0x00007ffe50e80000 - 0x00007ffe50e9e000 	C:\Windows\SYSTEM32\MPR.dll
0x00007ffe5bc90000 - 0x00007ffe5bdd1000 	C:\Windows\system32\RPCRT4.dll
0x00007ffe5c490000 - 0x00007ffe5c4e9000 	C:\Windows\SYSTEM32\sechost.dll
0x00007ffe5c4f0000 - 0x00007ffe5c701000 	C:\Windows\SYSTEM32\combase.dll
0x00007ffe5c0f0000 - 0x00007ffe5c240000 	C:\Windows\system32\GDI32.dll
0x00007ffe5b620000 - 0x00007ffe5b635000 	C:\Windows\SYSTEM32\profapi.dll
0x00007ffe5a0b0000 - 0x00007ffe5a162000 	C:\Windows\SYSTEM32\SHCORE.dll
0x00007ffe5ddf0000 - 0x00007ffe5de26000 	C:\Windows\system32\IMM32.DLL
0x00007ffe5bf90000 - 0x00007ffe5c0e2000 	C:\Windows\system32\MSCTF.dll
0x00007ffe596f0000 - 0x00007ffe5996b000 	C:\Windows\WinSxS\amd64_microsoft.windows.common-controls_6595b64144ccf1df_6.0.9600.18006_none_623f33d3ecbe86e8\COMCTL32.dll
0x000000006abd0000 - 0x000000006aca2000 	C:\Program Files\Java\jdk1.8.0_31\jre\bin\msvcr100.dll
0x0000000069390000 - 0x0000000069bea000 	C:\Program Files\Java\jdk1.8.0_31\jre\bin\server\jvm.dll
0x00007ffe445c0000 - 0x00007ffe445c9000 	C:\Windows\SYSTEM32\WSOCK32.dll
0x00007ffe591f0000 - 0x00007ffe59212000 	C:\Windows\SYSTEM32\WINMM.dll
0x00007ffe5e1a0000 - 0x00007ffe5e1a7000 	C:\Windows\system32\PSAPI.DLL
0x00007ffe5c250000 - 0x00007ffe5c2aa000 	C:\Windows\system32\WS2_32.dll
0x00007ffe59100000 - 0x00007ffe5912a000 	C:\Windows\SYSTEM32\WINMMBASE.dll
0x00007ffe5c370000 - 0x00007ffe5c379000 	C:\Windows\system32\NSI.dll
0x00007ffe5b6f0000 - 0x00007ffe5b73f000 	C:\Windows\SYSTEM32\cfgmgr32.dll
0x00007ffe5a410000 - 0x00007ffe5a438000 	C:\Windows\SYSTEM32\DEVOBJ.dll
0x000000006b080000 - 0x000000006b08f000 	C:\Program Files\Java\jdk1.8.0_31\jre\bin\verify.dll
0x000000006b050000 - 0x000000006b078000 	C:\Program Files\Java\jdk1.8.0_31\jre\bin\java.dll
0x000000006b030000 - 0x000000006b046000 	C:\Program Files\Java\jdk1.8.0_31\jre\bin\zip.dll
0x00007ffe3ad20000 - 0x00007ffe3aea9000 	C:\Windows\SYSTEM32\dbghelp.dll

VM Arguments:
jvm_args: -Djava.awt.headless=true -Xmx1024M -Dfile.encoding=windows-1252 -Duser.country=FR -Duser.language=fr -Duser.variant 
java_command: com.android.dx.command.Main --dex --num-threads=4 --output D:\AndroidStudioProjects\App2\app\build\intermediates\pre-dexed\debug\com.google.android.gms-play-services-analytics-8.4.0_ab019067a73dfb86a7ffe7887a2346b57031fd81.jar D:\AndroidStudioProjects\App2\app\build\intermediates\exploded-aar\com.google.android.gms\play-services-analytics\8.4.0\jars\classes.jar
java_class_path (initial): D:\Android_SDK\build-tools\23.0.3\lib\dx.jar
Launcher Type: SUN_STANDARD

Environment Variables:
JAVA_HOME=C:\Program Files\Java\jdk1.8.0_31
PATH=C:\ProgramData\Oracle\Java\javapath;c:\Rtools\bin;c:\Rtools\gcc-4.6.3\bin;C:\Program Files (x86)\NVIDIA Corporation\PhysX\Common;C:\Program Files (x86)\Intel\iCLS Client\;C:\Program Files\Intel\iCLS Client\;C:\Windows\system32;C:\Windows;C:\Windows\System32\Wbem;C:\Windows\System32\WindowsPowerShell\v1.0\;C:\Program Files\Intel\Intel(R) Management Engine Components\DAL;C:\Program Files\Intel\Intel(R) Management Engine Components\IPT;C:\Program Files (x86)\Intel\Intel(R) Management Engine Components\DAL;C:\Program Files (x86)\Intel\Intel(R) Management Engine Components\IPT;C:\Program Files (x86)\QuickTime\QTSystem\;C:\Program Files\Java\jdk1.8.0_20\jre\bin\server;C:\Python34\;C:\Python34\Scripts;C:\Python34\Lib\site-packages\django\bin\;C:\Program Files\Java\jdk1.8.0_31\bin;C:\Program Files (x86)\Skype\Phone\
USERNAME=Jacques
OS=Windows_NT
PROCESSOR_IDENTIFIER=Intel64 Family 6 Model 60 Stepping 3, GenuineIntel



---------------  S Y S T E M  ---------------

OS: Windows 8.1 , 64 bit Build 9600 

CPU:total 8 (4 cores per cpu, 2 threads per core) family 6 model 60 stepping 3, cmov, cx8, fxsr, mmx, sse, sse2, sse3, ssse3, sse4.1, sse4.2, popcnt, avx, avx2, aes, clmul, erms, lzcnt, ht, tsc, tscinvbit, bmi1, bmi2

Memory: 4k page, physical 16657364k(3548520k free), swap 19803092k(5380k free)

vm_info: Java HotSpot(TM) 64-Bit Server VM (25.31-b07) for windows-amd64 JRE (1.8.0_31-b13), built on Dec 17 2014 21:00:28 by "java_re" with MS VC++ 10.0 (VS2010)

time: Wed Apr 27 01:56:54 2016
elapsed time: 2 seconds (0d 0h 0m 2s)

