#
# There is insufficient memory for the Java Runtime Environment to continue.
# Native memory allocation (malloc) failed to allocate 1048576 bytes for AllocateHeap
# Possible reasons:
#   The system is out of physical RAM or swap space
#   In 32 bit mode, the process size limit was hit
# Possible solutions:
#   Reduce memory load on the system
#   Increase physical memory or swap space
#   Check if swap backing store is full
#   Use 64 bit Java on a 64 bit OS
#   Decrease Java heap size (-Xmx/-Xms)
#   Decrease number of Java threads
#   Decrease Java thread stack sizes (-Xss)
#   Set larger code cache with -XX:ReservedCodeCacheSize=
# This output file may be truncated or incomplete.
#
#  Out of Memory Error (memory/allocation.inline.hpp:62), pid=8296, tid=10812
#
# JRE version:  (8.0_31-b13) (build )
# Java VM: Java HotSpot(TM) 64-Bit Server VM (25.31-b07 mixed mode windows-amd64 compressed oops)
# Failed to write core dump. Minidumps are not enabled by default on client versions of Windows
#

---------------  T H R E A D  ---------------

Current thread (0x0000000002511000):  JavaThread "Unknown thread" [_thread_in_vm, id=10812, stack(0x00000000023f0000,0x00000000024f0000)]

Stack: [0x00000000023f0000,0x00000000024f0000]
Native frames: (J=compiled Java code, j=interpreted, Vv=VM code, C=native code)
V  [jvm.dll+0x3169ba]
V  [jvm.dll+0x2674c3]
V  [jvm.dll+0x268103]
V  [jvm.dll+0x25f8f5]
V  [jvm.dll+0x3aa76f]
V  [jvm.dll+0x3d6852]
V  [jvm.dll+0x3d6bda]
V  [jvm.dll+0x3d2017]
V  [jvm.dll+0xe54d2]
V  [jvm.dll+0x1fa089]
V  [jvm.dll+0x22b694]
V  [jvm.dll+0x14d8c1]
C  [java.exe+0x20b6]
C  [java.exe+0xc9bb]
C  [java.exe+0xca4f]
C  [KERNEL32.DLL+0x13d2]
C  [ntdll.dll+0x154e4]


---------------  P R O C E S S  ---------------

Java Threads: ( => current thread )

Other Threads:

=>0x0000000002511000 (exited) JavaThread "Unknown thread" [_thread_in_vm, id=10812, stack(0x00000000023f0000,0x00000000024f0000)]

VM state:not at safepoint (normal execution)

VM Mutex/Monitor currently owned by a thread: None

Heap:
 PSYoungGen      total 76288K, used 1310K [0x00000000eab00000, 0x00000000f0000000, 0x0000000100000000)
  eden space 65536K, 2% used [0x00000000eab00000,0x00000000eac47af0,0x00000000eeb00000)
  from space 10752K, 0% used [0x00000000ef580000,0x00000000ef580000,0x00000000f0000000)
  to   space 10752K, 0% used [0x00000000eeb00000,0x00000000eeb00000,0x00000000ef580000)
 ParOldGen       total 175104K, used 0K [0x00000000c0000000, 0x00000000cab00000, 0x00000000eab00000)
  object space 175104K, 0% used [0x00000000c0000000,0x00000000c0000000,0x00000000cab00000)
 Metaspace       used 677K, capacity 4480K, committed 4480K, reserved 1056768K
  class space    used 67K, capacity 384K, committed 384K, reserved 1048576K

Card table byte_map: [0x0000000011a90000,0x0000000011ca0000] byte_map_base: 0x0000000011490000

Marking Bits: (ParMarkBitMap*) 0x0000000052aad4f0
 Begin Bits: [0x0000000012600000, 0x0000000013600000)
 End Bits:   [0x0000000013600000, 0x0000000014600000)

Polling page: 0x0000000000b30000

CodeCache: size=245760Kb used=327Kb max_used=327Kb free=245432Kb
 bounds [0x00000000026d0000, 0x0000000002940000, 0x00000000116d0000]
 total_blobs=56 nmethods=0 adapters=37
 compilation: enabled

Compilation events (0 events):
No events

GC Heap History (0 events):
No events

Deoptimization events (0 events):
No events

Internal exceptions (0 events):
No events

Events (10 events):
Event: 0.055 loading class java/lang/Short
Event: 0.055 loading class java/lang/Short done
Event: 0.055 loading class java/lang/Integer
Event: 0.055 loading class java/lang/Integer done
Event: 0.055 loading class java/lang/Long
Event: 0.055 loading class java/lang/Long done
Event: 0.056 loading class java/lang/NullPointerException
Event: 0.056 loading class java/lang/NullPointerException done
Event: 0.056 loading class java/lang/ArithmeticException
Event: 0.056 loading class java/lang/ArithmeticException done


Dynamic libraries:
0x00007ff755c00000 - 0x00007ff755c34000 	C:\Program Files\Java\jdk1.8.0_31\bin\java.exe
0x00007ff891150000 - 0x00007ff8912fd000 	C:\Windows\SYSTEM32\ntdll.dll
0x00007ff8904e0000 - 0x00007ff89061e000 	C:\Windows\system32\KERNEL32.DLL
0x00007ff88e370000 - 0x00007ff88e485000 	C:\Windows\system32\KERNELBASE.dll
0x00007ff88ce20000 - 0x00007ff88ceae000 	C:\Windows\system32\apphelp.dll
0x00007ff8852e0000 - 0x00007ff885333000 	C:\Windows\AppPatch\AppPatch64\AcGenral.DLL
0x00007ff88e7d0000 - 0x00007ff88e87a000 	C:\Windows\system32\msvcrt.dll
0x00007ff88e140000 - 0x00007ff88e16e000 	C:\Windows\SYSTEM32\SspiCli.dll
0x00007ff890d20000 - 0x00007ff890d74000 	C:\Windows\system32\SHLWAPI.dll
0x00007ff8907f0000 - 0x00007ff890967000 	C:\Windows\system32\USER32.dll
0x00007ff88fdf0000 - 0x00007ff88ff84000 	C:\Windows\system32\ole32.dll
0x00007ff88e8c0000 - 0x00007ff88fdea000 	C:\Windows\system32\SHELL32.dll
0x00007ff88d8c0000 - 0x00007ff88d8e1000 	C:\Windows\SYSTEM32\USERENV.dll
0x00007ff8909d0000 - 0x00007ff890a7a000 	C:\Windows\system32\ADVAPI32.dll
0x00007ff881830000 - 0x00007ff88184e000 	C:\Windows\SYSTEM32\MPR.dll
0x00007ff890640000 - 0x00007ff890781000 	C:\Windows\system32\RPCRT4.dll
0x00007ff890110000 - 0x00007ff890169000 	C:\Windows\SYSTEM32\sechost.dll
0x00007ff8902c0000 - 0x00007ff8904d1000 	C:\Windows\SYSTEM32\combase.dll
0x00007ff890170000 - 0x00007ff8902c0000 	C:\Windows\system32\GDI32.dll
0x00007ff88e2a0000 - 0x00007ff88e2b5000 	C:\Windows\SYSTEM32\profapi.dll
0x00007ff88cb00000 - 0x00007ff88cbb2000 	C:\Windows\SYSTEM32\SHCORE.dll
0x00007ff88e880000 - 0x00007ff88e8b6000 	C:\Windows\system32\IMM32.DLL
0x00007ff88ff90000 - 0x00007ff8900e2000 	C:\Windows\system32\MSCTF.dll
0x00007ff88c370000 - 0x00007ff88c5eb000 	C:\Windows\WinSxS\amd64_microsoft.windows.common-controls_6595b64144ccf1df_6.0.9600.18006_none_623f33d3ecbe86e8\COMCTL32.dll
0x0000000053770000 - 0x0000000053842000 	C:\Program Files\Java\jdk1.8.0_31\jre\bin\msvcr100.dll
0x00000000522d0000 - 0x0000000052b2a000 	C:\Program Files\Java\jdk1.8.0_31\jre\bin\server\jvm.dll
0x00007ff88a750000 - 0x00007ff88a759000 	C:\Windows\SYSTEM32\WSOCK32.dll
0x00007ff88be70000 - 0x00007ff88be92000 	C:\Windows\SYSTEM32\WINMM.dll
0x00007ff8910d0000 - 0x00007ff8910d7000 	C:\Windows\system32\PSAPI.DLL
0x00007ff890790000 - 0x00007ff8907ea000 	C:\Windows\system32\WS2_32.dll
0x00007ff88bdf0000 - 0x00007ff88be1a000 	C:\Windows\SYSTEM32\WINMMBASE.dll
0x00007ff8900f0000 - 0x00007ff8900f9000 	C:\Windows\system32\NSI.dll
0x00007ff88e4f0000 - 0x00007ff88e53f000 	C:\Windows\SYSTEM32\cfgmgr32.dll
0x00007ff88d090000 - 0x00007ff88d0b8000 	C:\Windows\SYSTEM32\DEVOBJ.dll
0x0000000054710000 - 0x000000005471f000 	C:\Program Files\Java\jdk1.8.0_31\jre\bin\verify.dll
0x00000000546e0000 - 0x0000000054708000 	C:\Program Files\Java\jdk1.8.0_31\jre\bin\java.dll
0x00000000546c0000 - 0x00000000546d6000 	C:\Program Files\Java\jdk1.8.0_31\jre\bin\zip.dll
0x00007ff8690a0000 - 0x00007ff869229000 	C:\Windows\SYSTEM32\dbghelp.dll

VM Arguments:
jvm_args: -Djava.awt.headless=true -Xmx1024M -Dfile.encoding=windows-1252 -Duser.country=FR -Duser.language=fr -Duser.variant 
java_command: com.android.dx.command.Main --dex --num-threads=4 --output D:\AndroidStudioProjects\App2\app\build\intermediates\pre-dexed\release\com.isseiaoki-simplecropview-1.0.14_f653ac87ddfa23b9a3c8367aa09a75cee7ec30cd.jar D:\AndroidStudioProjects\App2\app\build\intermediates\exploded-aar\com.isseiaoki\simplecropview\1.0.14\jars\classes.jar
java_class_path (initial): D:\Android_SDK\build-tools\23.0.3\lib\dx.jar
Launcher Type: SUN_STANDARD

Environment Variables:
JAVA_HOME=C:\Program Files\Java\jdk1.8.0_31
PATH=C:\ProgramData\Oracle\Java\javapath;c:\Rtools\bin;c:\Rtools\gcc-4.6.3\bin;C:\Program Files (x86)\NVIDIA Corporation\PhysX\Common;C:\Program Files (x86)\Intel\iCLS Client\;C:\Program Files\Intel\iCLS Client\;C:\Windows\system32;C:\Windows;C:\Windows\System32\Wbem;C:\Windows\System32\WindowsPowerShell\v1.0\;C:\Program Files\Intel\Intel(R) Management Engine Components\DAL;C:\Program Files\Intel\Intel(R) Management Engine Components\IPT;C:\Program Files (x86)\Intel\Intel(R) Management Engine Components\DAL;C:\Program Files (x86)\Intel\Intel(R) Management Engine Components\IPT;C:\Program Files (x86)\QuickTime\QTSystem\;C:\Program Files\Java\jdk1.8.0_20\jre\bin\server;C:\Python34\;C:\Python34\Scripts;C:\Python34\Lib\site-packages\django\bin\;C:\Program Files\Java\jdk1.8.0_31\bin;C:\Program Files (x86)\Skype\Phone\
USERNAME=Jacques
OS=Windows_NT
PROCESSOR_IDENTIFIER=Intel64 Family 6 Model 60 Stepping 3, GenuineIntel



---------------  S Y S T E M  ---------------

OS: Windows 8.1 , 64 bit Build 9600 

CPU:total 8 (4 cores per cpu, 2 threads per core) family 6 model 60 stepping 3, cmov, cx8, fxsr, mmx, sse, sse2, sse3, ssse3, sse4.1, sse4.2, popcnt, avx, avx2, aes, clmul, erms, lzcnt, ht, tsc, tscinvbit, bmi1, bmi2

Memory: 4k page, physical 16657364k(3772360k free), swap 19803092k(258440k free)

vm_info: Java HotSpot(TM) 64-Bit Server VM (25.31-b07) for windows-amd64 JRE (1.8.0_31-b13), built on Dec 17 2014 21:00:28 by "java_re" with MS VC++ 10.0 (VS2010)

time: Tue Mar 29 19:07:16 2016
elapsed time: 0 seconds (0d 0h 0m 0s)

