#
# There is insufficient memory for the Java Runtime Environment to continue.
# Native memory allocation (malloc) failed to allocate 227216 bytes for Chunk::new
# Possible reasons:
#   The system is out of physical RAM or swap space
#   In 32 bit mode, the process size limit was hit
# Possible solutions:
#   Reduce memory load on the system
#   Increase physical memory or swap space
#   Check if swap backing store is full
#   Use 64 bit Java on a 64 bit OS
#   Decrease Java heap size (-Xmx/-Xms)
#   Decrease number of Java threads
#   Decrease Java thread stack sizes (-Xss)
#   Set larger code cache with -XX:ReservedCodeCacheSize=
# This output file may be truncated or incomplete.
#
#  Out of Memory Error (allocation.cpp:390), pid=15952, tid=19380
#
# JRE version: Java(TM) SE Runtime Environment (8.0_31-b13) (build 1.8.0_31-b13)
# Java VM: Java HotSpot(TM) 64-Bit Server VM (25.31-b07 mixed mode windows-amd64 compressed oops)
# Failed to write core dump. Minidumps are not enabled by default on client versions of Windows
#

---------------  T H R E A D  ---------------

Current thread (0x0000000016969800):  JavaThread "C2 CompilerThread1" daemon [_thread_in_native, id=19380, stack(0x0000000017040000,0x0000000017140000)]

Stack: [0x0000000017040000,0x0000000017140000]
Native frames: (J=compiled Java code, j=interpreted, Vv=VM code, C=native code)
V  [jvm.dll+0x3169ba]


Current CompileTask:
C2:   1314 1078       4       com.android.dx.ssa.SCCP::simulateStmt (481 bytes)


---------------  P R O C E S S  ---------------

Java Threads: ( => current thread )
  0x0000000016bbe800 JavaThread "pool-1-thread-4" [_thread_in_Java, id=17576, stack(0x0000000017940000,0x0000000017a40000)]
  0x0000000016bb9800 JavaThread "pool-1-thread-3" [_thread_in_vm, id=10112, stack(0x0000000017840000,0x0000000017940000)]
  0x0000000016bb4000 JavaThread "pool-1-thread-2" [_thread_in_Java, id=21112, stack(0x0000000017740000,0x0000000017840000)]
  0x0000000016bb1800 JavaThread "pool-2-thread-1" [_thread_blocked, id=16524, stack(0x0000000017640000,0x0000000017740000)]
  0x0000000016bb0800 JavaThread "pool-1-thread-1" [_thread_in_vm, id=18068, stack(0x0000000017540000,0x0000000017640000)]
  0x00000000169fb000 JavaThread "Service Thread" daemon [_thread_blocked, id=21180, stack(0x0000000017340000,0x0000000017440000)]
  0x000000001699a000 JavaThread "C1 CompilerThread3" daemon [_thread_in_vm, id=20704, stack(0x0000000017240000,0x0000000017340000)]
  0x000000001696f800 JavaThread "C2 CompilerThread2" daemon [_thread_in_native, id=4580, stack(0x0000000017140000,0x0000000017240000)]
=>0x0000000016969800 JavaThread "C2 CompilerThread1" daemon [_thread_in_native, id=19380, stack(0x0000000017040000,0x0000000017140000)]
  0x0000000016966000 JavaThread "C2 CompilerThread0" daemon [_thread_in_native, id=19684, stack(0x0000000016f40000,0x0000000017040000)]
  0x0000000016964800 JavaThread "Attach Listener" daemon [_thread_blocked, id=11436, stack(0x0000000016e40000,0x0000000016f40000)]
  0x0000000016963800 JavaThread "Signal Dispatcher" daemon [_thread_blocked, id=12140, stack(0x0000000016d40000,0x0000000016e40000)]
  0x0000000001db7800 JavaThread "Finalizer" daemon [_thread_blocked, id=20296, stack(0x0000000016840000,0x0000000016940000)]
  0x0000000001db1000 JavaThread "Reference Handler" daemon [_thread_blocked, id=15840, stack(0x0000000016740000,0x0000000016840000)]
  0x0000000001cc1000 JavaThread "main" [_thread_in_Java, id=11284, stack(0x0000000001b80000,0x0000000001c80000)]

Other Threads:
  0x0000000014968800 VMThread [stack: 0x0000000016640000,0x0000000016740000] [id=21200]
  0x0000000016a00000 WatcherThread [stack: 0x0000000017440000,0x0000000017540000] [id=10616]

VM state:not at safepoint (normal execution)

VM Mutex/Monitor currently owned by a thread: None

Heap:
 PSYoungGen      total 76288K, used 38016K [0x00000000eab00000, 0x00000000f0000000, 0x0000000100000000)
  eden space 65536K, 58% used [0x00000000eab00000,0x00000000ed020300,0x00000000eeb00000)
  from space 10752K, 0% used [0x00000000ef580000,0x00000000ef580000,0x00000000f0000000)
  to   space 10752K, 0% used [0x00000000eeb00000,0x00000000eeb00000,0x00000000ef580000)
 ParOldGen       total 175104K, used 0K [0x00000000c0000000, 0x00000000cab00000, 0x00000000eab00000)
  object space 175104K, 0% used [0x00000000c0000000,0x00000000c0000000,0x00000000cab00000)
 Metaspace       used 5826K, capacity 6832K, committed 7040K, reserved 1056768K
  class space    used 584K, capacity 616K, committed 640K, reserved 1048576K

Card table byte_map: [0x0000000011210000,0x0000000011420000] byte_map_base: 0x0000000010c10000

Marking Bits: (ParMarkBitMap*) 0x0000000052aad4f0
 Begin Bits: [0x0000000011d80000, 0x0000000012d80000)
 End Bits:   [0x0000000012d80000, 0x0000000013d80000)

Polling page: 0x0000000000400000

CodeCache: size=245760Kb used=4408Kb max_used=4418Kb free=241351Kb
 bounds [0x0000000001e50000, 0x00000000022b0000, 0x0000000010e50000]
 total_blobs=1449 nmethods=1185 adapters=178
 compilation: enabled

Compilation events (10 events):
Event: 1.246 Thread 0x000000001699a000 1137       3       com.android.dx.ssa.SsaMethod::getGoto (26 bytes)
Event: 1.247 Thread 0x000000001699a000 nmethod 1137 0x000000000227a8d0 code [0x000000000227aa80, 0x000000000227afd8]
Event: 1.267 Thread 0x000000001696f800 nmethod 1131% 0x0000000002280b50 code [0x0000000002280da0, 0x0000000002281c30]
Event: 1.267 Thread 0x000000001696f800 1140       4       com.android.dx.ssa.SsaBasicBlock::forEachPhiInsn (54 bytes)
Event: 1.278 Thread 0x000000001696f800 nmethod 1140 0x0000000002282f10 code [0x00000000022830a0, 0x0000000002283748]
Event: 1.278 Thread 0x000000001696f800 1145       4       com.android.dx.ssa.SsaBasicBlock::getCountPhiInsns (45 bytes)
Event: 1.283 Thread 0x000000001696f800 nmethod 1145 0x000000000227d810 code [0x000000000227d960, 0x000000000227db98]
Event: 1.283 Thread 0x000000001696f800 1139       4       com.android.dx.ssa.SsaRenamer$BlockRenamer::processResultReg (56 bytes)
Event: 1.287 Thread 0x0000000016966000 1162   !   4       com.android.dx.rop.cst.StdConstantPool::getOrNull (13 bytes)
Event: 1.287 Thread 0x000000001699a000 1144       3       com.android.dx.ssa.SsaMethod::removeFromUseList (57 bytes)

GC Heap History (0 events):
No events

Deoptimization events (8 events):
Event: 0.913 Thread 0x0000000001cc1000 Uncommon trap: reason=class_check action=maybe_recompile pc=0x00000000020b55f0 method=com.android.dx.ssa.NormalSsaInsn.accept(Lcom/android/dx/ssa/SsaInsn$Visitor;)V @ 9
Event: 0.915 Thread 0x0000000001cc1000 Uncommon trap: reason=class_check action=maybe_recompile pc=0x00000000020b55f0 method=com.android.dx.ssa.NormalSsaInsn.accept(Lcom/android/dx/ssa/SsaInsn$Visitor;)V @ 9
Event: 0.916 Thread 0x0000000001cc1000 Uncommon trap: reason=class_check action=maybe_recompile pc=0x00000000020b55f0 method=com.android.dx.ssa.NormalSsaInsn.accept(Lcom/android/dx/ssa/SsaInsn$Visitor;)V @ 9
Event: 0.918 Thread 0x0000000001cc1000 Uncommon trap: reason=class_check action=maybe_recompile pc=0x00000000020b55f0 method=com.android.dx.ssa.NormalSsaInsn.accept(Lcom/android/dx/ssa/SsaInsn$Visitor;)V @ 9
Event: 1.086 Thread 0x0000000016bb9800 Uncommon trap: reason=bimorphic action=maybe_recompile pc=0x000000000218c348 method=com.android.dx.ssa.NormalSsaInsn.accept(Lcom/android/dx/ssa/SsaInsn$Visitor;)V @ 9
Event: 1.122 Thread 0x0000000016bb0800 Uncommon trap: reason=bimorphic action=maybe_recompile pc=0x000000000218c348 method=com.android.dx.ssa.NormalSsaInsn.accept(Lcom/android/dx/ssa/SsaInsn$Visitor;)V @ 9
Event: 1.122 Thread 0x0000000016bb0800 Uncommon trap: reason=bimorphic action=maybe_recompile pc=0x000000000218c348 method=com.android.dx.ssa.NormalSsaInsn.accept(Lcom/android/dx/ssa/SsaInsn$Visitor;)V @ 9
Event: 1.123 Thread 0x0000000016bb0800 Uncommon trap: reason=bimorphic action=maybe_recompile pc=0x000000000218c348 method=com.android.dx.ssa.NormalSsaInsn.accept(Lcom/android/dx/ssa/SsaInsn$Visitor;)V @ 9

Internal exceptions (10 events):
Event: 0.830 Thread 0x0000000001cc1000 Exception <a 'java/security/PrivilegedActionException'> (0x00000000eb22b740) thrown at [C:\workspace\8-2-build-windows-amd64-cygwin\jdk8u31\2394\hotspot\src\share\vm\prims\jvm.cpp, line 1312]
Event: 0.831 Thread 0x0000000001cc1000 Exception <a 'java/security/PrivilegedActionException'> (0x00000000eb22f018) thrown at [C:\workspace\8-2-build-windows-amd64-cygwin\jdk8u31\2394\hotspot\src\share\vm\prims\jvm.cpp, line 1312]
Event: 0.834 Thread 0x0000000001cc1000 Exception <a 'java/security/PrivilegedActionException'> (0x00000000eb23b900) thrown at [C:\workspace\8-2-build-windows-amd64-cygwin\jdk8u31\2394\hotspot\src\share\vm\prims\jvm.cpp, line 1312]
Event: 0.834 Thread 0x0000000016bbe800 Exception <a 'java/security/PrivilegedActionException'> (0x00000000eb3c1a08) thrown at [C:\workspace\8-2-build-windows-amd64-cygwin\jdk8u31\2394\hotspot\src\share\vm\prims\jvm.cpp, line 1312]
Event: 0.835 Thread 0x0000000016bb9800 Exception <a 'java/security/PrivilegedActionException'> (0x00000000eb9b5ed8) thrown at [C:\workspace\8-2-build-windows-amd64-cygwin\jdk8u31\2394\hotspot\src\share\vm\prims\jvm.cpp, line 1312]
Event: 0.839 Thread 0x0000000016bb9800 Exception <a 'java/security/PrivilegedActionException'> (0x00000000eb9bebe8) thrown at [C:\workspace\8-2-build-windows-amd64-cygwin\jdk8u31\2394\hotspot\src\share\vm\prims\jvm.cpp, line 1312]
Event: 0.846 Thread 0x0000000016bb9800 Exception <a 'java/security/PrivilegedActionException'> (0x00000000eb9eb290) thrown at [C:\workspace\8-2-build-windows-amd64-cygwin\jdk8u31\2394\hotspot\src\share\vm\prims\jvm.cpp, line 1312]
Event: 0.861 Thread 0x0000000001cc1000 Exception <a 'java/security/PrivilegedActionException'> (0x00000000eb2a8e30) thrown at [C:\workspace\8-2-build-windows-amd64-cygwin\jdk8u31\2394\hotspot\src\share\vm\prims\jvm.cpp, line 1312]
Event: 0.869 Thread 0x0000000016bb0800 Exception <a 'java/security/PrivilegedActionException'> (0x00000000eb4e02d8) thrown at [C:\workspace\8-2-build-windows-amd64-cygwin\jdk8u31\2394\hotspot\src\share\vm\prims\jvm.cpp, line 1312]
Event: 1.083 Thread 0x0000000016bb0800 Exception <a 'java/security/PrivilegedActionException'> (0x00000000ec0182d0) thrown at [C:\workspace\8-2-build-windows-amd64-cygwin\jdk8u31\2394\hotspot\src\share\vm\prims\jvm.cpp, line 1312]

Events (10 events):
Event: 1.122 Thread 0x0000000016bb0800 DEOPT PACKING pc=0x000000000218c348 sp=0x000000001763e3e0
Event: 1.122 Thread 0x0000000016bb0800 DEOPT UNPACKING pc=0x0000000001e9556a sp=0x000000001763e3a0 mode 2
Event: 1.122 Thread 0x0000000016bb0800 Uncommon trap: trap_request=0xffffffc6 fr.pc=0x000000000218c348
Event: 1.122 Thread 0x0000000016bb0800 DEOPT PACKING pc=0x000000000218c348 sp=0x000000001763e380
Event: 1.122 Thread 0x0000000016bb0800 DEOPT UNPACKING pc=0x0000000001e9556a sp=0x000000001763e340 mode 2
Event: 1.123 Thread 0x0000000016bb0800 Uncommon trap: trap_request=0xffffffc6 fr.pc=0x000000000218c348
Event: 1.123 Thread 0x0000000016bb0800 DEOPT PACKING pc=0x000000000218c348 sp=0x000000001763e6a0
Event: 1.123 Thread 0x0000000016bb0800 DEOPT UNPACKING pc=0x0000000001e9556a sp=0x000000001763e660 mode 2
Event: 1.168 Executing VM operation: ForceSafepoint
Event: 1.218 Executing VM operation: ForceSafepoint done


Dynamic libraries:
0x00007ff755c00000 - 0x00007ff755c34000 	C:\Program Files\Java\jdk1.8.0_31\bin\java.exe
0x00007ff891150000 - 0x00007ff8912fd000 	C:\Windows\SYSTEM32\ntdll.dll
0x00007ff8904e0000 - 0x00007ff89061e000 	C:\Windows\system32\KERNEL32.DLL
0x00007ff88e370000 - 0x00007ff88e485000 	C:\Windows\system32\KERNELBASE.dll
0x00007ff88ce20000 - 0x00007ff88ceae000 	C:\Windows\system32\apphelp.dll
0x00007ff8852e0000 - 0x00007ff885333000 	C:\Windows\AppPatch\AppPatch64\AcGenral.DLL
0x00007ff88e7d0000 - 0x00007ff88e87a000 	C:\Windows\system32\msvcrt.dll
0x00007ff88e140000 - 0x00007ff88e16e000 	C:\Windows\SYSTEM32\SspiCli.dll
0x00007ff890d20000 - 0x00007ff890d74000 	C:\Windows\system32\SHLWAPI.dll
0x00007ff8907f0000 - 0x00007ff890967000 	C:\Windows\system32\USER32.dll
0x00007ff88fdf0000 - 0x00007ff88ff84000 	C:\Windows\system32\ole32.dll
0x00007ff88e8c0000 - 0x00007ff88fdea000 	C:\Windows\system32\SHELL32.dll
0x00007ff88d8c0000 - 0x00007ff88d8e1000 	C:\Windows\SYSTEM32\USERENV.dll
0x00007ff8909d0000 - 0x00007ff890a7a000 	C:\Windows\system32\ADVAPI32.dll
0x00007ff881830000 - 0x00007ff88184e000 	C:\Windows\SYSTEM32\MPR.dll
0x00007ff890640000 - 0x00007ff890781000 	C:\Windows\system32\RPCRT4.dll
0x00007ff890110000 - 0x00007ff890169000 	C:\Windows\SYSTEM32\sechost.dll
0x00007ff8902c0000 - 0x00007ff8904d1000 	C:\Windows\SYSTEM32\combase.dll
0x00007ff890170000 - 0x00007ff8902c0000 	C:\Windows\system32\GDI32.dll
0x00007ff88e2a0000 - 0x00007ff88e2b5000 	C:\Windows\SYSTEM32\profapi.dll
0x00007ff88cb00000 - 0x00007ff88cbb2000 	C:\Windows\SYSTEM32\SHCORE.dll
0x00007ff88e880000 - 0x00007ff88e8b6000 	C:\Windows\system32\IMM32.DLL
0x00007ff88ff90000 - 0x00007ff8900e2000 	C:\Windows\system32\MSCTF.dll
0x00007ff88c370000 - 0x00007ff88c5eb000 	C:\Windows\WinSxS\amd64_microsoft.windows.common-controls_6595b64144ccf1df_6.0.9600.18006_none_623f33d3ecbe86e8\COMCTL32.dll
0x0000000053770000 - 0x0000000053842000 	C:\Program Files\Java\jdk1.8.0_31\jre\bin\msvcr100.dll
0x00000000522d0000 - 0x0000000052b2a000 	C:\Program Files\Java\jdk1.8.0_31\jre\bin\server\jvm.dll
0x00007ff88a750000 - 0x00007ff88a759000 	C:\Windows\SYSTEM32\WSOCK32.dll
0x00007ff88be70000 - 0x00007ff88be92000 	C:\Windows\SYSTEM32\WINMM.dll
0x00007ff8910d0000 - 0x00007ff8910d7000 	C:\Windows\system32\PSAPI.DLL
0x00007ff890790000 - 0x00007ff8907ea000 	C:\Windows\system32\WS2_32.dll
0x00007ff88bdf0000 - 0x00007ff88be1a000 	C:\Windows\SYSTEM32\WINMMBASE.dll
0x00007ff8900f0000 - 0x00007ff8900f9000 	C:\Windows\system32\NSI.dll
0x00007ff88e4f0000 - 0x00007ff88e53f000 	C:\Windows\SYSTEM32\cfgmgr32.dll
0x00007ff88d090000 - 0x00007ff88d0b8000 	C:\Windows\SYSTEM32\DEVOBJ.dll
0x0000000054710000 - 0x000000005471f000 	C:\Program Files\Java\jdk1.8.0_31\jre\bin\verify.dll
0x00000000546e0000 - 0x0000000054708000 	C:\Program Files\Java\jdk1.8.0_31\jre\bin\java.dll
0x00000000546c0000 - 0x00000000546d6000 	C:\Program Files\Java\jdk1.8.0_31\jre\bin\zip.dll

VM Arguments:
jvm_args: -Djava.awt.headless=true -Xmx1024M -Dfile.encoding=windows-1252 -Duser.country=FR -Duser.language=fr -Duser.variant 
java_command: com.android.dx.command.Main --dex --num-threads=4 --output D:\AndroidStudioProjects\App2\app\build\intermediates\pre-dexed\release\library-2.4.0_cc0bf97967506cd2820c881577328afe343b3f2c.jar C:\Users\Jacques\.gradle\caches\modules-2\files-2.1\com.nineoldandroids\library\2.4.0\e9b63380f3a242dbdbf103a2355ad7e43bad17cb\library-2.4.0.jar
java_class_path (initial): D:\Android_SDK\build-tools\23.0.3\lib\dx.jar
Launcher Type: SUN_STANDARD

Environment Variables:
JAVA_HOME=C:\Program Files\Java\jdk1.8.0_31
PATH=C:\ProgramData\Oracle\Java\javapath;c:\Rtools\bin;c:\Rtools\gcc-4.6.3\bin;C:\Program Files (x86)\NVIDIA Corporation\PhysX\Common;C:\Program Files (x86)\Intel\iCLS Client\;C:\Program Files\Intel\iCLS Client\;C:\Windows\system32;C:\Windows;C:\Windows\System32\Wbem;C:\Windows\System32\WindowsPowerShell\v1.0\;C:\Program Files\Intel\Intel(R) Management Engine Components\DAL;C:\Program Files\Intel\Intel(R) Management Engine Components\IPT;C:\Program Files (x86)\Intel\Intel(R) Management Engine Components\DAL;C:\Program Files (x86)\Intel\Intel(R) Management Engine Components\IPT;C:\Program Files (x86)\QuickTime\QTSystem\;C:\Program Files\Java\jdk1.8.0_20\jre\bin\server;C:\Python34\;C:\Python34\Scripts;C:\Python34\Lib\site-packages\django\bin\;C:\Program Files\Java\jdk1.8.0_31\bin;C:\Program Files (x86)\Skype\Phone\
USERNAME=Jacques
OS=Windows_NT
PROCESSOR_IDENTIFIER=Intel64 Family 6 Model 60 Stepping 3, GenuineIntel



---------------  S Y S T E M  ---------------

OS: Windows 8.1 , 64 bit Build 9600 

CPU:total 8 (4 cores per cpu, 2 threads per core) family 6 model 60 stepping 3, cmov, cx8, fxsr, mmx, sse, sse2, sse3, ssse3, sse4.1, sse4.2, popcnt, avx, avx2, aes, clmul, erms, lzcnt, ht, tsc, tscinvbit, bmi1, bmi2

Memory: 4k page, physical 16657364k(3528204k free), swap 19803092k(5204k free)

vm_info: Java HotSpot(TM) 64-Bit Server VM (25.31-b07) for windows-amd64 JRE (1.8.0_31-b13), built on Dec 17 2014 21:00:28 by "java_re" with MS VC++ 10.0 (VS2010)

time: Tue Mar 29 19:07:25 2016
elapsed time: 1 seconds (0d 0h 0m 1s)

