#
# There is insufficient memory for the Java Runtime Environment to continue.
# Native memory allocation (malloc) failed to allocate 734656 bytes for Chunk::new
# Possible reasons:
#   The system is out of physical RAM or swap space
#   In 32 bit mode, the process size limit was hit
# Possible solutions:
#   Reduce memory load on the system
#   Increase physical memory or swap space
#   Check if swap backing store is full
#   Use 64 bit Java on a 64 bit OS
#   Decrease Java heap size (-Xmx/-Xms)
#   Decrease number of Java threads
#   Decrease Java thread stack sizes (-Xss)
#   Set larger code cache with -XX:ReservedCodeCacheSize=
# This output file may be truncated or incomplete.
#
#  Out of Memory Error (allocation.cpp:390), pid=12652, tid=14656
#
# JRE version: Java(TM) SE Runtime Environment (8.0_31-b13) (build 1.8.0_31-b13)
# Java VM: Java HotSpot(TM) 64-Bit Server VM (25.31-b07 mixed mode windows-amd64 compressed oops)
# Failed to write core dump. Minidumps are not enabled by default on client versions of Windows
#

---------------  T H R E A D  ---------------

Current thread (0x00000000169f8000):  JavaThread "C2 CompilerThread2" daemon [_thread_in_native, id=14656, stack(0x0000000017180000,0x0000000017280000)]

Stack: [0x0000000017180000,0x0000000017280000]
Native frames: (J=compiled Java code, j=interpreted, Vv=VM code, C=native code)
V  [jvm.dll+0x3169ba]


Current CompileTask:
C2:   3580 1339       4       com.android.dx.ssa.LiteralOpUpgrader$1::visitNonMoveInsn (203 bytes)


---------------  P R O C E S S  ---------------

Java Threads: ( => current thread )
  0x0000000016c57000 JavaThread "pool-1-thread-4" [_thread_in_Java, id=12848, stack(0x0000000018180000,0x0000000018280000)]
  0x0000000016c56000 JavaThread "pool-1-thread-3" [_thread_in_Java, id=11300, stack(0x0000000018080000,0x0000000018180000)]
  0x0000000016c4e000 JavaThread "pool-1-thread-2" [_thread_blocked, id=17236, stack(0x0000000017f80000,0x0000000018080000)]
  0x0000000016c4d000 JavaThread "pool-2-thread-1" [_thread_blocked, id=12608, stack(0x0000000017e80000,0x0000000017f80000)]
  0x0000000016c4c000 JavaThread "pool-1-thread-1" [_thread_blocked, id=13408, stack(0x0000000017d80000,0x0000000017e80000)]
  0x0000000016a0e000 JavaThread "Service Thread" daemon [_thread_blocked, id=14676, stack(0x0000000017380000,0x0000000017480000)]
  0x0000000016a02000 JavaThread "C1 CompilerThread3" daemon [_thread_blocked, id=15016, stack(0x0000000017280000,0x0000000017380000)]
=>0x00000000169f8000 JavaThread "C2 CompilerThread2" daemon [_thread_in_native, id=14656, stack(0x0000000017180000,0x0000000017280000)]
  0x00000000169f7000 JavaThread "C2 CompilerThread1" daemon [_thread_in_native, id=16620, stack(0x0000000017080000,0x0000000017180000)]
  0x00000000169a7000 JavaThread "C2 CompilerThread0" daemon [_thread_in_native, id=4564, stack(0x0000000016f80000,0x0000000017080000)]
  0x00000000169a6000 JavaThread "Attach Listener" daemon [_thread_blocked, id=13960, stack(0x0000000016e80000,0x0000000016f80000)]
  0x00000000149ce800 JavaThread "Signal Dispatcher" daemon [_thread_blocked, id=10276, stack(0x0000000016d80000,0x0000000016e80000)]
  0x0000000001e9a000 JavaThread "Finalizer" daemon [_thread_blocked, id=18508, stack(0x0000000016880000,0x0000000016980000)]
  0x0000000001e93000 JavaThread "Reference Handler" daemon [_thread_blocked, id=12908, stack(0x0000000016780000,0x0000000016880000)]
  0x0000000001da1000 JavaThread "main" [_thread_in_Java, id=14472, stack(0x0000000001c60000,0x0000000001d60000)]

Other Threads:
  0x00000000149b8800 VMThread [stack: 0x0000000016680000,0x0000000016780000] [id=15668]
  0x0000000016a0f000 WatcherThread [stack: 0x0000000017480000,0x0000000017580000] [id=3728]

VM state:not at safepoint (normal execution)

VM Mutex/Monitor currently owned by a thread: None

Heap:
 PSYoungGen      total 76288K, used 52758K [0x00000000eab00000, 0x00000000f0000000, 0x0000000100000000)
  eden space 65536K, 80% used [0x00000000eab00000,0x00000000ede85900,0x00000000eeb00000)
  from space 10752K, 0% used [0x00000000ef580000,0x00000000ef580000,0x00000000f0000000)
  to   space 10752K, 0% used [0x00000000eeb00000,0x00000000eeb00000,0x00000000ef580000)
 ParOldGen       total 175104K, used 0K [0x00000000c0000000, 0x00000000cab00000, 0x00000000eab00000)
  object space 175104K, 0% used [0x00000000c0000000,0x00000000c0000000,0x00000000cab00000)
 Metaspace       used 5979K, capacity 6960K, committed 7040K, reserved 1056768K
  class space    used 589K, capacity 616K, committed 640K, reserved 1048576K

Card table byte_map: [0x0000000011260000,0x0000000011470000] byte_map_base: 0x0000000010c60000

Marking Bits: (ParMarkBitMap*) 0x0000000069b6d4f0
 Begin Bits: [0x0000000011dd0000, 0x0000000012dd0000)
 End Bits:   [0x0000000012dd0000, 0x0000000013dd0000)

Polling page: 0x00000000004c0000

CodeCache: size=245760Kb used=5323Kb max_used=5343Kb free=240436Kb
 bounds [0x0000000001ea0000, 0x00000000023e0000, 0x0000000010ea0000]
 total_blobs=1603 nmethods=1339 adapters=178
 compilation: enabled

Compilation events (10 events):
Event: 3.418 Thread 0x0000000016a02000 1348       3       com.android.dx.ssa.PhiInsn::accept (8 bytes)
Event: 3.418 Thread 0x0000000016a02000 nmethod 1348 0x00000000023cbd10 code [0x00000000023cbe80, 0x00000000023cc0a8]
Event: 3.418 Thread 0x0000000016a02000 1350       3       com.android.dx.ssa.back.FirstFitLocalCombiningAllocator::canMapRegs (60 bytes)
Event: 3.419 Thread 0x0000000016a02000 nmethod 1350 0x00000000023cc190 code [0x00000000023cc400, 0x00000000023cd408]
Event: 3.419 Thread 0x0000000016a02000 1349       3       com.android.dx.ssa.back.FirstFitLocalCombiningAllocator::findRopRegForLocal (74 bytes)
Event: 3.420 Thread 0x0000000016a02000 nmethod 1349 0x00000000023cdcd0 code [0x00000000023cdea0, 0x00000000023ce568]
Event: 3.500 Thread 0x00000000169f8000 nmethod 1336 0x00000000023d4010 code [0x00000000023d4380, 0x00000000023d6e00]
Event: 3.500 Thread 0x00000000169f8000 1357       4       com.android.dx.ssa.SsaBasicBlock::forEachInsn (37 bytes)
Event: 3.503 Thread 0x00000000169f8000 nmethod 1357 0x00000000023d0b90 code [0x00000000023d0d00, 0x00000000023d0f08]
Event: 3.503 Thread 0x00000000169f8000 1339       4       com.android.dx.ssa.LiteralOpUpgrader$1::visitNonMoveInsn (203 bytes)

GC Heap History (0 events):
No events

Deoptimization events (10 events):
Event: 2.802 Thread 0x0000000016c4c000 Uncommon trap: reason=unreached action=reinterpret pc=0x000000000213109c method=com.android.dx.rop.cst.Constant.compareTo(Lcom/android/dx/rop/cst/Constant;)I @ 12
Event: 2.825 Thread 0x0000000016c56000 Uncommon trap: reason=bimorphic action=maybe_recompile pc=0x00000000020ca9a8 method=java.util.HashMap.getNode(ILjava/lang/Object;)Ljava/util/HashMap$Node; @ 126
Event: 2.825 Thread 0x0000000016c56000 Uncommon trap: reason=class_check action=maybe_recompile pc=0x00000000021fb724 method=java.util.HashMap.putVal(ILjava/lang/Object;Ljava/lang/Object;ZZ)Ljava/lang/Object; @ 203
Event: 2.829 Thread 0x0000000016c56000 Uncommon trap: reason=bimorphic action=maybe_recompile pc=0x00000000020ca9a8 method=java.util.HashMap.getNode(ILjava/lang/Object;)Ljava/util/HashMap$Node; @ 126
Event: 2.829 Thread 0x0000000016c56000 Uncommon trap: reason=class_check action=maybe_recompile pc=0x00000000021fb724 method=java.util.HashMap.putVal(ILjava/lang/Object;Ljava/lang/Object;ZZ)Ljava/lang/Object; @ 203
Event: 2.829 Thread 0x0000000016c56000 Uncommon trap: reason=bimorphic action=maybe_recompile pc=0x00000000020ca9a8 method=java.util.HashMap.getNode(ILjava/lang/Object;)Ljava/util/HashMap$Node; @ 126
Event: 2.829 Thread 0x0000000016c56000 Uncommon trap: reason=class_check action=maybe_recompile pc=0x00000000021fb724 method=java.util.HashMap.putVal(ILjava/lang/Object;Ljava/lang/Object;ZZ)Ljava/lang/Object; @ 203
Event: 2.829 Thread 0x0000000016c56000 Uncommon trap: reason=class_check action=maybe_recompile pc=0x00000000021c9274 method=java.util.HashMap.putVal(ILjava/lang/Object;Ljava/lang/Object;ZZ)Ljava/lang/Object; @ 203
Event: 3.349 Thread 0x0000000016c4c000 Uncommon trap: reason=unreached action=reinterpret pc=0x00000000022a9228 method=com.android.dx.cf.code.BytecodeArray.parseInstruction(ILcom/android/dx/cf/code/BytecodeArray$Visitor;)I @ 1198
Event: 3.377 Thread 0x0000000016c4e000 Uncommon trap: reason=null_check action=make_not_entrant pc=0x0000000002144d94 method=com.android.dx.ssa.SsaRenamer.getLocalForNewReg(I)Lcom/android/dx/rop/code/LocalItem; @ 19

Internal exceptions (10 events):
Event: 1.395 Thread 0x0000000016c4c000 Exception <a 'java/security/PrivilegedActionException'> (0x00000000eb6d8db8) thrown at [C:\workspace\8-2-build-windows-amd64-cygwin\jdk8u31\2394\hotspot\src\share\vm\prims\jvm.cpp, line 1312]
Event: 2.057 Thread 0x0000000016c56000 Exception <a 'java/security/PrivilegedActionException'> (0x00000000ebab8da8) thrown at [C:\workspace\8-2-build-windows-amd64-cygwin\jdk8u31\2394\hotspot\src\share\vm\prims\jvm.cpp, line 1312]
Event: 2.059 Thread 0x0000000016c4e000 Exception <a 'java/security/PrivilegedActionException'> (0x00000000ebc00e50) thrown at [C:\workspace\8-2-build-windows-amd64-cygwin\jdk8u31\2394\hotspot\src\share\vm\prims\jvm.cpp, line 1312]
Event: 2.075 Thread 0x0000000016c56000 Exception <a 'java/security/PrivilegedActionException'> (0x00000000ebb0e518) thrown at [C:\workspace\8-2-build-windows-amd64-cygwin\jdk8u31\2394\hotspot\src\share\vm\prims\jvm.cpp, line 1312]
Event: 2.092 Thread 0x0000000001da1000 Exception <a 'java/security/PrivilegedActionException'> (0x00000000eb3e17e8) thrown at [C:\workspace\8-2-build-windows-amd64-cygwin\jdk8u31\2394\hotspot\src\share\vm\prims\jvm.cpp, line 1312]
Event: 2.164 Thread 0x0000000016c4c000 Exception <a 'java/security/PrivilegedActionException'> (0x00000000eb7865c8) thrown at [C:\workspace\8-2-build-windows-amd64-cygwin\jdk8u31\2394\hotspot\src\share\vm\prims\jvm.cpp, line 1312]
Event: 2.400 Thread 0x0000000001da1000 Exception <a 'java/security/PrivilegedActionException'> (0x00000000ebdc7490) thrown at [C:\workspace\8-2-build-windows-amd64-cygwin\jdk8u31\2394\hotspot\src\share\vm\prims\jvm.cpp, line 1312]
Event: 2.769 Thread 0x0000000001da1000 Exception <a 'java/security/PrivilegedActionException'> (0x00000000ec2dec90) thrown at [C:\workspace\8-2-build-windows-amd64-cygwin\jdk8u31\2394\hotspot\src\share\vm\prims\jvm.cpp, line 1312]
Event: 2.770 Thread 0x0000000001da1000 Exception <a 'java/security/PrivilegedActionException'> (0x00000000ec2e13e8) thrown at [C:\workspace\8-2-build-windows-amd64-cygwin\jdk8u31\2394\hotspot\src\share\vm\prims\jvm.cpp, line 1312]
Event: 3.377 Thread 0x0000000016c4e000 Implicit null exception at 0x0000000002142dba to 0x0000000002144d6d

Events (10 events):
Event: 3.181 Executing VM operation: ForceSafepoint
Event: 3.298 Executing VM operation: ForceSafepoint done
Event: 3.336 Thread 0x0000000016c57000 DEOPT PACKING pc=0x00000000021c0c37 sp=0x000000001827ec80
Event: 3.336 Thread 0x0000000016c57000 DEOPT UNPACKING pc=0x0000000001ee75bf sp=0x000000001827e9f0 mode 0
Event: 3.349 Thread 0x0000000016c4c000 Uncommon trap: trap_request=0xffffffad fr.pc=0x00000000022a9228
Event: 3.349 Thread 0x0000000016c4c000 DEOPT PACKING pc=0x00000000022a9228 sp=0x0000000017e7e930
Event: 3.349 Thread 0x0000000016c4c000 DEOPT UNPACKING pc=0x0000000001ee556a sp=0x0000000017e7e8e8 mode 2
Event: 3.377 Thread 0x0000000016c4e000 Uncommon trap: trap_request=0xfffffff4 fr.pc=0x0000000002144d94
Event: 3.377 Thread 0x0000000016c4e000 DEOPT PACKING pc=0x0000000002144d94 sp=0x000000001807ec50
Event: 3.377 Thread 0x0000000016c4e000 DEOPT UNPACKING pc=0x0000000001ee556a sp=0x000000001807ea88 mode 2


Dynamic libraries:
0x00007ff7bf600000 - 0x00007ff7bf634000 	C:\Program Files\Java\jdk1.8.0_31\bin\java.exe
0x00007ffe5e4d0000 - 0x00007ffe5e67d000 	C:\Windows\SYSTEM32\ntdll.dll
0x00007ffe5bb50000 - 0x00007ffe5bc8e000 	C:\Windows\system32\KERNEL32.DLL
0x00007ffe5b740000 - 0x00007ffe5b855000 	C:\Windows\system32\KERNELBASE.dll
0x00007ffe5a1a0000 - 0x00007ffe5a22e000 	C:\Windows\system32\apphelp.dll
0x00007ffe4c450000 - 0x00007ffe4c4a3000 	C:\Windows\AppPatch\AppPatch64\AcGenral.DLL
0x00007ffe5c3e0000 - 0x00007ffe5c48a000 	C:\Windows\system32\msvcrt.dll
0x00007ffe5b4c0000 - 0x00007ffe5b4ee000 	C:\Windows\SYSTEM32\SspiCli.dll
0x00007ffe5c380000 - 0x00007ffe5c3d4000 	C:\Windows\system32\SHLWAPI.dll
0x00007ffe5e1b0000 - 0x00007ffe5e327000 	C:\Windows\system32\USER32.dll
0x00007ffe5c720000 - 0x00007ffe5c8b4000 	C:\Windows\system32\ole32.dll
0x00007ffe5c8c0000 - 0x00007ffe5ddea000 	C:\Windows\system32\SHELL32.dll
0x00007ffe5ac40000 - 0x00007ffe5ac61000 	C:\Windows\SYSTEM32\USERENV.dll
0x00007ffe5e420000 - 0x00007ffe5e4ca000 	C:\Windows\system32\ADVAPI32.dll
0x00007ffe50e80000 - 0x00007ffe50e9e000 	C:\Windows\SYSTEM32\MPR.dll
0x00007ffe5bc90000 - 0x00007ffe5bdd1000 	C:\Windows\system32\RPCRT4.dll
0x00007ffe5c490000 - 0x00007ffe5c4e9000 	C:\Windows\SYSTEM32\sechost.dll
0x00007ffe5c4f0000 - 0x00007ffe5c701000 	C:\Windows\SYSTEM32\combase.dll
0x00007ffe5c0f0000 - 0x00007ffe5c240000 	C:\Windows\system32\GDI32.dll
0x00007ffe5b620000 - 0x00007ffe5b635000 	C:\Windows\SYSTEM32\profapi.dll
0x00007ffe5a0b0000 - 0x00007ffe5a162000 	C:\Windows\SYSTEM32\SHCORE.dll
0x00007ffe5ddf0000 - 0x00007ffe5de26000 	C:\Windows\system32\IMM32.DLL
0x00007ffe5bf90000 - 0x00007ffe5c0e2000 	C:\Windows\system32\MSCTF.dll
0x00007ffe596f0000 - 0x00007ffe5996b000 	C:\Windows\WinSxS\amd64_microsoft.windows.common-controls_6595b64144ccf1df_6.0.9600.18006_none_623f33d3ecbe86e8\COMCTL32.dll
0x000000006abd0000 - 0x000000006aca2000 	C:\Program Files\Java\jdk1.8.0_31\jre\bin\msvcr100.dll
0x0000000069390000 - 0x0000000069bea000 	C:\Program Files\Java\jdk1.8.0_31\jre\bin\server\jvm.dll
0x00007ffe445c0000 - 0x00007ffe445c9000 	C:\Windows\SYSTEM32\WSOCK32.dll
0x00007ffe591f0000 - 0x00007ffe59212000 	C:\Windows\SYSTEM32\WINMM.dll
0x00007ffe5e1a0000 - 0x00007ffe5e1a7000 	C:\Windows\system32\PSAPI.DLL
0x00007ffe5c250000 - 0x00007ffe5c2aa000 	C:\Windows\system32\WS2_32.dll
0x00007ffe59100000 - 0x00007ffe5912a000 	C:\Windows\SYSTEM32\WINMMBASE.dll
0x00007ffe5c370000 - 0x00007ffe5c379000 	C:\Windows\system32\NSI.dll
0x00007ffe5b6f0000 - 0x00007ffe5b73f000 	C:\Windows\SYSTEM32\cfgmgr32.dll
0x00007ffe5a410000 - 0x00007ffe5a438000 	C:\Windows\SYSTEM32\DEVOBJ.dll
0x000000006b080000 - 0x000000006b08f000 	C:\Program Files\Java\jdk1.8.0_31\jre\bin\verify.dll
0x000000006b050000 - 0x000000006b078000 	C:\Program Files\Java\jdk1.8.0_31\jre\bin\java.dll
0x000000006b030000 - 0x000000006b046000 	C:\Program Files\Java\jdk1.8.0_31\jre\bin\zip.dll
0x00007ffe3ad20000 - 0x00007ffe3aea9000 	C:\Windows\SYSTEM32\dbghelp.dll

VM Arguments:
jvm_args: -Djava.awt.headless=true -Xmx1024M -Dfile.encoding=windows-1252 -Duser.country=FR -Duser.language=fr -Duser.variant 
java_command: com.android.dx.command.Main --dex --num-threads=4 --output D:\AndroidStudioProjects\App2\app\build\intermediates\pre-dexed\debug\com.android.support-recyclerview-v7-23.3.0_4acd38c7982bcbe5fb18d49bdd763cf578ec7d60.jar D:\AndroidStudioProjects\App2\app\build\intermediates\exploded-aar\com.android.support\recyclerview-v7\23.3.0\jars\classes.jar
java_class_path (initial): D:\Android_SDK\build-tools\23.0.3\lib\dx.jar
Launcher Type: SUN_STANDARD

Environment Variables:
JAVA_HOME=C:\Program Files\Java\jdk1.8.0_31
PATH=C:\ProgramData\Oracle\Java\javapath;c:\Rtools\bin;c:\Rtools\gcc-4.6.3\bin;C:\Program Files (x86)\NVIDIA Corporation\PhysX\Common;C:\Program Files (x86)\Intel\iCLS Client\;C:\Program Files\Intel\iCLS Client\;C:\Windows\system32;C:\Windows;C:\Windows\System32\Wbem;C:\Windows\System32\WindowsPowerShell\v1.0\;C:\Program Files\Intel\Intel(R) Management Engine Components\DAL;C:\Program Files\Intel\Intel(R) Management Engine Components\IPT;C:\Program Files (x86)\Intel\Intel(R) Management Engine Components\DAL;C:\Program Files (x86)\Intel\Intel(R) Management Engine Components\IPT;C:\Program Files (x86)\QuickTime\QTSystem\;C:\Program Files\Java\jdk1.8.0_20\jre\bin\server;C:\Python34\;C:\Python34\Scripts;C:\Python34\Lib\site-packages\django\bin\;C:\Program Files\Java\jdk1.8.0_31\bin;C:\Program Files (x86)\Skype\Phone\
USERNAME=Jacques
OS=Windows_NT
PROCESSOR_IDENTIFIER=Intel64 Family 6 Model 60 Stepping 3, GenuineIntel



---------------  S Y S T E M  ---------------

OS: Windows 8.1 , 64 bit Build 9600 

CPU:total 8 (4 cores per cpu, 2 threads per core) family 6 model 60 stepping 3, cmov, cx8, fxsr, mmx, sse, sse2, sse3, ssse3, sse4.1, sse4.2, popcnt, avx, avx2, aes, clmul, erms, lzcnt, ht, tsc, tscinvbit, bmi1, bmi2

Memory: 4k page, physical 16657364k(3515836k free), swap 19803092k(5040k free)

vm_info: Java HotSpot(TM) 64-Bit Server VM (25.31-b07) for windows-amd64 JRE (1.8.0_31-b13), built on Dec 17 2014 21:00:28 by "java_re" with MS VC++ 10.0 (VS2010)

time: Wed Apr 27 01:57:42 2016
elapsed time: 3 seconds (0d 0h 0m 3s)

