#
# There is insufficient memory for the Java Runtime Environment to continue.
# Native memory allocation (malloc) failed to allocate 1719296 bytes for Chunk::new
# Possible reasons:
#   The system is out of physical RAM or swap space
#   In 32 bit mode, the process size limit was hit
# Possible solutions:
#   Reduce memory load on the system
#   Increase physical memory or swap space
#   Check if swap backing store is full
#   Use 64 bit Java on a 64 bit OS
#   Decrease Java heap size (-Xmx/-Xms)
#   Decrease number of Java threads
#   Decrease Java thread stack sizes (-Xss)
#   Set larger code cache with -XX:ReservedCodeCacheSize=
# This output file may be truncated or incomplete.
#
#  Out of Memory Error (allocation.cpp:390), pid=11632, tid=6288
#
# JRE version: Java(TM) SE Runtime Environment (8.0_31-b13) (build 1.8.0_31-b13)
# Java VM: Java HotSpot(TM) 64-Bit Server VM (25.31-b07 mixed mode windows-amd64 compressed oops)
# Failed to write core dump. Minidumps are not enabled by default on client versions of Windows
#

---------------  T H R E A D  ---------------

Current thread (0x0000000017505800):  JavaThread "C2 CompilerThread0" daemon [_thread_in_native, id=6288, stack(0x0000000017ae0000,0x0000000017be0000)]

Stack: [0x0000000017ae0000,0x0000000017be0000]
Native frames: (J=compiled Java code, j=interpreted, Vv=VM code, C=native code)
V  [jvm.dll+0x3169ba]


Current CompileTask:
C2:   3176 1572   !   4       com.android.dx.cf.code.BytecodeArray::parseInstruction (2764 bytes)


---------------  P R O C E S S  ---------------

Java Threads: ( => current thread )
  0x000000001814a800 JavaThread "pool-1-thread-4" [_thread_blocked, id=6444, stack(0x0000000018ce0000,0x0000000018de0000)]
  0x00000000178af000 JavaThread "pool-1-thread-3" [_thread_blocked, id=1908, stack(0x0000000018be0000,0x0000000018ce0000)]
  0x00000000178ae000 JavaThread "pool-1-thread-2" [_thread_in_Java, id=9408, stack(0x0000000018ae0000,0x0000000018be0000)]
  0x000000001768f000 JavaThread "pool-2-thread-1" [_thread_blocked, id=15136, stack(0x00000000189e0000,0x0000000018ae0000)]
  0x000000001768e000 JavaThread "pool-1-thread-1" [_thread_blocked, id=18192, stack(0x00000000188e0000,0x00000000189e0000)]
  0x0000000017519800 JavaThread "Service Thread" daemon [_thread_blocked, id=13548, stack(0x0000000017ee0000,0x0000000017fe0000)]
  0x000000001750f800 JavaThread "C1 CompilerThread3" daemon [_thread_blocked, id=14324, stack(0x0000000017de0000,0x0000000017ee0000)]
  0x000000001750a800 JavaThread "C2 CompilerThread2" daemon [_thread_in_native, id=13036, stack(0x0000000017ce0000,0x0000000017de0000)]
  0x0000000017508800 JavaThread "C2 CompilerThread1" daemon [_thread_in_native, id=9920, stack(0x0000000017be0000,0x0000000017ce0000)]
=>0x0000000017505800 JavaThread "C2 CompilerThread0" daemon [_thread_in_native, id=6288, stack(0x0000000017ae0000,0x0000000017be0000)]
  0x0000000017504000 JavaThread "Attach Listener" daemon [_thread_blocked, id=18164, stack(0x00000000179e0000,0x0000000017ae0000)]
  0x0000000017502800 JavaThread "Signal Dispatcher" daemon [_thread_blocked, id=15600, stack(0x00000000178e0000,0x00000000179e0000)]
  0x00000000029b2000 JavaThread "Finalizer" daemon [_thread_blocked, id=6948, stack(0x00000000173e0000,0x00000000174e0000)]
  0x00000000029b1000 JavaThread "Reference Handler" daemon [_thread_blocked, id=14472, stack(0x00000000172e0000,0x00000000173e0000)]
  0x00000000028c1000 JavaThread "main" [_thread_blocked, id=492, stack(0x00000000027c0000,0x00000000028c0000)]

Other Threads:
  0x00000000154f8800 VMThread [stack: 0x00000000171e0000,0x00000000172e0000] [id=4588]
  0x000000001751a800 WatcherThread [stack: 0x0000000017fe0000,0x00000000180e0000] [id=18912]

VM state:not at safepoint (normal execution)

VM Mutex/Monitor currently owned by a thread: None

Heap:
 PSYoungGen      total 76288K, used 41331K [0x00000000eab00000, 0x00000000f4000000, 0x0000000100000000)
  eden space 65536K, 46% used [0x00000000eab00000,0x00000000ec8e1748,0x00000000eeb00000)
  from space 10752K, 99% used [0x00000000eeb00000,0x00000000ef57b4c0,0x00000000ef580000)
  to   space 10752K, 0% used [0x00000000f3580000,0x00000000f3580000,0x00000000f4000000)
 ParOldGen       total 175104K, used 85K [0x00000000c0000000, 0x00000000cab00000, 0x00000000eab00000)
  object space 175104K, 0% used [0x00000000c0000000,0x00000000c00154e0,0x00000000cab00000)
 Metaspace       used 6222K, capacity 7128K, committed 7424K, reserved 1056768K
  class space    used 608K, capacity 656K, committed 768K, reserved 1048576K

Card table byte_map: [0x0000000011d80000,0x0000000011f90000] byte_map_base: 0x0000000011780000

Marking Bits: (ParMarkBitMap*) 0x0000000069b6d4f0
 Begin Bits: [0x00000000128f0000, 0x00000000138f0000)
 End Bits:   [0x00000000138f0000, 0x00000000148f0000)

Polling page: 0x0000000002760000

CodeCache: size=245760Kb used=6763Kb max_used=6780Kb free=238996Kb
 bounds [0x00000000029c0000, 0x0000000003070000, 0x00000000119c0000]
 total_blobs=1942 nmethods=1678 adapters=178
 compilation: enabled

Compilation events (10 events):
Event: 3.143 Thread 0x000000001750f800 1698       2       com.android.dx.rop.code.BasicBlockList::getMutableCopy (9 bytes)
Event: 3.143 Thread 0x000000001750f800 nmethod 1698 0x000000000305a0d0 code [0x000000000305a240, 0x000000000305a428]
Event: 3.143 Thread 0x000000001750f800 1699       2       com.android.dx.rop.code.BasicBlockList::<init> (14 bytes)
Event: 3.143 Thread 0x000000001750f800 nmethod 1699 0x000000000305a510 code [0x000000000305a680, 0x000000000305a808]
Event: 3.143 Thread 0x000000001750f800 1700       2       com.android.dx.dex.file.MethodAnnotationStruct::<init> (43 bytes)
Event: 3.143 Thread 0x000000001750f800 nmethod 1700 0x000000000305a8d0 code [0x000000000305aa40, 0x000000000305acd8]
Event: 3.146 Thread 0x0000000017508800 nmethod 1527 0x000000000305f450 code [0x000000000305f760, 0x0000000003061120]
Event: 3.146 Thread 0x0000000017508800 1656       4       java.util.HashMap::getNode (148 bytes)
Event: 3.149 Thread 0x0000000017508800 nmethod 1656 0x000000000305c0d0 code [0x000000000305c220, 0x000000000305c428]
Event: 3.149 Thread 0x0000000017508800 1661   !   4       com.android.dx.rop.code.RegisterSpec::intern (70 bytes)

GC Heap History (2 events):
Event: 2.439 GC heap before
{Heap before GC invocations=1 (full 0):
 PSYoungGen      total 76288K, used 65536K [0x00000000eab00000, 0x00000000f0000000, 0x0000000100000000)
  eden space 65536K, 100% used [0x00000000eab00000,0x00000000eeb00000,0x00000000eeb00000)
  from space 10752K, 0% used [0x00000000ef580000,0x00000000ef580000,0x00000000f0000000)
  to   space 10752K, 0% used [0x00000000eeb00000,0x00000000eeb00000,0x00000000ef580000)
 ParOldGen       total 175104K, used 0K [0x00000000c0000000, 0x00000000cab00000, 0x00000000eab00000)
  object space 175104K, 0% used [0x00000000c0000000,0x00000000c0000000,0x00000000cab00000)
 Metaspace       used 6087K, capacity 7088K, committed 7296K, reserved 1056768K
  class space    used 589K, capacity 616K, committed 640K, reserved 1048576K
Event: 3.030 GC heap after
Heap after GC invocations=1 (full 0):
 PSYoungGen      total 76288K, used 10733K [0x00000000eab00000, 0x00000000f4000000, 0x0000000100000000)
  eden space 65536K, 0% used [0x00000000eab00000,0x00000000eab00000,0x00000000eeb00000)
  from space 10752K, 99% used [0x00000000eeb00000,0x00000000ef57b4c0,0x00000000ef580000)
  to   space 10752K, 0% used [0x00000000f3580000,0x00000000f3580000,0x00000000f4000000)
 ParOldGen       total 175104K, used 85K [0x00000000c0000000, 0x00000000cab00000, 0x00000000eab00000)
  object space 175104K, 0% used [0x00000000c0000000,0x00000000c00154e0,0x00000000cab00000)
 Metaspace       used 6087K, capacity 7088K, committed 7296K, reserved 1056768K
  class space    used 589K, capacity 616K, committed 640K, reserved 1048576K
}

Deoptimization events (10 events):
Event: 1.910 Thread 0x00000000178af000 Uncommon trap: reason=bimorphic action=maybe_recompile pc=0x0000000002f1a8ac method=com.android.dx.cf.code.BytecodeArray.parseInstruction(ILcom/android/dx/cf/code/BytecodeArray$Visitor;)I @ 2484
Event: 1.910 Thread 0x00000000178af000 Uncommon trap: reason=bimorphic action=maybe_recompile pc=0x0000000002f1a8ac method=com.android.dx.cf.code.BytecodeArray.parseInstruction(ILcom/android/dx/cf/code/BytecodeArray$Visitor;)I @ 2484
Event: 1.921 Thread 0x00000000178ae000 Uncommon trap: reason=bimorphic action=maybe_recompile pc=0x0000000002f1a8ac method=com.android.dx.cf.code.BytecodeArray.parseInstruction(ILcom/android/dx/cf/code/BytecodeArray$Visitor;)I @ 2484
Event: 1.921 Thread 0x00000000178ae000 Uncommon trap: reason=bimorphic action=maybe_recompile pc=0x0000000002f1a8ac method=com.android.dx.cf.code.BytecodeArray.parseInstruction(ILcom/android/dx/cf/code/BytecodeArray$Visitor;)I @ 2484
Event: 2.146 Thread 0x00000000028c1000 Uncommon trap: reason=bimorphic action=maybe_recompile pc=0x0000000002c29a34 method=java.util.HashMap.getNode(ILjava/lang/Object;)Ljava/util/HashMap$Node; @ 126
Event: 3.036 Thread 0x00000000178ae000 Uncommon trap: reason=bimorphic action=maybe_recompile pc=0x0000000002fe53c4 method=com.android.dx.cf.code.BytecodeArray.parseInstruction(ILcom/android/dx/cf/code/BytecodeArray$Visitor;)I @ 907
Event: 3.036 Thread 0x00000000178ae000 Uncommon trap: reason=bimorphic action=maybe_recompile pc=0x0000000002fe53c4 method=com.android.dx.cf.code.BytecodeArray.parseInstruction(ILcom/android/dx/cf/code/BytecodeArray$Visitor;)I @ 907
Event: 3.056 Thread 0x00000000178af000 Uncommon trap: reason=unreached action=reinterpret pc=0x0000000002ce1c70 method=java.util.HashMap.getNode(ILjava/lang/Object;)Ljava/util/HashMap$Node; @ 84
Event: 3.056 Thread 0x00000000178af000 Uncommon trap: reason=unreached action=reinterpret pc=0x0000000002f9a1b4 method=java.util.HashMap.putVal(ILjava/lang/Object;Ljava/lang/Object;ZZ)Ljava/lang/Object; @ 193
Event: 3.059 Thread 0x000000001814a800 Uncommon trap: reason=unreached action=reinterpret pc=0x0000000002c02374 method=java.util.HashMap.getNode(ILjava/lang/Object;)Ljava/util/HashMap$Node; @ 84

Internal exceptions (10 events):
Event: 1.060 Thread 0x00000000028c1000 Exception <a 'java/security/PrivilegedActionException'> (0x00000000ec01c4d0) thrown at [C:\workspace\8-2-build-windows-amd64-cygwin\jdk8u31\2394\hotspot\src\share\vm\prims\jvm.cpp, line 1312]
Event: 1.062 Thread 0x00000000178ae000 Exception <a 'java/security/PrivilegedActionException'> (0x00000000eb963a10) thrown at [C:\workspace\8-2-build-windows-amd64-cygwin\jdk8u31\2394\hotspot\src\share\vm\prims\jvm.cpp, line 1312]
Event: 1.273 Thread 0x00000000178af000 Exception <a 'java/security/PrivilegedActionException'> (0x00000000ebcb96c8) thrown at [C:\workspace\8-2-build-windows-amd64-cygwin\jdk8u31\2394\hotspot\src\share\vm\prims\jvm.cpp, line 1312]
Event: 1.276 Thread 0x00000000178af000 Exception <a 'java/security/PrivilegedActionException'> (0x00000000ebcbf5c0) thrown at [C:\workspace\8-2-build-windows-amd64-cygwin\jdk8u31\2394\hotspot\src\share\vm\prims\jvm.cpp, line 1312]
Event: 1.537 Thread 0x00000000028c1000 Implicit null exception at 0x0000000002ce9d62 to 0x0000000002cec279
Event: 1.577 Thread 0x000000001814a800 Exception <a 'java/security/PrivilegedActionException'> (0x00000000ecb2d680) thrown at [C:\workspace\8-2-build-windows-amd64-cygwin\jdk8u31\2394\hotspot\src\share\vm\prims\jvm.cpp, line 1312]
Event: 1.862 Thread 0x000000001768e000 Implicit null exception at 0x0000000002d1b3e2 to 0x0000000002d1b4d5
Event: 3.054 Thread 0x00000000178af000 Exception <a 'java/lang/ArrayIndexOutOfBoundsException': 18> (0x00000000eb410368) thrown at [C:\workspace\8-2-build-windows-amd64-cygwin\jdk8u31\2394\hotspot\src\share\vm\interpreter\interpreterRuntime.cpp, line 366]
Event: 3.054 Thread 0x00000000178af000 Exception <a 'java/lang/ArrayIndexOutOfBoundsException': 145> (0x00000000eb411e00) thrown at [C:\workspace\8-2-build-windows-amd64-cygwin\jdk8u31\2394\hotspot\src\share\vm\interpreter\interpreterRuntime.cpp, line 366]
Event: 3.055 Thread 0x00000000178af000 Exception <a 'java/lang/ArrayIndexOutOfBoundsException'> (0x00000000eb413018) thrown at [C:\workspace\8-2-build-windows-amd64-cygwin\jdk8u31\2394\hotspot\src\share\vm\runtime\sharedRuntime.cpp, line 604]

Events (10 events):
Event: 3.055 loading class sun/reflect/generics/reflectiveObjects/TypeVariableImpl done
Event: 3.056 Thread 0x00000000178af000 Uncommon trap: trap_request=0xffffffad fr.pc=0x0000000002ce1c70
Event: 3.056 Thread 0x00000000178af000 DEOPT PACKING pc=0x0000000002ce1c70 sp=0x0000000018cde9a0
Event: 3.056 Thread 0x00000000178af000 DEOPT UNPACKING pc=0x0000000002a0556a sp=0x0000000018cde860 mode 2
Event: 3.056 Thread 0x00000000178af000 Uncommon trap: trap_request=0xffffffad fr.pc=0x0000000002f9a1b4
Event: 3.056 Thread 0x00000000178af000 DEOPT PACKING pc=0x0000000002f9a1b4 sp=0x0000000018cde780
Event: 3.056 Thread 0x00000000178af000 DEOPT UNPACKING pc=0x0000000002a0556a sp=0x0000000018cde6f8 mode 2
Event: 3.059 Thread 0x000000001814a800 Uncommon trap: trap_request=0xffffffad fr.pc=0x0000000002c02374
Event: 3.059 Thread 0x000000001814a800 DEOPT PACKING pc=0x0000000002c02374 sp=0x0000000018dddc00
Event: 3.059 Thread 0x000000001814a800 DEOPT UNPACKING pc=0x0000000002a0556a sp=0x0000000018dddb78 mode 2


Dynamic libraries:
0x00007ff7bf600000 - 0x00007ff7bf634000 	C:\Program Files\Java\jdk1.8.0_31\bin\java.exe
0x00007ffe5e4d0000 - 0x00007ffe5e67d000 	C:\Windows\SYSTEM32\ntdll.dll
0x00007ffe5bb50000 - 0x00007ffe5bc8e000 	C:\Windows\system32\KERNEL32.DLL
0x00007ffe5b740000 - 0x00007ffe5b855000 	C:\Windows\system32\KERNELBASE.dll
0x00007ffe5a1a0000 - 0x00007ffe5a22e000 	C:\Windows\system32\apphelp.dll
0x00007ffe4c450000 - 0x00007ffe4c4a3000 	C:\Windows\AppPatch\AppPatch64\AcGenral.DLL
0x00007ffe5c3e0000 - 0x00007ffe5c48a000 	C:\Windows\system32\msvcrt.dll
0x00007ffe5b4c0000 - 0x00007ffe5b4ee000 	C:\Windows\SYSTEM32\SspiCli.dll
0x00007ffe5c380000 - 0x00007ffe5c3d4000 	C:\Windows\system32\SHLWAPI.dll
0x00007ffe5e1b0000 - 0x00007ffe5e327000 	C:\Windows\system32\USER32.dll
0x00007ffe5c720000 - 0x00007ffe5c8b4000 	C:\Windows\system32\ole32.dll
0x00007ffe5c8c0000 - 0x00007ffe5ddea000 	C:\Windows\system32\SHELL32.dll
0x00007ffe5ac40000 - 0x00007ffe5ac61000 	C:\Windows\SYSTEM32\USERENV.dll
0x00007ffe5e420000 - 0x00007ffe5e4ca000 	C:\Windows\system32\ADVAPI32.dll
0x00007ffe50e80000 - 0x00007ffe50e9e000 	C:\Windows\SYSTEM32\MPR.dll
0x00007ffe5bc90000 - 0x00007ffe5bdd1000 	C:\Windows\system32\RPCRT4.dll
0x00007ffe5c490000 - 0x00007ffe5c4e9000 	C:\Windows\SYSTEM32\sechost.dll
0x00007ffe5c4f0000 - 0x00007ffe5c701000 	C:\Windows\SYSTEM32\combase.dll
0x00007ffe5c0f0000 - 0x00007ffe5c240000 	C:\Windows\system32\GDI32.dll
0x00007ffe5b620000 - 0x00007ffe5b635000 	C:\Windows\SYSTEM32\profapi.dll
0x00007ffe5a0b0000 - 0x00007ffe5a162000 	C:\Windows\SYSTEM32\SHCORE.dll
0x00007ffe5ddf0000 - 0x00007ffe5de26000 	C:\Windows\system32\IMM32.DLL
0x00007ffe5bf90000 - 0x00007ffe5c0e2000 	C:\Windows\system32\MSCTF.dll
0x00007ffe596f0000 - 0x00007ffe5996b000 	C:\Windows\WinSxS\amd64_microsoft.windows.common-controls_6595b64144ccf1df_6.0.9600.18006_none_623f33d3ecbe86e8\COMCTL32.dll
0x000000006abd0000 - 0x000000006aca2000 	C:\Program Files\Java\jdk1.8.0_31\jre\bin\msvcr100.dll
0x0000000069390000 - 0x0000000069bea000 	C:\Program Files\Java\jdk1.8.0_31\jre\bin\server\jvm.dll
0x00007ffe445c0000 - 0x00007ffe445c9000 	C:\Windows\SYSTEM32\WSOCK32.dll
0x00007ffe591f0000 - 0x00007ffe59212000 	C:\Windows\SYSTEM32\WINMM.dll
0x00007ffe5e1a0000 - 0x00007ffe5e1a7000 	C:\Windows\system32\PSAPI.DLL
0x00007ffe5c250000 - 0x00007ffe5c2aa000 	C:\Windows\system32\WS2_32.dll
0x00007ffe59100000 - 0x00007ffe5912a000 	C:\Windows\SYSTEM32\WINMMBASE.dll
0x00007ffe5c370000 - 0x00007ffe5c379000 	C:\Windows\system32\NSI.dll
0x00007ffe5b6f0000 - 0x00007ffe5b73f000 	C:\Windows\SYSTEM32\cfgmgr32.dll
0x00007ffe5a410000 - 0x00007ffe5a438000 	C:\Windows\SYSTEM32\DEVOBJ.dll
0x000000006b080000 - 0x000000006b08f000 	C:\Program Files\Java\jdk1.8.0_31\jre\bin\verify.dll
0x000000006b050000 - 0x000000006b078000 	C:\Program Files\Java\jdk1.8.0_31\jre\bin\java.dll
0x000000006b030000 - 0x000000006b046000 	C:\Program Files\Java\jdk1.8.0_31\jre\bin\zip.dll
0x00007ffe3ad20000 - 0x00007ffe3aea9000 	C:\Windows\SYSTEM32\dbghelp.dll

VM Arguments:
jvm_args: -Djava.awt.headless=true -Xmx1024M -Dfile.encoding=windows-1252 -Duser.country=FR -Duser.language=fr -Duser.variant 
java_command: com.android.dx.command.Main --dex --num-threads=4 --output D:\AndroidStudioProjects\App2\app\build\intermediates\pre-dexed\debug\glide-3.6.0_70fe51003ad7049faf4a100fb190dc2f762f7e06.jar C:\Users\Jacques\.gradle\caches\modules-2\files-2.1\com.github.bumptech.glide\glide\3.6.0\a7537446a030da8eb0da4c71424d16c2589f6c4a\glide-3.6.0.jar
java_class_path (initial): D:\Android_SDK\build-tools\23.0.3\lib\dx.jar
Launcher Type: SUN_STANDARD

Environment Variables:
JAVA_HOME=C:\Program Files\Java\jdk1.8.0_31
PATH=C:\ProgramData\Oracle\Java\javapath;c:\Rtools\bin;c:\Rtools\gcc-4.6.3\bin;C:\Program Files (x86)\NVIDIA Corporation\PhysX\Common;C:\Program Files (x86)\Intel\iCLS Client\;C:\Program Files\Intel\iCLS Client\;C:\Windows\system32;C:\Windows;C:\Windows\System32\Wbem;C:\Windows\System32\WindowsPowerShell\v1.0\;C:\Program Files\Intel\Intel(R) Management Engine Components\DAL;C:\Program Files\Intel\Intel(R) Management Engine Components\IPT;C:\Program Files (x86)\Intel\Intel(R) Management Engine Components\DAL;C:\Program Files (x86)\Intel\Intel(R) Management Engine Components\IPT;C:\Program Files (x86)\QuickTime\QTSystem\;C:\Program Files\Java\jdk1.8.0_20\jre\bin\server;C:\Python34\;C:\Python34\Scripts;C:\Python34\Lib\site-packages\django\bin\;C:\Program Files\Java\jdk1.8.0_31\bin;C:\Program Files (x86)\Skype\Phone\
USERNAME=Jacques
OS=Windows_NT
PROCESSOR_IDENTIFIER=Intel64 Family 6 Model 60 Stepping 3, GenuineIntel



---------------  S Y S T E M  ---------------

OS: Windows 8.1 , 64 bit Build 9600 

CPU:total 8 (4 cores per cpu, 2 threads per core) family 6 model 60 stepping 3, cmov, cx8, fxsr, mmx, sse, sse2, sse3, ssse3, sse4.1, sse4.2, popcnt, avx, avx2, aes, clmul, erms, lzcnt, ht, tsc, tscinvbit, bmi1, bmi2

Memory: 4k page, physical 16657364k(3554680k free), swap 19803092k(5216k free)

vm_info: Java HotSpot(TM) 64-Bit Server VM (25.31-b07) for windows-amd64 JRE (1.8.0_31-b13), built on Dec 17 2014 21:00:28 by "java_re" with MS VC++ 10.0 (VS2010)

time: Wed Apr 27 01:56:54 2016
elapsed time: 3 seconds (0d 0h 0m 3s)

