#
# There is insufficient memory for the Java Runtime Environment to continue.
# Native memory allocation (malloc) failed to allocate 789776 bytes for Chunk::new
# Possible reasons:
#   The system is out of physical RAM or swap space
#   In 32 bit mode, the process size limit was hit
# Possible solutions:
#   Reduce memory load on the system
#   Increase physical memory or swap space
#   Check if swap backing store is full
#   Use 64 bit Java on a 64 bit OS
#   Decrease Java heap size (-Xmx/-Xms)
#   Decrease number of Java threads
#   Decrease Java thread stack sizes (-Xss)
#   Set larger code cache with -XX:ReservedCodeCacheSize=
# This output file may be truncated or incomplete.
#
#  Out of Memory Error (allocation.cpp:390), pid=13644, tid=12620
#
# JRE version: Java(TM) SE Runtime Environment (8.0_31-b13) (build 1.8.0_31-b13)
# Java VM: Java HotSpot(TM) 64-Bit Server VM (25.31-b07 mixed mode windows-amd64 compressed oops)
# Failed to write core dump. Minidumps are not enabled by default on client versions of Windows
#

---------------  T H R E A D  ---------------

Current thread (0x000000001721d000):  JavaThread "C2 CompilerThread2" daemon [_thread_in_native, id=12620, stack(0x00000000179f0000,0x0000000017af0000)]

Stack: [0x00000000179f0000,0x0000000017af0000]
Native frames: (J=compiled Java code, j=interpreted, Vv=VM code, C=native code)
V  [jvm.dll+0x3169ba]


Current CompileTask:
C2:   1480 1484       4       com.android.dx.ssa.SsaRenamer$BlockRenamer::process (191 bytes)


---------------  P R O C E S S  ---------------

Java Threads: ( => current thread )
  0x0000000017e59800 JavaThread "pool-1-thread-4" [_thread_blocked, id=19020, stack(0x00000000189f0000,0x0000000018af0000)]
  0x0000000017e59000 JavaThread "pool-1-thread-3" [_thread_in_Java, id=6828, stack(0x00000000188f0000,0x00000000189f0000)]
  0x0000000017e58000 JavaThread "pool-1-thread-2" [_thread_in_Java, id=13524, stack(0x00000000187f0000,0x00000000188f0000)]
  0x00000000174bd000 JavaThread "pool-2-thread-1" [_thread_blocked, id=19100, stack(0x00000000186f0000,0x00000000187f0000)]
  0x0000000017529800 JavaThread "pool-1-thread-1" [_thread_in_Java, id=6904, stack(0x00000000185f0000,0x00000000186f0000)]
  0x00000000172a8000 JavaThread "Service Thread" daemon [_thread_blocked, id=18472, stack(0x0000000017bf0000,0x0000000017cf0000)]
  0x0000000017224800 JavaThread "C1 CompilerThread3" daemon [_thread_in_native, id=2744, stack(0x0000000017af0000,0x0000000017bf0000)]
=>0x000000001721d000 JavaThread "C2 CompilerThread2" daemon [_thread_in_native, id=12620, stack(0x00000000179f0000,0x0000000017af0000)]
  0x0000000017219000 JavaThread "C2 CompilerThread1" daemon [_thread_in_native, id=16136, stack(0x00000000178f0000,0x00000000179f0000)]
  0x0000000017216000 JavaThread "C2 CompilerThread0" daemon [_thread_in_native, id=5144, stack(0x00000000177f0000,0x00000000178f0000)]
  0x0000000017214800 JavaThread "Attach Listener" daemon [_thread_blocked, id=18520, stack(0x00000000176f0000,0x00000000177f0000)]
  0x0000000017213800 JavaThread "Signal Dispatcher" daemon [_thread_blocked, id=16616, stack(0x00000000175f0000,0x00000000176f0000)]
  0x00000000026f7800 JavaThread "Finalizer" daemon [_thread_blocked, id=17636, stack(0x00000000170f0000,0x00000000171f0000)]
  0x00000000026f1000 JavaThread "Reference Handler" daemon [_thread_blocked, id=6684, stack(0x0000000016ff0000,0x00000000170f0000)]
  0x0000000002601000 JavaThread "main" [_thread_in_Java, id=16664, stack(0x00000000024b0000,0x00000000025b0000)]

Other Threads:
  0x0000000015218800 VMThread [stack: 0x0000000016ef0000,0x0000000016ff0000] [id=15756]
  0x00000000172a9000 WatcherThread [stack: 0x0000000017cf0000,0x0000000017df0000] [id=19152]

VM state:not at safepoint (normal execution)

VM Mutex/Monitor currently owned by a thread: None

Heap:
 PSYoungGen      total 76288K, used 64236K [0x00000000eab00000, 0x00000000f0000000, 0x0000000100000000)
  eden space 65536K, 98% used [0x00000000eab00000,0x00000000ee9bb2a8,0x00000000eeb00000)
  from space 10752K, 0% used [0x00000000ef580000,0x00000000ef580000,0x00000000f0000000)
  to   space 10752K, 0% used [0x00000000eeb00000,0x00000000eeb00000,0x00000000ef580000)
 ParOldGen       total 175104K, used 0K [0x00000000c0000000, 0x00000000cab00000, 0x00000000eab00000)
  object space 175104K, 0% used [0x00000000c0000000,0x00000000c0000000,0x00000000cab00000)
 Metaspace       used 6123K, capacity 7088K, committed 7296K, reserved 1056768K
  class space    used 592K, capacity 616K, committed 640K, reserved 1048576K

Card table byte_map: [0x0000000011ac0000,0x0000000011cd0000] byte_map_base: 0x00000000114c0000

Marking Bits: (ParMarkBitMap*) 0x0000000069b6d4f0
 Begin Bits: [0x0000000012630000, 0x0000000013630000)
 End Bits:   [0x0000000013630000, 0x0000000014630000)

Polling page: 0x0000000000c70000

CodeCache: size=245760Kb used=5964Kb max_used=5964Kb free=239795Kb
 bounds [0x0000000002700000, 0x0000000002ce0000, 0x0000000011700000]
 total_blobs=1740 nmethods=1476 adapters=178
 compilation: enabled

Compilation events (10 events):
Event: 1.447 Thread 0x0000000017224800 nmethod 1482 0x0000000002cd1cd0 code [0x0000000002cd1e40, 0x0000000002cd21f8]
Event: 1.447 Thread 0x0000000017224800 1483       3       com.android.dx.rop.annotation.Annotation::getNameValuePairs (11 bytes)
Event: 1.448 Thread 0x0000000017224800 nmethod 1483 0x0000000002cd11d0 code [0x0000000002cd1380, 0x0000000002cd19a8]
Event: 1.453 Thread 0x000000001721d000 nmethod 1447 0x0000000002cc92d0 code [0x0000000002cc9460, 0x0000000002cc9cd0]
Event: 1.453 Thread 0x000000001721d000 1484       4       com.android.dx.ssa.SsaRenamer$BlockRenamer::process (191 bytes)
Event: 1.473 Thread 0x0000000017224800 1485       3       com.android.dx.rop.type.Prototype::compareTo (120 bytes)
Event: 1.473 Thread 0x0000000017224800 nmethod 1485 0x0000000002ccaf50 code [0x0000000002ccb160, 0x0000000002ccbff8]
Event: 1.474 Thread 0x0000000017224800 1486       3       com.android.dx.rop.code.Rops::pickIf (154 bytes)
Event: 1.475 Thread 0x0000000017224800 nmethod 1486 0x0000000002cd6d50 code [0x0000000002cd6fc0, 0x0000000002cd80f8]
Event: 1.476 Thread 0x0000000017224800 1488       3       com.android.dx.cf.code.BasicBlocker::visitNoArgs (298 bytes)

GC Heap History (0 events):
No events

Deoptimization events (5 events):
Event: 0.618 Thread 0x0000000017529800 Uncommon trap: reason=bimorphic action=maybe_recompile pc=0x0000000002945cf4 method=java.util.HashMap.getNode(ILjava/lang/Object;)Ljava/util/HashMap$Node; @ 126
Event: 0.812 Thread 0x0000000002601000 Uncommon trap: reason=bimorphic action=maybe_recompile pc=0x0000000002945cf4 method=java.util.HashMap.getNode(ILjava/lang/Object;)Ljava/util/HashMap$Node; @ 126
Event: 1.239 Thread 0x0000000002601000 Uncommon trap: reason=bimorphic action=maybe_recompile pc=0x000000000292ac1c method=java.util.HashMap.getNode(ILjava/lang/Object;)Ljava/util/HashMap$Node; @ 126
Event: 1.239 Thread 0x0000000002601000 Uncommon trap: reason=bimorphic action=maybe_recompile pc=0x0000000002af3af4 method=java.util.HashMap.putVal(ILjava/lang/Object;Ljava/lang/Object;ZZ)Ljava/lang/Object; @ 203
Event: 1.476 Thread 0x0000000017e58000 Uncommon trap: reason=uninitialized action=reinterpret pc=0x0000000002c409d4 method=com.android.dx.cf.code.BytecodeArray.parseInstruction(ILcom/android/dx/cf/code/BytecodeArray$Visitor;)I @ 1095

Internal exceptions (10 events):
Event: 0.452 Thread 0x0000000017e59800 Exception <a 'java/security/PrivilegedActionException'> (0x00000000ebe479b8) thrown at [C:\workspace\8-2-build-windows-amd64-cygwin\jdk8u31\2394\hotspot\src\share\vm\prims\jvm.cpp, line 1312]
Event: 0.452 Thread 0x0000000017e59800 Exception <a 'java/security/PrivilegedActionException'> (0x00000000ebe4d1a8) thrown at [C:\workspace\8-2-build-windows-amd64-cygwin\jdk8u31\2394\hotspot\src\share\vm\prims\jvm.cpp, line 1312]
Event: 0.453 Thread 0x0000000017e59800 Exception <a 'java/security/PrivilegedActionException'> (0x00000000ebe52768) thrown at [C:\workspace\8-2-build-windows-amd64-cygwin\jdk8u31\2394\hotspot\src\share\vm\prims\jvm.cpp, line 1312]
Event: 0.457 Thread 0x0000000002601000 Exception <a 'java/security/PrivilegedActionException'> (0x00000000eb642b20) thrown at [C:\workspace\8-2-build-windows-amd64-cygwin\jdk8u31\2394\hotspot\src\share\vm\prims\jvm.cpp, line 1312]
Event: 0.458 Thread 0x0000000002601000 Exception <a 'java/security/PrivilegedActionException'> (0x00000000eb649148) thrown at [C:\workspace\8-2-build-windows-amd64-cygwin\jdk8u31\2394\hotspot\src\share\vm\prims\jvm.cpp, line 1312]
Event: 0.552 Thread 0x0000000017e59000 Exception <a 'java/security/PrivilegedActionException'> (0x00000000ebab28d0) thrown at [C:\workspace\8-2-build-windows-amd64-cygwin\jdk8u31\2394\hotspot\src\share\vm\prims\jvm.cpp, line 1312]
Event: 0.631 Thread 0x0000000017e59000 Exception <a 'java/security/PrivilegedActionException'> (0x00000000ebb60408) thrown at [C:\workspace\8-2-build-windows-amd64-cygwin\jdk8u31\2394\hotspot\src\share\vm\prims\jvm.cpp, line 1312]
Event: 0.652 Thread 0x0000000002601000 Exception <a 'java/security/PrivilegedActionException'> (0x00000000ec0b2640) thrown at [C:\workspace\8-2-build-windows-amd64-cygwin\jdk8u31\2394\hotspot\src\share\vm\prims\jvm.cpp, line 1312]
Event: 0.979 Thread 0x0000000017529800 Exception <a 'java/security/PrivilegedActionException'> (0x00000000eca62418) thrown at [C:\workspace\8-2-build-windows-amd64-cygwin\jdk8u31\2394\hotspot\src\share\vm\prims\jvm.cpp, line 1312]
Event: 1.086 Thread 0x0000000002601000 Exception <a 'java/security/PrivilegedActionException'> (0x00000000ed6d0878) thrown at [C:\workspace\8-2-build-windows-amd64-cygwin\jdk8u31\2394\hotspot\src\share\vm\prims\jvm.cpp, line 1312]

Events (10 events):
Event: 1.162 Thread 0x0000000017529800 DEOPT UNPACKING pc=0x00000000027475bf sp=0x00000000186ee7c8 mode 0
Event: 1.239 Thread 0x0000000002601000 Uncommon trap: trap_request=0xffffffc6 fr.pc=0x000000000292ac1c
Event: 1.239 Thread 0x0000000002601000 DEOPT PACKING pc=0x000000000292ac1c sp=0x00000000025ae390
Event: 1.239 Thread 0x0000000002601000 DEOPT UNPACKING pc=0x000000000274556a sp=0x00000000025ae300 mode 2
Event: 1.239 Thread 0x0000000002601000 Uncommon trap: trap_request=0xffffffc6 fr.pc=0x0000000002af3af4
Event: 1.239 Thread 0x0000000002601000 DEOPT PACKING pc=0x0000000002af3af4 sp=0x00000000025ae360
Event: 1.239 Thread 0x0000000002601000 DEOPT UNPACKING pc=0x000000000274556a sp=0x00000000025ae2d8 mode 2
Event: 1.476 Thread 0x0000000017e58000 Uncommon trap: trap_request=0xffffffb5 fr.pc=0x0000000002c409d4
Event: 1.476 Thread 0x0000000017e58000 DEOPT PACKING pc=0x0000000002c409d4 sp=0x00000000188eecc0
Event: 1.476 Thread 0x0000000017e58000 DEOPT UNPACKING pc=0x000000000274556a sp=0x00000000188eec60 mode 2


Dynamic libraries:
0x00007ff7bf600000 - 0x00007ff7bf634000 	C:\Program Files\Java\jdk1.8.0_31\bin\java.exe
0x00007ffe5e4d0000 - 0x00007ffe5e67d000 	C:\Windows\SYSTEM32\ntdll.dll
0x00007ffe5bb50000 - 0x00007ffe5bc8e000 	C:\Windows\system32\KERNEL32.DLL
0x00007ffe5b740000 - 0x00007ffe5b855000 	C:\Windows\system32\KERNELBASE.dll
0x00007ffe5a1a0000 - 0x00007ffe5a22e000 	C:\Windows\system32\apphelp.dll
0x00007ffe4c450000 - 0x00007ffe4c4a3000 	C:\Windows\AppPatch\AppPatch64\AcGenral.DLL
0x00007ffe5c3e0000 - 0x00007ffe5c48a000 	C:\Windows\system32\msvcrt.dll
0x00007ffe5b4c0000 - 0x00007ffe5b4ee000 	C:\Windows\SYSTEM32\SspiCli.dll
0x00007ffe5c380000 - 0x00007ffe5c3d4000 	C:\Windows\system32\SHLWAPI.dll
0x00007ffe5e1b0000 - 0x00007ffe5e327000 	C:\Windows\system32\USER32.dll
0x00007ffe5c720000 - 0x00007ffe5c8b4000 	C:\Windows\system32\ole32.dll
0x00007ffe5c8c0000 - 0x00007ffe5ddea000 	C:\Windows\system32\SHELL32.dll
0x00007ffe5ac40000 - 0x00007ffe5ac61000 	C:\Windows\SYSTEM32\USERENV.dll
0x00007ffe5e420000 - 0x00007ffe5e4ca000 	C:\Windows\system32\ADVAPI32.dll
0x00007ffe50e80000 - 0x00007ffe50e9e000 	C:\Windows\SYSTEM32\MPR.dll
0x00007ffe5bc90000 - 0x00007ffe5bdd1000 	C:\Windows\system32\RPCRT4.dll
0x00007ffe5c490000 - 0x00007ffe5c4e9000 	C:\Windows\SYSTEM32\sechost.dll
0x00007ffe5c4f0000 - 0x00007ffe5c701000 	C:\Windows\SYSTEM32\combase.dll
0x00007ffe5c0f0000 - 0x00007ffe5c240000 	C:\Windows\system32\GDI32.dll
0x00007ffe5b620000 - 0x00007ffe5b635000 	C:\Windows\SYSTEM32\profapi.dll
0x00007ffe5a0b0000 - 0x00007ffe5a162000 	C:\Windows\SYSTEM32\SHCORE.dll
0x00007ffe5ddf0000 - 0x00007ffe5de26000 	C:\Windows\system32\IMM32.DLL
0x00007ffe5bf90000 - 0x00007ffe5c0e2000 	C:\Windows\system32\MSCTF.dll
0x00007ffe596f0000 - 0x00007ffe5996b000 	C:\Windows\WinSxS\amd64_microsoft.windows.common-controls_6595b64144ccf1df_6.0.9600.18006_none_623f33d3ecbe86e8\COMCTL32.dll
0x000000006abd0000 - 0x000000006aca2000 	C:\Program Files\Java\jdk1.8.0_31\jre\bin\msvcr100.dll
0x0000000069390000 - 0x0000000069bea000 	C:\Program Files\Java\jdk1.8.0_31\jre\bin\server\jvm.dll
0x00007ffe445c0000 - 0x00007ffe445c9000 	C:\Windows\SYSTEM32\WSOCK32.dll
0x00007ffe591f0000 - 0x00007ffe59212000 	C:\Windows\SYSTEM32\WINMM.dll
0x00007ffe5e1a0000 - 0x00007ffe5e1a7000 	C:\Windows\system32\PSAPI.DLL
0x00007ffe5c250000 - 0x00007ffe5c2aa000 	C:\Windows\system32\WS2_32.dll
0x00007ffe59100000 - 0x00007ffe5912a000 	C:\Windows\SYSTEM32\WINMMBASE.dll
0x00007ffe5c370000 - 0x00007ffe5c379000 	C:\Windows\system32\NSI.dll
0x00007ffe5b6f0000 - 0x00007ffe5b73f000 	C:\Windows\SYSTEM32\cfgmgr32.dll
0x00007ffe5a410000 - 0x00007ffe5a438000 	C:\Windows\SYSTEM32\DEVOBJ.dll
0x000000006b080000 - 0x000000006b08f000 	C:\Program Files\Java\jdk1.8.0_31\jre\bin\verify.dll
0x000000006b050000 - 0x000000006b078000 	C:\Program Files\Java\jdk1.8.0_31\jre\bin\java.dll
0x000000006b030000 - 0x000000006b046000 	C:\Program Files\Java\jdk1.8.0_31\jre\bin\zip.dll
0x00007ffe3ad20000 - 0x00007ffe3aea9000 	C:\Windows\SYSTEM32\dbghelp.dll

VM Arguments:
jvm_args: -Djava.awt.headless=true -Xmx1024M -Dfile.encoding=windows-1252 -Duser.country=FR -Duser.language=fr -Duser.variant 
java_command: com.android.dx.command.Main --dex --num-threads=4 --output D:\AndroidStudioProjects\App2\app\build\intermediates\pre-dexed\debug\com.android.support-appcompat-v7-23.3.0_b7093bdc5ef2ab36eed16b872263bb0be82bae04.jar D:\AndroidStudioProjects\App2\app\build\intermediates\exploded-aar\com.android.support\appcompat-v7\23.3.0\jars\classes.jar
java_class_path (initial): D:\Android_SDK\build-tools\23.0.3\lib\dx.jar
Launcher Type: SUN_STANDARD

Environment Variables:
JAVA_HOME=C:\Program Files\Java\jdk1.8.0_31
PATH=C:\ProgramData\Oracle\Java\javapath;c:\Rtools\bin;c:\Rtools\gcc-4.6.3\bin;C:\Program Files (x86)\NVIDIA Corporation\PhysX\Common;C:\Program Files (x86)\Intel\iCLS Client\;C:\Program Files\Intel\iCLS Client\;C:\Windows\system32;C:\Windows;C:\Windows\System32\Wbem;C:\Windows\System32\WindowsPowerShell\v1.0\;C:\Program Files\Intel\Intel(R) Management Engine Components\DAL;C:\Program Files\Intel\Intel(R) Management Engine Components\IPT;C:\Program Files (x86)\Intel\Intel(R) Management Engine Components\DAL;C:\Program Files (x86)\Intel\Intel(R) Management Engine Components\IPT;C:\Program Files (x86)\QuickTime\QTSystem\;C:\Program Files\Java\jdk1.8.0_20\jre\bin\server;C:\Python34\;C:\Python34\Scripts;C:\Python34\Lib\site-packages\django\bin\;C:\Program Files\Java\jdk1.8.0_31\bin;C:\Program Files (x86)\Skype\Phone\
USERNAME=Jacques
OS=Windows_NT
PROCESSOR_IDENTIFIER=Intel64 Family 6 Model 60 Stepping 3, GenuineIntel



---------------  S Y S T E M  ---------------

OS: Windows 8.1 , 64 bit Build 9600 

CPU:total 8 (4 cores per cpu, 2 threads per core) family 6 model 60 stepping 3, cmov, cx8, fxsr, mmx, sse, sse2, sse3, ssse3, sse4.1, sse4.2, popcnt, avx, avx2, aes, clmul, erms, lzcnt, ht, tsc, tscinvbit, bmi1, bmi2

Memory: 4k page, physical 16657364k(3703664k free), swap 19803092k(5220k free)

vm_info: Java HotSpot(TM) 64-Bit Server VM (25.31-b07) for windows-amd64 JRE (1.8.0_31-b13), built on Dec 17 2014 21:00:28 by "java_re" with MS VC++ 10.0 (VS2010)

time: Wed Apr 27 01:56:49 2016
elapsed time: 1 seconds (0d 0h 0m 1s)

