#
# There is insufficient memory for the Java Runtime Environment to continue.
# Native memory allocation (malloc) failed to allocate 150576 bytes for Chunk::new
# Possible reasons:
#   The system is out of physical RAM or swap space
#   In 32 bit mode, the process size limit was hit
# Possible solutions:
#   Reduce memory load on the system
#   Increase physical memory or swap space
#   Check if swap backing store is full
#   Use 64 bit Java on a 64 bit OS
#   Decrease Java heap size (-Xmx/-Xms)
#   Decrease number of Java threads
#   Decrease Java thread stack sizes (-Xss)
#   Set larger code cache with -XX:ReservedCodeCacheSize=
# This output file may be truncated or incomplete.
#
#  Out of Memory Error (allocation.cpp:390), pid=16388, tid=17512
#
# JRE version: Java(TM) SE Runtime Environment (8.0_31-b13) (build 1.8.0_31-b13)
# Java VM: Java HotSpot(TM) 64-Bit Server VM (25.31-b07 mixed mode windows-amd64 compressed oops)
# Failed to write core dump. Minidumps are not enabled by default on client versions of Windows
#

---------------  T H R E A D  ---------------

Current thread (0x0000000017829000):  JavaThread "C2 CompilerThread1" daemon [_thread_in_native, id=17512, stack(0x0000000017f00000,0x0000000018000000)]

Stack: [0x0000000017f00000,0x0000000018000000]
Native frames: (J=compiled Java code, j=interpreted, Vv=VM code, C=native code)
V  [jvm.dll+0x3169ba]


Current CompileTask:
C2:   2278 1564       4       com.android.dx.rop.code.LocalVariableInfo::mergeStarts (75 bytes)


---------------  P R O C E S S  ---------------

Java Threads: ( => current thread )
  0x0000000017b72800 JavaThread "pool-1-thread-4" [_thread_in_Java, id=9680, stack(0x0000000019000000,0x0000000019100000)]
  0x0000000017b71800 JavaThread "pool-1-thread-3" [_thread_blocked, id=12128, stack(0x0000000018f00000,0x0000000019000000)]
  0x0000000017bea800 JavaThread "pool-1-thread-2" [_thread_blocked, id=3268, stack(0x0000000018e00000,0x0000000018f00000)]
  0x0000000017b65800 JavaThread "pool-2-thread-1" [_thread_blocked, id=14724, stack(0x0000000018d00000,0x0000000018e00000)]
  0x0000000017b05800 JavaThread "pool-1-thread-1" [_thread_blocked, id=18288, stack(0x0000000018c00000,0x0000000018d00000)]
  0x0000000017890800 JavaThread "Service Thread" daemon [_thread_blocked, id=13228, stack(0x0000000018200000,0x0000000018300000)]
  0x0000000017884800 JavaThread "C1 CompilerThread3" daemon [_thread_blocked, id=14136, stack(0x0000000018100000,0x0000000018200000)]
  0x0000000017871800 JavaThread "C2 CompilerThread2" daemon [_thread_in_native, id=19212, stack(0x0000000018000000,0x0000000018100000)]
=>0x0000000017829000 JavaThread "C2 CompilerThread1" daemon [_thread_in_native, id=17512, stack(0x0000000017f00000,0x0000000018000000)]
  0x0000000017826000 JavaThread "C2 CompilerThread0" daemon [_thread_in_native, id=3212, stack(0x0000000017e00000,0x0000000017f00000)]
  0x0000000017824800 JavaThread "Attach Listener" daemon [_thread_blocked, id=18044, stack(0x0000000017d00000,0x0000000017e00000)]
  0x0000000017823800 JavaThread "Signal Dispatcher" daemon [_thread_blocked, id=2060, stack(0x0000000017c00000,0x0000000017d00000)]
  0x0000000002d17800 JavaThread "Finalizer" daemon [_thread_blocked, id=15444, stack(0x0000000017700000,0x0000000017800000)]
  0x0000000002d11000 JavaThread "Reference Handler" daemon [_thread_blocked, id=16872, stack(0x0000000017600000,0x0000000017700000)]
  0x0000000002c21000 JavaThread "main" [_thread_in_vm, id=8804, stack(0x0000000002ad0000,0x0000000002bd0000)]

Other Threads:
  0x0000000015838800 VMThread [stack: 0x0000000017500000,0x0000000017600000] [id=10860]
  0x0000000017891800 WatcherThread [stack: 0x0000000018300000,0x0000000018400000] [id=14908]

VM state:not at safepoint (normal execution)

VM Mutex/Monitor currently owned by a thread: None

Heap:
 PSYoungGen      total 76288K, used 65536K [0x00000000eab00000, 0x00000000f0000000, 0x0000000100000000)
  eden space 65536K, 100% used [0x00000000eab00000,0x00000000eeb00000,0x00000000eeb00000)
  from space 10752K, 0% used [0x00000000ef580000,0x00000000ef580000,0x00000000f0000000)
  to   space 10752K, 0% used [0x00000000eeb00000,0x00000000eeb00000,0x00000000ef580000)
 ParOldGen       total 175104K, used 0K [0x00000000c0000000, 0x00000000cab00000, 0x00000000eab00000)
  object space 175104K, 0% used [0x00000000c0000000,0x00000000c0000000,0x00000000cab00000)
 Metaspace       used 6219K, capacity 7128K, committed 7424K, reserved 1056768K
  class space    used 609K, capacity 656K, committed 768K, reserved 1048576K

Card table byte_map: [0x00000000120e0000,0x00000000122f0000] byte_map_base: 0x0000000011ae0000

Marking Bits: (ParMarkBitMap*) 0x0000000069b6d4f0
 Begin Bits: [0x0000000012c50000, 0x0000000013c50000)
 End Bits:   [0x0000000013c50000, 0x0000000014c50000)

Polling page: 0x00000000029f0000

CodeCache: size=245760Kb used=6602Kb max_used=6609Kb free=239157Kb
 bounds [0x0000000002d20000, 0x00000000033a0000, 0x0000000011d20000]
 total_blobs=1832 nmethods=1568 adapters=178
 compilation: enabled

Compilation events (10 events):
Event: 2.265 Thread 0x0000000017884800 nmethod 1566 0x0000000003392490 code [0x0000000003392680, 0x00000000033930b8]
Event: 2.265 Thread 0x0000000017884800 1567       3       com.android.dx.cf.iface.StdField::<init> (10 bytes)
Event: 2.265 Thread 0x0000000017871800 1569   !   4       com.android.dx.cf.code.BytecodeArray::parseInstruction (2764 bytes)
Event: 2.265 Thread 0x0000000017884800 nmethod 1567 0x000000000338cad0 code [0x000000000338cc40, 0x000000000338cdc8]
Event: 2.265 Thread 0x0000000017884800 1570       3       com.android.dx.cf.code.Simulator$SimVisitor::checkReturnType (64 bytes)
Event: 2.266 Thread 0x0000000017884800 nmethod 1570 0x0000000003390f50 code [0x0000000003391180, 0x0000000003391ec8]
Event: 2.266 Thread 0x0000000017884800 1571       3       java.util.HashMap$HashIterator::nextNode (100 bytes)
Event: 2.266 Thread 0x0000000017884800 nmethod 1571 0x0000000003390710 code [0x00000000033908a0, 0x0000000003390d58]
Event: 2.266 Thread 0x0000000017884800 1568       3       com.android.dx.cf.attrib.RawAttribute::byteLength (11 bytes)
Event: 2.266 Thread 0x0000000017884800 nmethod 1568 0x0000000003390310 code [0x0000000003390460, 0x0000000003390650]

GC Heap History (0 events):
No events

Deoptimization events (10 events):
Event: 1.354 Thread 0x0000000017b71800 Uncommon trap: reason=null_check action=make_not_entrant pc=0x00000000030dbaec method=com.android.dx.ssa.SsaRenamer.getLocalForNewReg(I)Lcom/android/dx/rop/code/LocalItem; @ 19
Event: 1.354 Thread 0x0000000017b71800 Uncommon trap: reason=null_check action=make_not_entrant pc=0x00000000030a3190 method=com.android.dx.ssa.SsaRenamer.getLocalForNewReg(I)Lcom/android/dx/rop/code/LocalItem; @ 19
Event: 1.810 Thread 0x0000000002c21000 Uncommon trap: reason=unloaded action=reinterpret pc=0x0000000003284bec method=com.android.dx.cf.cst.ConstantPoolParser.parse0(ILjava/util/BitSet;)Lcom/android/dx/rop/cst/Constant; @ 198
Event: 1.822 Thread 0x0000000017bea800 Uncommon trap: reason=uninitialized action=reinterpret pc=0x000000000328d4c0 method=com.android.dx.cf.code.BytecodeArray.parseInstruction(ILcom/android/dx/cf/code/BytecodeArray$Visitor;)I @ 999
Event: 1.838 Thread 0x0000000017bea800 Uncommon trap: reason=bimorphic action=maybe_recompile pc=0x0000000002f8da74 method=java.util.HashMap.getNode(ILjava/lang/Object;)Ljava/util/HashMap$Node; @ 126
Event: 1.850 Thread 0x0000000017bea800 Uncommon trap: reason=unreached action=reinterpret pc=0x00000000032aafcc method=com.android.dx.ssa.MoveParamCombiner$1.visitNonMoveInsn(Lcom/android/dx/ssa/NormalSsaInsn;)V @ 27
Event: 2.185 Thread 0x0000000017bea800 Uncommon trap: reason=unreached action=reinterpret pc=0x00000000030f2464 method=java.util.HashMap.getNode(ILjava/lang/Object;)Ljava/util/HashMap$Node; @ 84
Event: 2.192 Thread 0x0000000017bea800 Uncommon trap: reason=unreached action=reinterpret pc=0x00000000030e7fcc method=java.util.HashMap.getNode(ILjava/lang/Object;)Ljava/util/HashMap$Node; @ 84
Event: 2.192 Thread 0x0000000017bea800 Uncommon trap: reason=unreached action=reinterpret pc=0x0000000002f8da5c method=java.util.HashMap.getNode(ILjava/lang/Object;)Ljava/util/HashMap$Node; @ 84
Event: 2.243 Thread 0x0000000002c21000 Uncommon trap: reason=unreached action=reinterpret pc=0x0000000002f60974 method=java.util.HashMap.getNode(ILjava/lang/Object;)Ljava/util/HashMap$Node; @ 84

Internal exceptions (10 events):
Event: 0.804 Thread 0x0000000002c21000 Exception <a 'java/security/PrivilegedActionException'> (0x00000000ebc97f90) thrown at [C:\workspace\8-2-build-windows-amd64-cygwin\jdk8u31\2394\hotspot\src\share\vm\prims\jvm.cpp, line 1312]
Event: 0.804 Thread 0x0000000002c21000 Exception <a 'java/security/PrivilegedActionException'> (0x00000000ebc9c748) thrown at [C:\workspace\8-2-build-windows-amd64-cygwin\jdk8u31\2394\hotspot\src\share\vm\prims\jvm.cpp, line 1312]
Event: 1.214 Thread 0x0000000017bea800 Exception <a 'java/security/PrivilegedActionException'> (0x00000000ec518d10) thrown at [C:\workspace\8-2-build-windows-amd64-cygwin\jdk8u31\2394\hotspot\src\share\vm\prims\jvm.cpp, line 1312]
Event: 1.215 Thread 0x0000000017bea800 Exception <a 'java/security/PrivilegedActionException'> (0x00000000ec51ec08) thrown at [C:\workspace\8-2-build-windows-amd64-cygwin\jdk8u31\2394\hotspot\src\share\vm\prims\jvm.cpp, line 1312]
Event: 1.306 Thread 0x0000000017b72800 Exception <a 'java/security/PrivilegedActionException'> (0x00000000eca15768) thrown at [C:\workspace\8-2-build-windows-amd64-cygwin\jdk8u31\2394\hotspot\src\share\vm\prims\jvm.cpp, line 1312]
Event: 1.354 Thread 0x0000000017b71800 Implicit null exception at 0x00000000030d9521 to 0x00000000030dbac5
Event: 1.354 Thread 0x0000000017b71800 Implicit null exception at 0x00000000030a081c to 0x00000000030a316d
Event: 2.184 Thread 0x0000000017bea800 Exception <a 'java/lang/ArrayIndexOutOfBoundsException': 18> (0x00000000ee9564d8) thrown at [C:\workspace\8-2-build-windows-amd64-cygwin\jdk8u31\2394\hotspot\src\share\vm\interpreter\interpreterRuntime.cpp, line 366]
Event: 2.184 Thread 0x0000000017bea800 Exception <a 'java/lang/ArrayIndexOutOfBoundsException': 145> (0x00000000ee957f70) thrown at [C:\workspace\8-2-build-windows-amd64-cygwin\jdk8u31\2394\hotspot\src\share\vm\interpreter\interpreterRuntime.cpp, line 366]
Event: 2.185 Thread 0x0000000017bea800 Exception <a 'java/lang/ArrayIndexOutOfBoundsException'> (0x00000000ee959188) thrown at [C:\workspace\8-2-build-windows-amd64-cygwin\jdk8u31\2394\hotspot\src\share\vm\runtime\sharedRuntime.cpp, line 604]

Events (10 events):
Event: 2.185 Thread 0x0000000017bea800 DEOPT UNPACKING pc=0x0000000002d6556a sp=0x0000000018efe968 mode 2
Event: 2.192 Thread 0x0000000017bea800 Uncommon trap: trap_request=0xffffffad fr.pc=0x00000000030e7fcc
Event: 2.192 Thread 0x0000000017bea800 DEOPT PACKING pc=0x00000000030e7fcc sp=0x0000000018efea30
Event: 2.192 Thread 0x0000000017bea800 DEOPT UNPACKING pc=0x0000000002d6556a sp=0x0000000018efe8f0 mode 2
Event: 2.192 Thread 0x0000000017bea800 Uncommon trap: trap_request=0xffffffad fr.pc=0x0000000002f8da5c
Event: 2.192 Thread 0x0000000017bea800 DEOPT PACKING pc=0x0000000002f8da5c sp=0x0000000018efea40
Event: 2.192 Thread 0x0000000017bea800 DEOPT UNPACKING pc=0x0000000002d6556a sp=0x0000000018efe960 mode 2
Event: 2.243 Thread 0x0000000002c21000 Uncommon trap: trap_request=0xffffffad fr.pc=0x0000000002f60974
Event: 2.243 Thread 0x0000000002c21000 DEOPT PACKING pc=0x0000000002f60974 sp=0x0000000002bcdf40
Event: 2.243 Thread 0x0000000002c21000 DEOPT UNPACKING pc=0x0000000002d6556a sp=0x0000000002bcdeb8 mode 2


Dynamic libraries:
0x00007ff7bf600000 - 0x00007ff7bf634000 	C:\Program Files\Java\jdk1.8.0_31\bin\java.exe
0x00007ffe5e4d0000 - 0x00007ffe5e67d000 	C:\Windows\SYSTEM32\ntdll.dll
0x00007ffe5bb50000 - 0x00007ffe5bc8e000 	C:\Windows\system32\KERNEL32.DLL
0x00007ffe5b740000 - 0x00007ffe5b855000 	C:\Windows\system32\KERNELBASE.dll
0x00007ffe5a1a0000 - 0x00007ffe5a22e000 	C:\Windows\system32\apphelp.dll
0x00007ffe4c450000 - 0x00007ffe4c4a3000 	C:\Windows\AppPatch\AppPatch64\AcGenral.DLL
0x00007ffe5c3e0000 - 0x00007ffe5c48a000 	C:\Windows\system32\msvcrt.dll
0x00007ffe5b4c0000 - 0x00007ffe5b4ee000 	C:\Windows\SYSTEM32\SspiCli.dll
0x00007ffe5c380000 - 0x00007ffe5c3d4000 	C:\Windows\system32\SHLWAPI.dll
0x00007ffe5e1b0000 - 0x00007ffe5e327000 	C:\Windows\system32\USER32.dll
0x00007ffe5c720000 - 0x00007ffe5c8b4000 	C:\Windows\system32\ole32.dll
0x00007ffe5c8c0000 - 0x00007ffe5ddea000 	C:\Windows\system32\SHELL32.dll
0x00007ffe5ac40000 - 0x00007ffe5ac61000 	C:\Windows\SYSTEM32\USERENV.dll
0x00007ffe5e420000 - 0x00007ffe5e4ca000 	C:\Windows\system32\ADVAPI32.dll
0x00007ffe50e80000 - 0x00007ffe50e9e000 	C:\Windows\SYSTEM32\MPR.dll
0x00007ffe5bc90000 - 0x00007ffe5bdd1000 	C:\Windows\system32\RPCRT4.dll
0x00007ffe5c490000 - 0x00007ffe5c4e9000 	C:\Windows\SYSTEM32\sechost.dll
0x00007ffe5c4f0000 - 0x00007ffe5c701000 	C:\Windows\SYSTEM32\combase.dll
0x00007ffe5c0f0000 - 0x00007ffe5c240000 	C:\Windows\system32\GDI32.dll
0x00007ffe5b620000 - 0x00007ffe5b635000 	C:\Windows\SYSTEM32\profapi.dll
0x00007ffe5a0b0000 - 0x00007ffe5a162000 	C:\Windows\SYSTEM32\SHCORE.dll
0x00007ffe5ddf0000 - 0x00007ffe5de26000 	C:\Windows\system32\IMM32.DLL
0x00007ffe5bf90000 - 0x00007ffe5c0e2000 	C:\Windows\system32\MSCTF.dll
0x00007ffe596f0000 - 0x00007ffe5996b000 	C:\Windows\WinSxS\amd64_microsoft.windows.common-controls_6595b64144ccf1df_6.0.9600.18006_none_623f33d3ecbe86e8\COMCTL32.dll
0x000000006abd0000 - 0x000000006aca2000 	C:\Program Files\Java\jdk1.8.0_31\jre\bin\msvcr100.dll
0x0000000069390000 - 0x0000000069bea000 	C:\Program Files\Java\jdk1.8.0_31\jre\bin\server\jvm.dll
0x00007ffe445c0000 - 0x00007ffe445c9000 	C:\Windows\SYSTEM32\WSOCK32.dll
0x00007ffe591f0000 - 0x00007ffe59212000 	C:\Windows\SYSTEM32\WINMM.dll
0x00007ffe5e1a0000 - 0x00007ffe5e1a7000 	C:\Windows\system32\PSAPI.DLL
0x00007ffe5c250000 - 0x00007ffe5c2aa000 	C:\Windows\system32\WS2_32.dll
0x00007ffe59100000 - 0x00007ffe5912a000 	C:\Windows\SYSTEM32\WINMMBASE.dll
0x00007ffe5c370000 - 0x00007ffe5c379000 	C:\Windows\system32\NSI.dll
0x00007ffe5b6f0000 - 0x00007ffe5b73f000 	C:\Windows\SYSTEM32\cfgmgr32.dll
0x00007ffe5a410000 - 0x00007ffe5a438000 	C:\Windows\SYSTEM32\DEVOBJ.dll
0x000000006b080000 - 0x000000006b08f000 	C:\Program Files\Java\jdk1.8.0_31\jre\bin\verify.dll
0x000000006b050000 - 0x000000006b078000 	C:\Program Files\Java\jdk1.8.0_31\jre\bin\java.dll
0x000000006b030000 - 0x000000006b046000 	C:\Program Files\Java\jdk1.8.0_31\jre\bin\zip.dll

VM Arguments:
jvm_args: -Djava.awt.headless=true -Xmx1024M -Dfile.encoding=windows-1252 -Duser.country=FR -Duser.language=fr -Duser.variant 
java_command: com.android.dx.command.Main --dex --num-threads=4 --output D:\AndroidStudioProjects\App2\app\build\intermediates\pre-dexed\release\glide-3.6.0_70fe51003ad7049faf4a100fb190dc2f762f7e06.jar C:\Users\Jacques\.gradle\caches\modules-2\files-2.1\com.github.bumptech.glide\glide\3.6.0\a7537446a030da8eb0da4c71424d16c2589f6c4a\glide-3.6.0.jar
java_class_path (initial): D:\Android_SDK\build-tools\23.0.3\lib\dx.jar
Launcher Type: SUN_STANDARD

Environment Variables:
JAVA_HOME=C:\Program Files\Java\jdk1.8.0_31
PATH=C:\ProgramData\Oracle\Java\javapath;c:\Rtools\bin;c:\Rtools\gcc-4.6.3\bin;C:\Program Files (x86)\NVIDIA Corporation\PhysX\Common;C:\Program Files (x86)\Intel\iCLS Client\;C:\Program Files\Intel\iCLS Client\;C:\Windows\system32;C:\Windows;C:\Windows\System32\Wbem;C:\Windows\System32\WindowsPowerShell\v1.0\;C:\Program Files\Intel\Intel(R) Management Engine Components\DAL;C:\Program Files\Intel\Intel(R) Management Engine Components\IPT;C:\Program Files (x86)\Intel\Intel(R) Management Engine Components\DAL;C:\Program Files (x86)\Intel\Intel(R) Management Engine Components\IPT;C:\Program Files (x86)\QuickTime\QTSystem\;C:\Program Files\Java\jdk1.8.0_20\jre\bin\server;C:\Python34\;C:\Python34\Scripts;C:\Python34\Lib\site-packages\django\bin\;C:\Program Files\Java\jdk1.8.0_31\bin;C:\Program Files (x86)\Skype\Phone\
USERNAME=Jacques
OS=Windows_NT
PROCESSOR_IDENTIFIER=Intel64 Family 6 Model 60 Stepping 3, GenuineIntel



---------------  S Y S T E M  ---------------

OS: Windows 8.1 , 64 bit Build 9600 

CPU:total 8 (4 cores per cpu, 2 threads per core) family 6 model 60 stepping 3, cmov, cx8, fxsr, mmx, sse, sse2, sse3, ssse3, sse4.1, sse4.2, popcnt, avx, avx2, aes, clmul, erms, lzcnt, ht, tsc, tscinvbit, bmi1, bmi2

Memory: 4k page, physical 16657364k(3870976k free), swap 19803092k(6912k free)

vm_info: Java HotSpot(TM) 64-Bit Server VM (25.31-b07) for windows-amd64 JRE (1.8.0_31-b13), built on Dec 17 2014 21:00:28 by "java_re" with MS VC++ 10.0 (VS2010)

time: Wed Apr 27 01:46:36 2016
elapsed time: 2 seconds (0d 0h 0m 2s)

