#
# There is insufficient memory for the Java Runtime Environment to continue.
# Native memory allocation (malloc) failed to allocate 266496 bytes for Chunk::new
# Possible reasons:
#   The system is out of physical RAM or swap space
#   In 32 bit mode, the process size limit was hit
# Possible solutions:
#   Reduce memory load on the system
#   Increase physical memory or swap space
#   Check if swap backing store is full
#   Use 64 bit Java on a 64 bit OS
#   Decrease Java heap size (-Xmx/-Xms)
#   Decrease number of Java threads
#   Decrease Java thread stack sizes (-Xss)
#   Set larger code cache with -XX:ReservedCodeCacheSize=
# This output file may be truncated or incomplete.
#
#  Out of Memory Error (allocation.cpp:390), pid=15680, tid=13924
#
# JRE version: Java(TM) SE Runtime Environment (8.0_31-b13) (build 1.8.0_31-b13)
# Java VM: Java HotSpot(TM) 64-Bit Server VM (25.31-b07 mixed mode windows-amd64 compressed oops)
# Failed to write core dump. Minidumps are not enabled by default on client versions of Windows
#

---------------  T H R E A D  ---------------

Current thread (0x0000000017007000):  JavaThread "C2 CompilerThread1" daemon [_thread_in_native, id=13924, stack(0x00000000176e0000,0x00000000177e0000)]

Stack: [0x00000000176e0000,0x00000000177e0000]
Native frames: (J=compiled Java code, j=interpreted, Vv=VM code, C=native code)
V  [jvm.dll+0x3169ba]


Current CompileTask:
C2:   2273 1027       4       com.android.dx.ssa.SsaBasicBlock::forEachInsn (37 bytes)


---------------  P R O C E S S  ---------------

Java Threads: ( => current thread )
  0x00000000172b4000 JavaThread "pool-1-thread-2" [_thread_in_Java, id=17740, stack(0x0000000017de0000,0x0000000017ee0000)]
  0x00000000171b2800 JavaThread "pool-2-thread-1" [_thread_blocked, id=18520, stack(0x0000000017ce0000,0x0000000017de0000)]
  0x0000000017074000 JavaThread "Service Thread" daemon [_thread_blocked, id=17472, stack(0x00000000179e0000,0x0000000017ae0000)]
  0x0000000017068000 JavaThread "C1 CompilerThread3" daemon [_thread_blocked, id=12484, stack(0x00000000178e0000,0x00000000179e0000)]
  0x000000001702a800 JavaThread "C2 CompilerThread2" daemon [_thread_in_native, id=10228, stack(0x00000000177e0000,0x00000000178e0000)]
=>0x0000000017007000 JavaThread "C2 CompilerThread1" daemon [_thread_in_native, id=13924, stack(0x00000000176e0000,0x00000000177e0000)]
  0x0000000017004000 JavaThread "C2 CompilerThread0" daemon [_thread_blocked, id=4900, stack(0x00000000175e0000,0x00000000176e0000)]
  0x0000000017002800 JavaThread "Attach Listener" daemon [_thread_blocked, id=14928, stack(0x00000000174e0000,0x00000000175e0000)]
  0x0000000017001800 JavaThread "Signal Dispatcher" daemon [_thread_blocked, id=4432, stack(0x00000000173e0000,0x00000000174e0000)]
  0x00000000024c2000 JavaThread "Finalizer" daemon [_thread_blocked, id=12920, stack(0x0000000016ee0000,0x0000000016fe0000)]
  0x00000000024c1000 JavaThread "Reference Handler" daemon [_thread_blocked, id=2020, stack(0x0000000016de0000,0x0000000016ee0000)]
  0x00000000023d1000 JavaThread "main" [_thread_blocked, id=7808, stack(0x0000000002290000,0x0000000002390000)]

Other Threads:
  0x0000000014fe8800 VMThread [stack: 0x0000000016ce0000,0x0000000016de0000] [id=16640]
  0x0000000017074800 WatcherThread [stack: 0x0000000017ae0000,0x0000000017be0000] [id=13592]

VM state:not at safepoint (normal execution)

VM Mutex/Monitor currently owned by a thread: None

Heap:
 PSYoungGen      total 76288K, used 23598K [0x00000000eab00000, 0x00000000f0000000, 0x0000000100000000)
  eden space 65536K, 36% used [0x00000000eab00000,0x00000000ec20bb68,0x00000000eeb00000)
  from space 10752K, 0% used [0x00000000ef580000,0x00000000ef580000,0x00000000f0000000)
  to   space 10752K, 0% used [0x00000000eeb00000,0x00000000eeb00000,0x00000000ef580000)
 ParOldGen       total 175104K, used 0K [0x00000000c0000000, 0x00000000cab00000, 0x00000000eab00000)
  object space 175104K, 0% used [0x00000000c0000000,0x00000000c0000000,0x00000000cab00000)
 Metaspace       used 5790K, capacity 6832K, committed 7040K, reserved 1056768K
  class space    used 588K, capacity 616K, committed 640K, reserved 1048576K

Card table byte_map: [0x0000000011890000,0x0000000011aa0000] byte_map_base: 0x0000000011290000

Marking Bits: (ParMarkBitMap*) 0x0000000069b6d4f0
 Begin Bits: [0x0000000012400000, 0x0000000013400000)
 End Bits:   [0x0000000013400000, 0x0000000014400000)

Polling page: 0x00000000021d0000

CodeCache: size=245760Kb used=3984Kb max_used=3993Kb free=241775Kb
 bounds [0x00000000024d0000, 0x00000000028c0000, 0x00000000114d0000]
 total_blobs=1292 nmethods=1028 adapters=178
 compilation: enabled

Compilation events (10 events):
Event: 2.261 Thread 0x0000000017068000 nmethod 1017 0x0000000002895d10 code [0x0000000002895e60, 0x0000000002895f70]
Event: 2.261 Thread 0x0000000017068000 1026       3       com.android.dx.ssa.SsaMethod$2::visitPhiInsn (6 bytes)
Event: 2.261 Thread 0x0000000017007000 1027       4       com.android.dx.ssa.SsaBasicBlock::forEachInsn (37 bytes)
Event: 2.261 Thread 0x0000000017068000 nmethod 1026 0x00000000028b4cd0 code [0x00000000028b4e40, 0x00000000028b4fc8]
Event: 2.261 Thread 0x0000000017068000 1028       3       com.android.dx.ssa.SsaMethod$1::visitPhiInsn (17 bytes)
Event: 2.261 Thread 0x000000001702a800 1029       4       com.android.dx.ssa.NormalSsaInsn::accept (25 bytes)
Event: 2.261 Thread 0x0000000017068000 nmethod 1028 0x00000000028b5050 code [0x00000000028b51c0, 0x00000000028b55b0]
Event: 2.262 Thread 0x0000000017004000 nmethod 1022 0x00000000028b8650 code [0x00000000028b87c0, 0x00000000028b8a78]
Event: 2.262 Thread 0x0000000017068000 1030       3       com.android.dx.ssa.DeadCodeRemover$NoSideEffectVisitor::visitPhiInsn (22 bytes)
Event: 2.263 Thread 0x0000000017068000 nmethod 1030 0x00000000028b7a90 code [0x00000000028b7c40, 0x00000000028b8388]

GC Heap History (0 events):
No events

Deoptimization events (5 events):
Event: 2.260 Thread 0x00000000172b4000 Uncommon trap: reason=class_check action=maybe_recompile pc=0x0000000002854094 method=com.android.dx.ssa.NormalSsaInsn.accept(Lcom/android/dx/ssa/SsaInsn$Visitor;)V @ 9
Event: 2.260 Thread 0x00000000172b4000 Uncommon trap: reason=class_check action=maybe_recompile pc=0x0000000002854094 method=com.android.dx.ssa.NormalSsaInsn.accept(Lcom/android/dx/ssa/SsaInsn$Visitor;)V @ 9
Event: 2.261 Thread 0x00000000172b4000 Uncommon trap: reason=class_check action=maybe_recompile pc=0x0000000002854094 method=com.android.dx.ssa.NormalSsaInsn.accept(Lcom/android/dx/ssa/SsaInsn$Visitor;)V @ 9
Event: 2.261 Thread 0x00000000172b4000 Uncommon trap: reason=class_check action=maybe_recompile pc=0x0000000002854094 method=com.android.dx.ssa.NormalSsaInsn.accept(Lcom/android/dx/ssa/SsaInsn$Visitor;)V @ 9
Event: 2.261 Thread 0x00000000172b4000 Uncommon trap: reason=class_check action=maybe_recompile pc=0x00000000027222b0 method=com.android.dx.ssa.NormalSsaInsn.accept(Lcom/android/dx/ssa/SsaInsn$Visitor;)V @ 9

Internal exceptions (10 events):
Event: 1.463 Thread 0x00000000171ad800 Exception <a 'java/security/PrivilegedActionException'> (0x00000000eb4be1a0) thrown at [C:\workspace\8-2-build-windows-amd64-cygwin\jdk8u31\2394\hotspot\src\share\vm\prims\jvm.cpp, line 1312]
Event: 1.469 Thread 0x00000000171ad800 Exception <a 'java/security/PrivilegedActionException'> (0x00000000eb4c0d78) thrown at [C:\workspace\8-2-build-windows-amd64-cygwin\jdk8u31\2394\hotspot\src\share\vm\prims\jvm.cpp, line 1312]
Event: 1.469 Thread 0x00000000171ad800 Exception <a 'java/security/PrivilegedActionException'> (0x00000000eb4c3e18) thrown at [C:\workspace\8-2-build-windows-amd64-cygwin\jdk8u31\2394\hotspot\src\share\vm\prims\jvm.cpp, line 1312]
Event: 1.470 Thread 0x00000000171ad800 Exception <a 'java/security/PrivilegedActionException'> (0x00000000eb4cce38) thrown at [C:\workspace\8-2-build-windows-amd64-cygwin\jdk8u31\2394\hotspot\src\share\vm\prims\jvm.cpp, line 1312]
Event: 1.471 Thread 0x00000000171ad800 Exception <a 'java/security/PrivilegedActionException'> (0x00000000eb4d1180) thrown at [C:\workspace\8-2-build-windows-amd64-cygwin\jdk8u31\2394\hotspot\src\share\vm\prims\jvm.cpp, line 1312]
Event: 1.474 Thread 0x00000000172bb800 Exception <a 'java/security/PrivilegedActionException'> (0x00000000eb636120) thrown at [C:\workspace\8-2-build-windows-amd64-cygwin\jdk8u31\2394\hotspot\src\share\vm\prims\jvm.cpp, line 1312]
Event: 1.506 Thread 0x00000000172bb800 Exception <a 'java/security/PrivilegedActionException'> (0x00000000eb673c80) thrown at [C:\workspace\8-2-build-windows-amd64-cygwin\jdk8u31\2394\hotspot\src\share\vm\prims\jvm.cpp, line 1312]
Event: 1.523 Thread 0x00000000172bb800 Exception <a 'java/security/PrivilegedActionException'> (0x00000000eb69b9d8) thrown at [C:\workspace\8-2-build-windows-amd64-cygwin\jdk8u31\2394\hotspot\src\share\vm\prims\jvm.cpp, line 1312]
Event: 1.528 Thread 0x00000000171ad800 Exception <a 'java/security/PrivilegedActionException'> (0x00000000eb5357f8) thrown at [C:\workspace\8-2-build-windows-amd64-cygwin\jdk8u31\2394\hotspot\src\share\vm\prims\jvm.cpp, line 1312]
Event: 1.903 Thread 0x00000000172b6800 Exception <a 'java/security/PrivilegedActionException'> (0x00000000eba5e3a8) thrown at [C:\workspace\8-2-build-windows-amd64-cygwin\jdk8u31\2394\hotspot\src\share\vm\prims\jvm.cpp, line 1312]

Events (10 events):
Event: 2.260 Thread 0x00000000172b4000 DEOPT UNPACKING pc=0x000000000251556a sp=0x0000000017edea20 mode 2
Event: 2.261 Thread 0x00000000172b4000 Uncommon trap: trap_request=0xffffffde fr.pc=0x0000000002854094
Event: 2.261 Thread 0x00000000172b4000 DEOPT PACKING pc=0x0000000002854094 sp=0x0000000017ede780
Event: 2.261 Thread 0x00000000172b4000 DEOPT UNPACKING pc=0x000000000251556a sp=0x0000000017ede730 mode 2
Event: 2.261 Thread 0x00000000172b4000 Uncommon trap: trap_request=0xffffffde fr.pc=0x0000000002854094
Event: 2.261 Thread 0x00000000172b4000 DEOPT PACKING pc=0x0000000002854094 sp=0x0000000017ede780
Event: 2.261 Thread 0x00000000172b4000 DEOPT UNPACKING pc=0x000000000251556a sp=0x0000000017ede730 mode 2
Event: 2.261 Thread 0x00000000172b4000 Uncommon trap: trap_request=0xffffffde fr.pc=0x00000000027222b0
Event: 2.261 Thread 0x00000000172b4000 DEOPT PACKING pc=0x00000000027222b0 sp=0x0000000017ede720
Event: 2.261 Thread 0x00000000172b4000 DEOPT UNPACKING pc=0x000000000251556a sp=0x0000000017ede6c0 mode 2


Dynamic libraries:
0x00007ff7bf600000 - 0x00007ff7bf634000 	C:\Program Files\Java\jdk1.8.0_31\bin\java.exe
0x00007ffe5e4d0000 - 0x00007ffe5e67d000 	C:\Windows\SYSTEM32\ntdll.dll
0x00007ffe5bb50000 - 0x00007ffe5bc8e000 	C:\Windows\system32\KERNEL32.DLL
0x00007ffe5b740000 - 0x00007ffe5b855000 	C:\Windows\system32\KERNELBASE.dll
0x00007ffe5a1a0000 - 0x00007ffe5a22e000 	C:\Windows\system32\apphelp.dll
0x00007ffe4c450000 - 0x00007ffe4c4a3000 	C:\Windows\AppPatch\AppPatch64\AcGenral.DLL
0x00007ffe5c3e0000 - 0x00007ffe5c48a000 	C:\Windows\system32\msvcrt.dll
0x00007ffe5b4c0000 - 0x00007ffe5b4ee000 	C:\Windows\SYSTEM32\SspiCli.dll
0x00007ffe5c380000 - 0x00007ffe5c3d4000 	C:\Windows\system32\SHLWAPI.dll
0x00007ffe5e1b0000 - 0x00007ffe5e327000 	C:\Windows\system32\USER32.dll
0x00007ffe5c720000 - 0x00007ffe5c8b4000 	C:\Windows\system32\ole32.dll
0x00007ffe5c8c0000 - 0x00007ffe5ddea000 	C:\Windows\system32\SHELL32.dll
0x00007ffe5ac40000 - 0x00007ffe5ac61000 	C:\Windows\SYSTEM32\USERENV.dll
0x00007ffe5e420000 - 0x00007ffe5e4ca000 	C:\Windows\system32\ADVAPI32.dll
0x00007ffe50e80000 - 0x00007ffe50e9e000 	C:\Windows\SYSTEM32\MPR.dll
0x00007ffe5bc90000 - 0x00007ffe5bdd1000 	C:\Windows\system32\RPCRT4.dll
0x00007ffe5c490000 - 0x00007ffe5c4e9000 	C:\Windows\SYSTEM32\sechost.dll
0x00007ffe5c4f0000 - 0x00007ffe5c701000 	C:\Windows\SYSTEM32\combase.dll
0x00007ffe5c0f0000 - 0x00007ffe5c240000 	C:\Windows\system32\GDI32.dll
0x00007ffe5b620000 - 0x00007ffe5b635000 	C:\Windows\SYSTEM32\profapi.dll
0x00007ffe5a0b0000 - 0x00007ffe5a162000 	C:\Windows\SYSTEM32\SHCORE.dll
0x00007ffe5ddf0000 - 0x00007ffe5de26000 	C:\Windows\system32\IMM32.DLL
0x00007ffe5bf90000 - 0x00007ffe5c0e2000 	C:\Windows\system32\MSCTF.dll
0x00007ffe596f0000 - 0x00007ffe5996b000 	C:\Windows\WinSxS\amd64_microsoft.windows.common-controls_6595b64144ccf1df_6.0.9600.18006_none_623f33d3ecbe86e8\COMCTL32.dll
0x000000006abd0000 - 0x000000006aca2000 	C:\Program Files\Java\jdk1.8.0_31\jre\bin\msvcr100.dll
0x0000000069390000 - 0x0000000069bea000 	C:\Program Files\Java\jdk1.8.0_31\jre\bin\server\jvm.dll
0x00007ffe445c0000 - 0x00007ffe445c9000 	C:\Windows\SYSTEM32\WSOCK32.dll
0x00007ffe591f0000 - 0x00007ffe59212000 	C:\Windows\SYSTEM32\WINMM.dll
0x00007ffe5e1a0000 - 0x00007ffe5e1a7000 	C:\Windows\system32\PSAPI.DLL
0x00007ffe5c250000 - 0x00007ffe5c2aa000 	C:\Windows\system32\WS2_32.dll
0x00007ffe59100000 - 0x00007ffe5912a000 	C:\Windows\SYSTEM32\WINMMBASE.dll
0x00007ffe5c370000 - 0x00007ffe5c379000 	C:\Windows\system32\NSI.dll
0x00007ffe5b6f0000 - 0x00007ffe5b73f000 	C:\Windows\SYSTEM32\cfgmgr32.dll
0x00007ffe5a410000 - 0x00007ffe5a438000 	C:\Windows\SYSTEM32\DEVOBJ.dll
0x000000006b080000 - 0x000000006b08f000 	C:\Program Files\Java\jdk1.8.0_31\jre\bin\verify.dll
0x000000006b050000 - 0x000000006b078000 	C:\Program Files\Java\jdk1.8.0_31\jre\bin\java.dll
0x000000006b030000 - 0x000000006b046000 	C:\Program Files\Java\jdk1.8.0_31\jre\bin\zip.dll

VM Arguments:
jvm_args: -Djava.awt.headless=true -Xmx1024M -Dfile.encoding=windows-1252 -Duser.country=FR -Duser.language=fr -Duser.variant 
java_command: com.android.dx.command.Main --dex --num-threads=4 --output D:\AndroidStudioProjects\App2\app\build\intermediates\pre-dexed\release\com.felipecsl-gifimageview-2.0.0_ad93e9550cf347875076765420f86ecaf4d12789.jar D:\AndroidStudioProjects\App2\app\build\intermediates\exploded-aar\com.felipecsl\gifimageview\2.0.0\jars\classes.jar
java_class_path (initial): D:\Android_SDK\build-tools\23.0.3\lib\dx.jar
Launcher Type: SUN_STANDARD

Environment Variables:
JAVA_HOME=C:\Program Files\Java\jdk1.8.0_31
PATH=C:\ProgramData\Oracle\Java\javapath;c:\Rtools\bin;c:\Rtools\gcc-4.6.3\bin;C:\Program Files (x86)\NVIDIA Corporation\PhysX\Common;C:\Program Files (x86)\Intel\iCLS Client\;C:\Program Files\Intel\iCLS Client\;C:\Windows\system32;C:\Windows;C:\Windows\System32\Wbem;C:\Windows\System32\WindowsPowerShell\v1.0\;C:\Program Files\Intel\Intel(R) Management Engine Components\DAL;C:\Program Files\Intel\Intel(R) Management Engine Components\IPT;C:\Program Files (x86)\Intel\Intel(R) Management Engine Components\DAL;C:\Program Files (x86)\Intel\Intel(R) Management Engine Components\IPT;C:\Program Files (x86)\QuickTime\QTSystem\;C:\Program Files\Java\jdk1.8.0_20\jre\bin\server;C:\Python34\;C:\Python34\Scripts;C:\Python34\Lib\site-packages\django\bin\;C:\Program Files\Java\jdk1.8.0_31\bin;C:\Program Files (x86)\Skype\Phone\
USERNAME=Jacques
OS=Windows_NT
PROCESSOR_IDENTIFIER=Intel64 Family 6 Model 60 Stepping 3, GenuineIntel



---------------  S Y S T E M  ---------------

OS: Windows 8.1 , 64 bit Build 9600 

CPU:total 8 (4 cores per cpu, 2 threads per core) family 6 model 60 stepping 3, cmov, cx8, fxsr, mmx, sse, sse2, sse3, ssse3, sse4.1, sse4.2, popcnt, avx, avx2, aes, clmul, erms, lzcnt, ht, tsc, tscinvbit, bmi1, bmi2

Memory: 4k page, physical 16657364k(3871396k free), swap 19803092k(5196k free)

vm_info: Java HotSpot(TM) 64-Bit Server VM (25.31-b07) for windows-amd64 JRE (1.8.0_31-b13), built on Dec 17 2014 21:00:28 by "java_re" with MS VC++ 10.0 (VS2010)

time: Wed Apr 27 01:46:36 2016
elapsed time: 2 seconds (0d 0h 0m 2s)

