#
# There is insufficient memory for the Java Runtime Environment to continue.
# Native memory allocation (malloc) failed to allocate 32744 bytes for ChunkPool::allocate
# Possible reasons:
#   The system is out of physical RAM or swap space
#   In 32 bit mode, the process size limit was hit
# Possible solutions:
#   Reduce memory load on the system
#   Increase physical memory or swap space
#   Check if swap backing store is full
#   Use 64 bit Java on a 64 bit OS
#   Decrease Java heap size (-Xmx/-Xms)
#   Decrease number of Java threads
#   Decrease Java thread stack sizes (-Xss)
#   Set larger code cache with -XX:ReservedCodeCacheSize=
# This output file may be truncated or incomplete.
#
#  Out of Memory Error (allocation.cpp:273), pid=19188, tid=13236
#
# JRE version: Java(TM) SE Runtime Environment (8.0_31-b13) (build 1.8.0_31-b13)
# Java VM: Java HotSpot(TM) 64-Bit Server VM (25.31-b07 mixed mode windows-amd64 compressed oops)
# Failed to write core dump. Minidumps are not enabled by default on client versions of Windows
#

---------------  T H R E A D  ---------------

Current thread (0x0000000016f30000):  JavaThread "C1 CompilerThread3" daemon [_thread_in_native, id=13236, stack(0x00000000177b0000,0x00000000178b0000)]

Stack: [0x00000000177b0000,0x00000000178b0000]
Native frames: (J=compiled Java code, j=interpreted, Vv=VM code, C=native code)
V  [jvm.dll+0x3169ba]


Current CompileTask:
C1:   1218  586   !   3       com.android.dx.cf.code.BytecodeArray::parseInstruction (2764 bytes)


---------------  P R O C E S S  ---------------

Java Threads: ( => current thread )
  0x0000000017174000 JavaThread "pool-1-thread-4" [_thread_in_vm, id=20616, stack(0x0000000017eb0000,0x0000000017fb0000)]
  0x0000000017168800 JavaThread "pool-1-thread-2" [_thread_in_vm, id=12596, stack(0x0000000017cb0000,0x0000000017db0000)]
  0x0000000017081000 JavaThread "pool-2-thread-1" [_thread_blocked, id=20036, stack(0x0000000017bb0000,0x0000000017cb0000)]
  0x0000000017080000 JavaThread "pool-1-thread-1" [_thread_in_Java, id=9204, stack(0x0000000017ab0000,0x0000000017bb0000)]
  0x0000000016f39800 JavaThread "Service Thread" daemon [_thread_blocked, id=20612, stack(0x00000000178b0000,0x00000000179b0000)]
=>0x0000000016f30000 JavaThread "C1 CompilerThread3" daemon [_thread_in_native, id=13236, stack(0x00000000177b0000,0x00000000178b0000)]
  0x0000000016f2d000 JavaThread "C2 CompilerThread2" daemon [_thread_blocked, id=12632, stack(0x00000000176b0000,0x00000000177b0000)]
  0x0000000016f2b800 JavaThread "C2 CompilerThread1" daemon [_thread_blocked, id=14924, stack(0x00000000175b0000,0x00000000176b0000)]
  0x0000000016ed6000 JavaThread "C2 CompilerThread0" daemon [_thread_blocked, id=21068, stack(0x00000000174b0000,0x00000000175b0000)]
  0x0000000016ed4800 JavaThread "Attach Listener" daemon [_thread_blocked, id=10096, stack(0x00000000173b0000,0x00000000174b0000)]
  0x0000000016ed3800 JavaThread "Signal Dispatcher" daemon [_thread_blocked, id=16884, stack(0x00000000172b0000,0x00000000173b0000)]
  0x00000000023b7800 JavaThread "Finalizer" daemon [_thread_blocked, id=21220, stack(0x0000000016db0000,0x0000000016eb0000)]
  0x00000000023b1000 JavaThread "Reference Handler" daemon [_thread_blocked, id=21480, stack(0x0000000016cb0000,0x0000000016db0000)]
  0x00000000022c1000 JavaThread "main" [_thread_blocked, id=17964, stack(0x0000000002120000,0x0000000002220000)]

Other Threads:
  0x0000000014ed8800 VMThread [stack: 0x0000000016bb0000,0x0000000016cb0000] [id=16660]
  0x0000000016f3e800 WatcherThread [stack: 0x00000000179b0000,0x0000000017ab0000] [id=20708]

VM state:not at safepoint (normal execution)

VM Mutex/Monitor currently owned by a thread: None

Heap:
 PSYoungGen      total 76288K, used 15989K [0x00000000eab00000, 0x00000000f0000000, 0x0000000100000000)
  eden space 65536K, 24% used [0x00000000eab00000,0x00000000eba9d788,0x00000000eeb00000)
  from space 10752K, 0% used [0x00000000ef580000,0x00000000ef580000,0x00000000f0000000)
  to   space 10752K, 0% used [0x00000000eeb00000,0x00000000eeb00000,0x00000000ef580000)
 ParOldGen       total 175104K, used 0K [0x00000000c0000000, 0x00000000cab00000, 0x00000000eab00000)
  object space 175104K, 0% used [0x00000000c0000000,0x00000000c0000000,0x00000000cab00000)
 Metaspace       used 5472K, capacity 6512K, committed 6784K, reserved 1056768K
  class space    used 587K, capacity 616K, committed 640K, reserved 1048576K

Card table byte_map: [0x0000000011780000,0x0000000011990000] byte_map_base: 0x0000000011180000

Marking Bits: (ParMarkBitMap*) 0x0000000052aad4f0
 Begin Bits: [0x00000000122f0000, 0x00000000132f0000)
 End Bits:   [0x00000000132f0000, 0x00000000142f0000)

Polling page: 0x0000000000910000

CodeCache: size=245760Kb used=2230Kb max_used=2241Kb free=243529Kb
 bounds [0x00000000023c0000, 0x0000000002630000, 0x00000000113c0000]
 total_blobs=849 nmethods=585 adapters=178
 compilation: enabled

Compilation events (10 events):
Event: 1.214 Thread 0x0000000016f30000 nmethod 585 0x00000000025e5310 code [0x00000000025e5460, 0x00000000025e55b0]
Event: 1.214 Thread 0x0000000016f30000  586   !   3       com.android.dx.cf.code.BytecodeArray::parseInstruction (2764 bytes)
Event: 1.215 Thread 0x0000000016f2b800  600       4       com.android.dx.util.MutabilityControl::<init> (10 bytes)
Event: 1.215 Thread 0x0000000016f2b800 nmethod 600 0x00000000025d6a50 code [0x00000000025d6b80, 0x00000000025d6bd8]
Event: 1.215 Thread 0x0000000016ed6000  602       4       java.util.ArrayList::ensureExplicitCapacity (26 bytes)
Event: 1.216 Thread 0x0000000016f2d000  603       4       java.util.AbstractList::<init> (10 bytes)
Event: 1.216 Thread 0x0000000016f2d000 nmethod 603 0x00000000025e5110 code [0x00000000025e5240, 0x00000000025e5298]
Event: 1.216 Thread 0x0000000016f2b800  604       4       com.android.dx.rop.code.BasicBlockList::get (9 bytes)
Event: 1.217 Thread 0x0000000016f2d000  605       4       java.util.BitSet::set (58 bytes)
Event: 1.217 Thread 0x0000000016f2b800 nmethod 604 0x00000000025e4d90 code [0x00000000025e4ee0, 0x00000000025e4fb8]

GC Heap History (0 events):
No events

Deoptimization events (0 events):
No events

Internal exceptions (10 events):
Event: 1.164 Thread 0x0000000017080000 Exception <a 'java/security/PrivilegedActionException'> (0x00000000eb86d990) thrown at [C:\workspace\8-2-build-windows-amd64-cygwin\jdk8u31\2394\hotspot\src\share\vm\prims\jvm.cpp, line 1312]
Event: 1.165 Thread 0x000000001716d800 Exception <a 'java/security/PrivilegedActionException'> (0x00000000eb58cb70) thrown at [C:\workspace\8-2-build-windows-amd64-cygwin\jdk8u31\2394\hotspot\src\share\vm\prims\jvm.cpp, line 1312]
Event: 1.168 Thread 0x0000000017168800 Exception <a 'java/security/PrivilegedActionException'> (0x00000000eb505c28) thrown at [C:\workspace\8-2-build-windows-amd64-cygwin\jdk8u31\2394\hotspot\src\share\vm\prims\jvm.cpp, line 1312]
Event: 1.169 Thread 0x0000000017168800 Exception <a 'java/security/PrivilegedActionException'> (0x00000000eb50bc28) thrown at [C:\workspace\8-2-build-windows-amd64-cygwin\jdk8u31\2394\hotspot\src\share\vm\prims\jvm.cpp, line 1312]
Event: 1.169 Thread 0x0000000017168800 Exception <a 'java/security/PrivilegedActionException'> (0x00000000eb5102d0) thrown at [C:\workspace\8-2-build-windows-amd64-cygwin\jdk8u31\2394\hotspot\src\share\vm\prims\jvm.cpp, line 1312]
Event: 1.171 Thread 0x0000000017174000 Exception <a 'java/security/PrivilegedActionException'> (0x00000000eb7421d8) thrown at [C:\workspace\8-2-build-windows-amd64-cygwin\jdk8u31\2394\hotspot\src\share\vm\prims\jvm.cpp, line 1312]
Event: 1.183 Thread 0x0000000017174000 Exception <a 'java/security/PrivilegedActionException'> (0x00000000eb76c6a0) thrown at [C:\workspace\8-2-build-windows-amd64-cygwin\jdk8u31\2394\hotspot\src\share\vm\prims\jvm.cpp, line 1312]
Event: 1.185 Thread 0x0000000017080000 Exception <a 'java/security/PrivilegedActionException'> (0x00000000eb8a6d38) thrown at [C:\workspace\8-2-build-windows-amd64-cygwin\jdk8u31\2394\hotspot\src\share\vm\prims\jvm.cpp, line 1312]
Event: 1.197 Thread 0x0000000017174000 Exception <a 'java/security/PrivilegedActionException'> (0x00000000eb7a9e08) thrown at [C:\workspace\8-2-build-windows-amd64-cygwin\jdk8u31\2394\hotspot\src\share\vm\prims\jvm.cpp, line 1312]
Event: 1.208 Thread 0x0000000017174000 Exception <a 'java/security/PrivilegedActionException'> (0x00000000eb9594f8) thrown at [C:\workspace\8-2-build-windows-amd64-cygwin\jdk8u31\2394\hotspot\src\share\vm\prims\jvm.cpp, line 1312]

Events (10 events):
Event: 1.184 loading class com/android/dx/cf/code/Ropper$ExceptionHandlerSetup done
Event: 1.186 loading class java/util/HashMap$Values
Event: 1.187 loading class java/util/HashMap$Values done
Event: 1.187 loading class java/util/HashMap$ValueIterator
Event: 1.187 loading class java/util/HashMap$ValueIterator done
Event: 1.197 loading class com/android/dx/ssa/back/FirstFitLocalCombiningAllocator$Multiset
Event: 1.197 loading class com/android/dx/ssa/back/FirstFitLocalCombiningAllocator$Multiset done
Event: 1.208 loading class com/android/dx/cf/code/SwitchList
Event: 1.208 loading class com/android/dx/cf/code/SwitchList done
Event: 1.217 Thread 0x000000001716d800 Thread exited: 0x000000001716d800


Dynamic libraries:
0x00007ff755c00000 - 0x00007ff755c34000 	C:\Program Files\Java\jdk1.8.0_31\bin\java.exe
0x00007ff891150000 - 0x00007ff8912fd000 	C:\Windows\SYSTEM32\ntdll.dll
0x00007ff8904e0000 - 0x00007ff89061e000 	C:\Windows\system32\KERNEL32.DLL
0x00007ff88e370000 - 0x00007ff88e485000 	C:\Windows\system32\KERNELBASE.dll
0x00007ff88ce20000 - 0x00007ff88ceae000 	C:\Windows\system32\apphelp.dll
0x00007ff8852e0000 - 0x00007ff885333000 	C:\Windows\AppPatch\AppPatch64\AcGenral.DLL
0x00007ff88e7d0000 - 0x00007ff88e87a000 	C:\Windows\system32\msvcrt.dll
0x00007ff88e140000 - 0x00007ff88e16e000 	C:\Windows\SYSTEM32\SspiCli.dll
0x00007ff890d20000 - 0x00007ff890d74000 	C:\Windows\system32\SHLWAPI.dll
0x00007ff8907f0000 - 0x00007ff890967000 	C:\Windows\system32\USER32.dll
0x00007ff88fdf0000 - 0x00007ff88ff84000 	C:\Windows\system32\ole32.dll
0x00007ff88e8c0000 - 0x00007ff88fdea000 	C:\Windows\system32\SHELL32.dll
0x00007ff88d8c0000 - 0x00007ff88d8e1000 	C:\Windows\SYSTEM32\USERENV.dll
0x00007ff8909d0000 - 0x00007ff890a7a000 	C:\Windows\system32\ADVAPI32.dll
0x00007ff881830000 - 0x00007ff88184e000 	C:\Windows\SYSTEM32\MPR.dll
0x00007ff890640000 - 0x00007ff890781000 	C:\Windows\system32\RPCRT4.dll
0x00007ff890110000 - 0x00007ff890169000 	C:\Windows\SYSTEM32\sechost.dll
0x00007ff8902c0000 - 0x00007ff8904d1000 	C:\Windows\SYSTEM32\combase.dll
0x00007ff890170000 - 0x00007ff8902c0000 	C:\Windows\system32\GDI32.dll
0x00007ff88e2a0000 - 0x00007ff88e2b5000 	C:\Windows\SYSTEM32\profapi.dll
0x00007ff88cb00000 - 0x00007ff88cbb2000 	C:\Windows\SYSTEM32\SHCORE.dll
0x00007ff88e880000 - 0x00007ff88e8b6000 	C:\Windows\system32\IMM32.DLL
0x00007ff88ff90000 - 0x00007ff8900e2000 	C:\Windows\system32\MSCTF.dll
0x00007ff88c370000 - 0x00007ff88c5eb000 	C:\Windows\WinSxS\amd64_microsoft.windows.common-controls_6595b64144ccf1df_6.0.9600.18006_none_623f33d3ecbe86e8\COMCTL32.dll
0x0000000053770000 - 0x0000000053842000 	C:\Program Files\Java\jdk1.8.0_31\jre\bin\msvcr100.dll
0x00000000522d0000 - 0x0000000052b2a000 	C:\Program Files\Java\jdk1.8.0_31\jre\bin\server\jvm.dll
0x00007ff88a750000 - 0x00007ff88a759000 	C:\Windows\SYSTEM32\WSOCK32.dll
0x00007ff88be70000 - 0x00007ff88be92000 	C:\Windows\SYSTEM32\WINMM.dll
0x00007ff8910d0000 - 0x00007ff8910d7000 	C:\Windows\system32\PSAPI.DLL
0x00007ff890790000 - 0x00007ff8907ea000 	C:\Windows\system32\WS2_32.dll
0x00007ff88bdf0000 - 0x00007ff88be1a000 	C:\Windows\SYSTEM32\WINMMBASE.dll
0x00007ff8900f0000 - 0x00007ff8900f9000 	C:\Windows\system32\NSI.dll
0x00007ff88e4f0000 - 0x00007ff88e53f000 	C:\Windows\SYSTEM32\cfgmgr32.dll
0x00007ff88d090000 - 0x00007ff88d0b8000 	C:\Windows\SYSTEM32\DEVOBJ.dll
0x0000000054710000 - 0x000000005471f000 	C:\Program Files\Java\jdk1.8.0_31\jre\bin\verify.dll
0x00000000546e0000 - 0x0000000054708000 	C:\Program Files\Java\jdk1.8.0_31\jre\bin\java.dll
0x00000000546c0000 - 0x00000000546d6000 	C:\Program Files\Java\jdk1.8.0_31\jre\bin\zip.dll

VM Arguments:
jvm_args: -Djava.awt.headless=true -Xmx1024M -Dfile.encoding=windows-1252 -Duser.country=FR -Duser.language=fr -Duser.variant 
java_command: com.android.dx.command.Main --dex --num-threads=4 --output D:\AndroidStudioProjects\App2\app\build\intermediates\pre-dexed\release\com.felipecsl-gifimageview-2.0.0_ad93e9550cf347875076765420f86ecaf4d12789.jar D:\AndroidStudioProjects\App2\app\build\intermediates\exploded-aar\com.felipecsl\gifimageview\2.0.0\jars\classes.jar
java_class_path (initial): D:\Android_SDK\build-tools\23.0.3\lib\dx.jar
Launcher Type: SUN_STANDARD

Environment Variables:
JAVA_HOME=C:\Program Files\Java\jdk1.8.0_31
PATH=C:\ProgramData\Oracle\Java\javapath;c:\Rtools\bin;c:\Rtools\gcc-4.6.3\bin;C:\Program Files (x86)\NVIDIA Corporation\PhysX\Common;C:\Program Files (x86)\Intel\iCLS Client\;C:\Program Files\Intel\iCLS Client\;C:\Windows\system32;C:\Windows;C:\Windows\System32\Wbem;C:\Windows\System32\WindowsPowerShell\v1.0\;C:\Program Files\Intel\Intel(R) Management Engine Components\DAL;C:\Program Files\Intel\Intel(R) Management Engine Components\IPT;C:\Program Files (x86)\Intel\Intel(R) Management Engine Components\DAL;C:\Program Files (x86)\Intel\Intel(R) Management Engine Components\IPT;C:\Program Files (x86)\QuickTime\QTSystem\;C:\Program Files\Java\jdk1.8.0_20\jre\bin\server;C:\Python34\;C:\Python34\Scripts;C:\Python34\Lib\site-packages\django\bin\;C:\Program Files\Java\jdk1.8.0_31\bin;C:\Program Files (x86)\Skype\Phone\
USERNAME=Jacques
OS=Windows_NT
PROCESSOR_IDENTIFIER=Intel64 Family 6 Model 60 Stepping 3, GenuineIntel



---------------  S Y S T E M  ---------------

OS: Windows 8.1 , 64 bit Build 9600 

CPU:total 8 (4 cores per cpu, 2 threads per core) family 6 model 60 stepping 3, cmov, cx8, fxsr, mmx, sse, sse2, sse3, ssse3, sse4.1, sse4.2, popcnt, avx, avx2, aes, clmul, erms, lzcnt, ht, tsc, tscinvbit, bmi1, bmi2

Memory: 4k page, physical 16657364k(3537712k free), swap 19803092k(5100k free)

vm_info: Java HotSpot(TM) 64-Bit Server VM (25.31-b07) for windows-amd64 JRE (1.8.0_31-b13), built on Dec 17 2014 21:00:28 by "java_re" with MS VC++ 10.0 (VS2010)

time: Tue Mar 29 19:07:25 2016
elapsed time: 1 seconds (0d 0h 0m 1s)

